Using pre-set license
Built from '2021.3/staging' branch; Version is '2021.3.11f1 (0a5ca18544bf) revision 679073'; Using compiler version '192829333'; Build Type 'Release'
OS: 'Windows 10  (10.0.19045) 64bit Professional' Language: 'ko' Physical Memory: 32716 MB
BatchMode: 1, IsHumanControllingUs: 0, StartBugReporterOnCrash: 0, Is64bit: 1, IsPro: 1

COMMAND LINE ARGUMENTS:
C:\Program Files\2021.3.11f1\Editor\Unity.exe
-adb2
-batchMode
-noUpm
-name
AssetImportWorker8
-projectPath
C:/Users/ABC/Documents/GitHub/GameProgramming/GamePrograming
-logFile
Logs/AssetImportWorker8.log
-srvPort
63657
Successfully changed project path to: C:/Users/ABC/Documents/GitHub/GameProgramming/GamePrograming
C:/Users/ABC/Documents/GitHub/GameProgramming/GamePrograming
[UnityMemory] Configuration Parameters - Can be set up in boot.config
    "memorysetup-bucket-allocator-granularity=16"
    "memorysetup-bucket-allocator-bucket-count=8"
    "memorysetup-bucket-allocator-block-size=33554432"
    "memorysetup-bucket-allocator-block-count=8"
    "memorysetup-main-allocator-block-size=16777216"
    "memorysetup-thread-allocator-block-size=16777216"
    "memorysetup-gfx-main-allocator-block-size=16777216"
    "memorysetup-gfx-thread-allocator-block-size=16777216"
    "memorysetup-cache-allocator-block-size=4194304"
    "memorysetup-typetree-allocator-block-size=2097152"
    "memorysetup-profiler-bucket-allocator-granularity=16"
    "memorysetup-profiler-bucket-allocator-bucket-count=8"
    "memorysetup-profiler-bucket-allocator-block-size=33554432"
    "memorysetup-profiler-bucket-allocator-block-count=8"
    "memorysetup-profiler-allocator-block-size=16777216"
    "memorysetup-profiler-editor-allocator-block-size=1048576"
    "memorysetup-temp-allocator-size-main=16777216"
    "memorysetup-job-temp-allocator-block-size=2097152"
    "memorysetup-job-temp-allocator-block-size-background=1048576"
    "memorysetup-job-temp-allocator-reduction-small-platforms=262144"
    "memorysetup-temp-allocator-size-background-worker=32768"
    "memorysetup-temp-allocator-size-job-worker=262144"
    "memorysetup-temp-allocator-size-preload-manager=33554432"
    "memorysetup-temp-allocator-size-nav-mesh-worker=65536"
    "memorysetup-temp-allocator-size-audio-worker=65536"
    "memorysetup-temp-allocator-size-cloud-worker=32768"
    "memorysetup-temp-allocator-size-gi-baking-worker=262144"
    "memorysetup-temp-allocator-size-gfx=262144"
Refreshing native plugins compatible for Editor in 173.25 ms, found 4 plugins.
Preloading 0 native plugins for Editor in 0.00 ms.
Initialize engine version: 2021.3.11f1 (0a5ca18544bf)
[Subsystems] Discovering subsystems at path C:/Program Files/2021.3.11f1/Editor/Data/Resources/UnitySubsystems
[Subsystems] Discovering subsystems at path C:/Users/ABC/Documents/GitHub/GameProgramming/GamePrograming/Assets
GfxDevice: creating device client; threaded=0; jobified=0
Direct3D:
    Version:  Direct3D 11.0 [level 11.1]
    Renderer: NVIDIA GeForce RTX 3060 (ID=0x2504)
    Vendor:   NVIDIA
    VRAM:     12129 MB
    Driver:   31.0.15.3713
Initialize mono
Mono path[0] = 'C:/Program Files/2021.3.11f1/Editor/Data/Managed'
Mono path[1] = 'C:/Program Files/2021.3.11f1/Editor/Data/MonoBleedingEdge/lib/mono/unityjit-win32'
Mono config path = 'C:/Program Files/2021.3.11f1/Editor/Data/MonoBleedingEdge/etc'
Using monoOptions --debugger-agent=transport=dt_socket,embedding=1,server=y,suspend=n,address=127.0.0.1:56272
Begin MonoManager ReloadAssembly
Registering precompiled unity dll's ...
Register platform support module: C:/Program Files/2021.3.11f1/Editor/Data/PlaybackEngines/AndroidPlayer/UnityEditor.Android.Extensions.dll
Register platform support module: C:/Program Files/2021.3.11f1/Editor/Data/PlaybackEngines/WindowsStandaloneSupport/UnityEditor.WindowsStandalone.Extensions.dll
Registered in 0.008256 seconds.
Native extension for WindowsStandalone target not found
Native extension for Android target not found
Refreshing native plugins compatible for Editor in 140.06 ms, found 4 plugins.
Preloading 0 native plugins for Editor in 0.00 ms.
Mono: successfully reloaded assembly
- Completed reload, in  0.774 seconds
Domain Reload Profiling:
	ReloadAssembly (775ms)
		BeginReloadAssembly (82ms)
			ExecutionOrderSort (0ms)
			DisableScriptedObjects (0ms)
			BackupInstance (0ms)
			ReleaseScriptingObjects (0ms)
			CreateAndSetChildDomain (1ms)
		EndReloadAssembly (565ms)
			LoadAssemblies (79ms)
			RebuildTransferFunctionScriptingTraits (0ms)
			SetupTypeCache (121ms)
			ReleaseScriptCaches (0ms)
			RebuildScriptCaches (28ms)
			SetupLoadedEditorAssemblies (355ms)
				LogAssemblyErrors (0ms)
				InitializePlatformSupportModulesInManaged (48ms)
				SetLoadedEditorAssemblies (0ms)
				RefreshPlugins (140ms)
				BeforeProcessingInitializeOnLoad (1ms)
				ProcessInitializeOnLoadAttributes (116ms)
				ProcessInitializeOnLoadMethodAttributes (48ms)
				AfterProcessingInitializeOnLoad (0ms)
				EditorAssembliesLoaded (0ms)
			ExecutionOrderSort2 (0ms)
			AwakeInstancesAfterBackupRestoration (0ms)
Platform modules already initialized, skipping
Registering precompiled user dll's ...
Registered in 0.011914 seconds.
Begin MonoManager ReloadAssembly
Symbol file LoadedFromMemory doesn't match image C:\Users\ABC\Documents\GitHub\GameProgramming\GamePrograming\Library\PackageCache\com.unity.visualscripting@1.7.8\Editor\VisualScripting.Core\Dependencies\YamlDotNet\Unity.VisualScripting.YamlDotNet.dll
Symbol file LoadedFromMemory doesn't match image C:\Users\ABC\Documents\GitHub\GameProgramming\GamePrograming\Library\PackageCache\com.unity.visualscripting@1.7.8\Editor\VisualScripting.Core\Dependencies\DotNetZip\Unity.VisualScripting.IonicZip.dll
Native extension for WindowsStandalone target not found
Native extension for Android target not found
Refreshing native plugins compatible for Editor in 144.95 ms, found 4 plugins.
Preloading 0 native plugins for Editor in 0.00 ms.
Mono: successfully reloaded assembly
- Completed reload, in  1.645 seconds
Domain Reload Profiling:
	ReloadAssembly (1646ms)
		BeginReloadAssembly (129ms)
			ExecutionOrderSort (0ms)
			DisableScriptedObjects (6ms)
			BackupInstance (0ms)
			ReleaseScriptingObjects (0ms)
			CreateAndSetChildDomain (23ms)
		EndReloadAssembly (1373ms)
			LoadAssemblies (115ms)
			RebuildTransferFunctionScriptingTraits (0ms)
			SetupTypeCache (336ms)
			ReleaseScriptCaches (1ms)
			RebuildScriptCaches (77ms)
			SetupLoadedEditorAssemblies (793ms)
				LogAssemblyErrors (0ms)
				InitializePlatformSupportModulesInManaged (15ms)
				SetLoadedEditorAssemblies (0ms)
				RefreshPlugins (145ms)
				BeforeProcessingInitializeOnLoad (148ms)
				ProcessInitializeOnLoadAttributes (378ms)
				ProcessInitializeOnLoadMethodAttributes (95ms)
				AfterProcessingInitializeOnLoad (12ms)
				EditorAssembliesLoaded (0ms)
			ExecutionOrderSort2 (0ms)
			AwakeInstancesAfterBackupRestoration (8ms)
Platform modules already initialized, skipping
========================================================================
Worker process is ready to serve import requests
Launched and connected shader compiler UnityShaderCompiler.exe after 0.07 seconds
Refreshing native plugins compatible for Editor in 1.94 ms, found 4 plugins.
Preloading 0 native plugins for Editor in 0.00 ms.
Unloading 6242 Unused Serialized files (Serialized files now loaded: 0)
Unloading 61 unused Assets / (2.0 MB). Loaded Objects now: 6694.
Memory consumption went from 263.6 MB to 261.6 MB.
Total: 6.475200 ms (FindLiveObjects: 0.558700 ms CreateObjectMapping: 0.159500 ms MarkObjects: 5.137200 ms  DeleteObjects: 0.618700 ms)

AssetImportParameters requested are different than current active one (requested -> active):
  custom:video-decoder-ogg-theora: a1e56fd34408186e4bbccfd4996cb3dc -> 
  custom:container-muxer-webm: aa71ff27fc2769a1b78a27578f13a17b -> 
  custom:container-demuxer-webm: 4f35f7cbe854078d1ac9338744f61a02 -> 
  custom:video-encoder-webm-vp8: eb34c28f22e8b96e1ab97ce403110664 -> 
  custom:audio-encoder-webm-vorbis: bf7c407c2cedff20999df2af8eb42d56 -> 
  custom:framework-win-MediaFoundation: 216162199b28c13a410421893ffa2e32 -> 
  custom:container-demuxer-ogg: 62fdf1f143b41e24485cea50d1cbac27 -> 
  custom:video-decoder-webm-vp8: 9c59270c3fd7afecdb556c50c9e8de78 -> 
  custom:audio-decoder-ogg-vorbis: bf7c407c2cedff20999df2af8eb42d56 -> 
========================================================================
Received Import Request.
  Time since last request: 904084.478466 seconds.
  path: Assets/UnityChanSSU_URP-release-1.0.2/UnityChanSSU_URP-release-1.0.2/Assets/UnityChanSSU/Models/UnitychanSSU/Materials/Textures/Back
  artifactKey: Guid(d98f8ad78b8632343b319aca1db51c49) Importer(815301076,1909f56bfc062723c751e8b465ee728b)
Start importing Assets/UnityChanSSU_URP-release-1.0.2/UnityChanSSU_URP-release-1.0.2/Assets/UnityChanSSU/Models/UnitychanSSU/Materials/Textures/Back using Guid(d98f8ad78b8632343b319aca1db51c49) Importer(815301076,1909f56bfc062723c751e8b465ee728b)  -> (artifact id: '3aa31dc80f0126ab483c09c3d1f638c2') in 0.020582 seconds 
========================================================================
Received Import Request.
  Time since last request: 0.038558 seconds.
  path: Assets/UnityChanSSU_URP-release-1.0.2/UnityChanSSU_URP-release-1.0.2/Assets/UnityChanSSU/Models/UnitychanSSU/Materials/Textures/Back/Hoodie_Sunshine.png
  artifactKey: Guid(ea99e25da400bf640befd4b861541223) Importer(815301076,1909f56bfc062723c751e8b465ee728b)
Start importing Assets/UnityChanSSU_URP-release-1.0.2/UnityChanSSU_URP-release-1.0.2/Assets/UnityChanSSU/Models/UnitychanSSU/Materials/Textures/Back/Hoodie_Sunshine.png using Guid(ea99e25da400bf640befd4b861541223) Importer(815301076,1909f56bfc062723c751e8b465ee728b)  -> (artifact id: '41c8031e7f8c0fff54e0f6d7f0f60820') in 0.129932 seconds 
========================================================================
Received Import Request.
  Time since last request: 54.945516 seconds.
  path: Assets/UnityChanSSU_URP-release-1.0.2/UnityChanSSU_URP-release-1.0.2/Assets/UnityChanSSU/Models/UnitychanSSU/Materials/Textures/UCSSU_Body_1st.psd
  artifactKey: Guid(e244b48c9e1d8ed47945c5440dc46316) Importer(815301076,1909f56bfc062723c751e8b465ee728b)
Start importing Assets/UnityChanSSU_URP-release-1.0.2/UnityChanSSU_URP-release-1.0.2/Assets/UnityChanSSU/Models/UnitychanSSU/Materials/Textures/UCSSU_Body_1st.psd using Guid(e244b48c9e1d8ed47945c5440dc46316) Importer(815301076,1909f56bfc062723c751e8b465ee728b)  -> (artifact id: '8c95a39e439f1c0dce1583c37c783802') in 0.040579 seconds 
========================================================================
Received Import Request.
  Time since last request: 7.213361 seconds.
  path: Assets/UnityChanSSU_URP-release-1.0.2/UnityChanSSU_URP-release-1.0.2/Assets/UnityChanSSU/Models/UnitychanSSU/Materials/Textures/UCSSU_Body_1st.psd
  artifactKey: Guid(e244b48c9e1d8ed47945c5440dc46316) Importer(815301076,1909f56bfc062723c751e8b465ee728b)
Start importing Assets/UnityChanSSU_URP-release-1.0.2/UnityChanSSU_URP-release-1.0.2/Assets/UnityChanSSU/Models/UnitychanSSU/Materials/Textures/UCSSU_Body_1st.psd using Guid(e244b48c9e1d8ed47945c5440dc46316) Importer(815301076,1909f56bfc062723c751e8b465ee728b)  -> (artifact id: 'c9ab727c0457fc5837594dcad308aeb1') in 0.370027 seconds 
========================================================================
Received Import Request.
  Time since last request: 43.610150 seconds.
  path: Assets/UnityChanSSU_URP-release-1.0.2/UnityChanSSU_URP-release-1.0.2/Assets/UnityChanSSU/Models/UnitychanSSU/Materials/Textures/UCSSU_Body_1st.psd
  artifactKey: Guid(e244b48c9e1d8ed47945c5440dc46316) Importer(815301076,1909f56bfc062723c751e8b465ee728b)
Start importing Assets/UnityChanSSU_URP-release-1.0.2/UnityChanSSU_URP-release-1.0.2/Assets/UnityChanSSU/Models/UnitychanSSU/Materials/Textures/UCSSU_Body_1st.psd using Guid(e244b48c9e1d8ed47945c5440dc46316) Importer(815301076,1909f56bfc062723c751e8b465ee728b)  -> (artifact id: 'b86a673d2b59c2732038765a54e29eab') in 0.082220 seconds 
========================================================================
Received Import Request.
  Time since last request: 28.001715 seconds.
  path: Assets/UnityChanSSU_URP-release-1.0.2/UnityChanSSU_URP-release-1.0.2/Assets/UnityChanSSU/Models/UnitychanSSU/Materials/Textures/New Material.mat
  artifactKey: Guid(6ef4d6e74186e764d8c7f117757b26d9) Importer(815301076,1909f56bfc062723c751e8b465ee728b)
Start importing Assets/UnityChanSSU_URP-release-1.0.2/UnityChanSSU_URP-release-1.0.2/Assets/UnityChanSSU/Models/UnitychanSSU/Materials/Textures/New Material.mat using Guid(6ef4d6e74186e764d8c7f117757b26d9) Importer(815301076,1909f56bfc062723c751e8b465ee728b)  -> (artifact id: '60ed16642d0069d6300e50048c1c98a9') in 0.208402 seconds 
========================================================================
Received Import Request.
  Time since last request: 8.463625 seconds.
  path: Assets/UnityChanSSU_URP-release-1.0.2/UnityChanSSU_URP-release-1.0.2/Assets/UnityChanSSU/Models/UnitychanSSU/Materials/UCSSU_Boots.mat
  artifactKey: Guid(fc5a459ce5606e74b9b424776df2581b) Importer(815301076,1909f56bfc062723c751e8b465ee728b)
Start importing Assets/UnityChanSSU_URP-release-1.0.2/UnityChanSSU_URP-release-1.0.2/Assets/UnityChanSSU/Models/UnitychanSSU/Materials/UCSSU_Boots.mat using Guid(fc5a459ce5606e74b9b424776df2581b) Importer(815301076,1909f56bfc062723c751e8b465ee728b)  -> (artifact id: 'f8bad535d8039a2d44c525c2aa146db9') in 0.019729 seconds 
========================================================================
Received Import Request.
  Time since last request: 0.000604 seconds.
  path: Assets/UnityChanSSU_URP-release-1.0.2/UnityChanSSU_URP-release-1.0.2/Assets/UnityChanSSU/Models/UnitychanSSU/Materials/UCSSU_Hair.mat
  artifactKey: Guid(8e952b47645d4c74287692c0c69b68a0) Importer(815301076,1909f56bfc062723c751e8b465ee728b)
Start importing Assets/UnityChanSSU_URP-release-1.0.2/UnityChanSSU_URP-release-1.0.2/Assets/UnityChanSSU/Models/UnitychanSSU/Materials/UCSSU_Hair.mat using Guid(8e952b47645d4c74287692c0c69b68a0) Importer(815301076,1909f56bfc062723c751e8b465ee728b)  -> (artifact id: '1312ce7a4c57bb509100fb5386f35892') in 0.033597 seconds 
========================================================================
Received Import Request.
  Time since last request: 0.000033 seconds.
  path: Assets/UnityChanSSU_URP-release-1.0.2/UnityChanSSU_URP-release-1.0.2/Assets/UnityChanSSU/Models/UnitychanSSU/Materials/UCSSU_Shirt.mat
  artifactKey: Guid(50fbd669bbbd7484199db8db6f1fbb08) Importer(815301076,1909f56bfc062723c751e8b465ee728b)
Start importing Assets/UnityChanSSU_URP-release-1.0.2/UnityChanSSU_URP-release-1.0.2/Assets/UnityChanSSU/Models/UnitychanSSU/Materials/UCSSU_Shirt.mat using Guid(50fbd669bbbd7484199db8db6f1fbb08) Importer(815301076,1909f56bfc062723c751e8b465ee728b)  -> (artifact id: '2546ecd397ecf86f7a22ec9ae0d886d6') in 0.048219 seconds 
========================================================================
Received Import Request.
  Time since last request: 0.000038 seconds.
  path: Assets/UnityChanSSU_URP-release-1.0.2/UnityChanSSU_URP-release-1.0.2/Assets/UnityChanSSU/Models/UnitychanSSU/Materials/UCSSU_Headphone.mat
  artifactKey: Guid(32127a2f7510cbc4f8c2653933a05754) Importer(815301076,1909f56bfc062723c751e8b465ee728b)
Start importing Assets/UnityChanSSU_URP-release-1.0.2/UnityChanSSU_URP-release-1.0.2/Assets/UnityChanSSU/Models/UnitychanSSU/Materials/UCSSU_Headphone.mat using Guid(32127a2f7510cbc4f8c2653933a05754) Importer(815301076,1909f56bfc062723c751e8b465ee728b)  -> (artifact id: '3445df3c785ea7d8419e42d72014cc82') in 0.020291 seconds 
========================================================================
Received Import Request.
  Time since last request: 0.000046 seconds.
  path: Assets/UnityChanSSU_URP-release-1.0.2/UnityChanSSU_URP-release-1.0.2/Assets/UnityChanSSU/Models/UnitychanSSU/Materials/UCSSU_Hoodie.mat
  artifactKey: Guid(0a925968bfad1ff48a5574ee0ce419d4) Importer(815301076,1909f56bfc062723c751e8b465ee728b)
Start importing Assets/UnityChanSSU_URP-release-1.0.2/UnityChanSSU_URP-release-1.0.2/Assets/UnityChanSSU/Models/UnitychanSSU/Materials/UCSSU_Hoodie.mat using Guid(0a925968bfad1ff48a5574ee0ce419d4) Importer(815301076,1909f56bfc062723c751e8b465ee728b)  -> (artifact id: '5a4cec2ffb5d19ef24ad9c9cbc0a1b30') in 0.038791 seconds 
========================================================================
Received Import Request.
  Time since last request: 0.000045 seconds.
  path: Assets/UnityChanSSU_URP-release-1.0.2/UnityChanSSU_URP-release-1.0.2/Assets/UnityChanSSU/Models/UnitychanSSU/Materials/UCSSU_HoodieZipper.mat
  artifactKey: Guid(b7d8bc69ba5f5be4b854238a3c13c926) Importer(815301076,1909f56bfc062723c751e8b465ee728b)
Start importing Assets/UnityChanSSU_URP-release-1.0.2/UnityChanSSU_URP-release-1.0.2/Assets/UnityChanSSU/Models/UnitychanSSU/Materials/UCSSU_HoodieZipper.mat using Guid(b7d8bc69ba5f5be4b854238a3c13c926) Importer(815301076,1909f56bfc062723c751e8b465ee728b)  -> (artifact id: 'a73f0ea530c148ef2a8f76363380f7cc') in 0.025183 seconds 
========================================================================
Received Import Request.
  Time since last request: 0.000051 seconds.
  path: Assets/UnityChanSSU_URP-release-1.0.2/UnityChanSSU_URP-release-1.0.2/Assets/UnityChanSSU/Models/UnitychanSSU/Materials/UCSSU_ShirtLED.mat
  artifactKey: Guid(2953be7879720ca42bc80c40805a219b) Importer(815301076,1909f56bfc062723c751e8b465ee728b)
Start importing Assets/UnityChanSSU_URP-release-1.0.2/UnityChanSSU_URP-release-1.0.2/Assets/UnityChanSSU/Models/UnitychanSSU/Materials/UCSSU_ShirtLED.mat using Guid(2953be7879720ca42bc80c40805a219b) Importer(815301076,1909f56bfc062723c751e8b465ee728b)  -> (artifact id: '41c4d8227f5d1ab56806c81c5aa1f2cc') in 0.056230 seconds 
========================================================================
Received Import Request.
  Time since last request: 0.000043 seconds.
  path: Assets/UnityChanSSU_URP-release-1.0.2/UnityChanSSU_URP-release-1.0.2/Assets/UnityChanSSU/Models/UnitychanSSU/Materials/UCSSU_Head.mat
  artifactKey: Guid(a1de1bc82e8d003449925a8f6fc924c9) Importer(815301076,1909f56bfc062723c751e8b465ee728b)
Start importing Assets/UnityChanSSU_URP-release-1.0.2/UnityChanSSU_URP-release-1.0.2/Assets/UnityChanSSU/Models/UnitychanSSU/Materials/UCSSU_Head.mat using Guid(a1de1bc82e8d003449925a8f6fc924c9) Importer(815301076,1909f56bfc062723c751e8b465ee728b)  -> (artifact id: '4dce7d40f64a743e71854447173708db') in 0.024229 seconds 
========================================================================
Received Import Request.
  Time since last request: 0.000037 seconds.
  path: Assets/UnityChanSSU_URP-release-1.0.2/UnityChanSSU_URP-release-1.0.2/Assets/UnityChanSSU/Models/UnitychanSSU/Materials/UCSSU_Skin.mat
  artifactKey: Guid(74423abec11dc5b42b55a4bb47b5cc84) Importer(815301076,1909f56bfc062723c751e8b465ee728b)
Start importing Assets/UnityChanSSU_URP-release-1.0.2/UnityChanSSU_URP-release-1.0.2/Assets/UnityChanSSU/Models/UnitychanSSU/Materials/UCSSU_Skin.mat using Guid(74423abec11dc5b42b55a4bb47b5cc84) Importer(815301076,1909f56bfc062723c751e8b465ee728b)  -> (artifact id: '3f346813f39643b8be0ba6c426c92049') in 0.021135 seconds 
========================================================================
Received Import Request.
  Time since last request: 31.009352 seconds.
  path: Assets/UnityChanSSU_URP-release-1.0.2/UnityChanSSU_URP-release-1.0.2/Assets/UnityChanSSU/Models/UnitychanSSU/UnityChanSSU.fbx
  artifactKey: Guid(f2c836f3e5c029140a0cc913d7df766a) Importer(815301076,1909f56bfc062723c751e8b465ee728b)
Start importing Assets/UnityChanSSU_URP-release-1.0.2/UnityChanSSU_URP-release-1.0.2/Assets/UnityChanSSU/Models/UnitychanSSU/UnityChanSSU.fbx using Guid(f2c836f3e5c029140a0cc913d7df766a) Importer(815301076,1909f56bfc062723c751e8b465ee728b)  -> (artifact id: '1f241c8635af75ac140fdac1ce0d32f0') in 0.303390 seconds 
========================================================================
Received Import Request.
  Time since last request: 179.481091 seconds.
  path: Packages/com.unity.inputsystem/InputSystem/Editor/AssetEditor/Resources/pro/actionTreeBackground.png
  artifactKey: Guid(c4b66e31395c54087a2fbc13ae7e0f3c) Importer(815301076,1909f56bfc062723c751e8b465ee728b)
Start importing Packages/com.unity.inputsystem/InputSystem/Editor/AssetEditor/Resources/pro/actionTreeBackground.png using Guid(c4b66e31395c54087a2fbc13ae7e0f3c) Importer(815301076,1909f56bfc062723c751e8b465ee728b)  -> (artifact id: 'b46df0f727d45e940fb44006b3516276') in 0.025816 seconds 
========================================================================
Received Import Request.
  Time since last request: 0.000031 seconds.
  path: Packages/com.unity.inputsystem/InputSystem/Editor/Icons/Add Binding.png
  artifactKey: Guid(958a10dec4f3a4764bb345b0aa03510b) Importer(815301076,1909f56bfc062723c751e8b465ee728b)
Start importing Packages/com.unity.inputsystem/InputSystem/Editor/Icons/Add Binding.png using Guid(958a10dec4f3a4764bb345b0aa03510b) Importer(815301076,1909f56bfc062723c751e8b465ee728b)  -> (artifact id: '408743eed11729f367bdac2c8b04233b') in 0.025036 seconds 
========================================================================
Received Import Request.
  Time since last request: 0.000045 seconds.
  path: Packages/com.unity.inputsystem/InputSystem/Editor/Icons/ChevronUp.png
  artifactKey: Guid(a9fe7c3d19af4432b9ae2a5172f4ea72) Importer(815301076,1909f56bfc062723c751e8b465ee728b)
Start importing Packages/com.unity.inputsystem/InputSystem/Editor/Icons/ChevronUp.png using Guid(a9fe7c3d19af4432b9ae2a5172f4ea72) Importer(815301076,1909f56bfc062723c751e8b465ee728b)  -> (artifact id: '71133d760418b4d84e6307b62954f62c') in 0.026568 seconds 
========================================================================
Received Import Request.
  Time since last request: 0.000036 seconds.
  path: Packages/com.unity.inputsystem/InputSystem/Editor/Icons/Button@4x.png
  artifactKey: Guid(aa356632480554016ab8f4200032981b) Importer(815301076,1909f56bfc062723c751e8b465ee728b)
Start importing Packages/com.unity.inputsystem/InputSystem/Editor/Icons/Button@4x.png using Guid(aa356632480554016ab8f4200032981b) Importer(815301076,1909f56bfc062723c751e8b465ee728b)  -> (artifact id: '590b9a48cadf87c806a7c2dab3f43b9c') in 0.033130 seconds 
========================================================================
Received Import Request.
  Time since last request: 0.000049 seconds.
  path: Packages/com.unity.inputsystem/InputSystem/Editor/Icons/Button@2x.png
  artifactKey: Guid(1c37f00575bd6494ea726be5afee89b9) Importer(815301076,1909f56bfc062723c751e8b465ee728b)
Start importing Packages/com.unity.inputsystem/InputSystem/Editor/Icons/Button@2x.png using Guid(1c37f00575bd6494ea726be5afee89b9) Importer(815301076,1909f56bfc062723c751e8b465ee728b)  -> (artifact id: '89b728235ac0c731050f4d22a7e83477') in 0.025591 seconds 
========================================================================
Received Import Request.
  Time since last request: 0.000034 seconds.
  path: Packages/com.unity.inputsystem/InputSystem/Editor/Icons/Add Binding@2x.png
  artifactKey: Guid(bb5fa99d6e9434c9ebf101c956021ee1) Importer(815301076,1909f56bfc062723c751e8b465ee728b)
Start importing Packages/com.unity.inputsystem/InputSystem/Editor/Icons/Add Binding@2x.png using Guid(bb5fa99d6e9434c9ebf101c956021ee1) Importer(815301076,1909f56bfc062723c751e8b465ee728b)  -> (artifact id: 'e9dfa9bc856517b4d0e0a3e805a61322') in 0.024332 seconds 
========================================================================
Received Import Request.
  Time since last request: 0.000035 seconds.
  path: Packages/com.unity.inputsystem/InputSystem/Editor/Icons/Axis@3x.png
  artifactKey: Guid(2e27a82b5cc4e4ef98cbef2d0b324aed) Importer(815301076,1909f56bfc062723c751e8b465ee728b)
Start importing Packages/com.unity.inputsystem/InputSystem/Editor/Icons/Axis@3x.png using Guid(2e27a82b5cc4e4ef98cbef2d0b324aed) Importer(815301076,1909f56bfc062723c751e8b465ee728b)  -> (artifact id: 'ac5ea4a5a04a74ff4be3e19a1064f608') in 0.024332 seconds 
========================================================================
Received Import Request.
  Time since last request: 0.000029 seconds.
  path: Packages/com.unity.inputsystem/InputSystem/Editor/Icons/ChevronDown@2x.png
  artifactKey: Guid(153c8e15f7f6c452ca50f6795813ed39) Importer(815301076,1909f56bfc062723c751e8b465ee728b)
Start importing Packages/com.unity.inputsystem/InputSystem/Editor/Icons/ChevronDown@2x.png using Guid(153c8e15f7f6c452ca50f6795813ed39) Importer(815301076,1909f56bfc062723c751e8b465ee728b)  -> (artifact id: 'cedf70f88468ba9dcbb7de1516cfe8d3') in 0.024267 seconds 
========================================================================
Received Import Request.
  Time since last request: 0.000031 seconds.
  path: Packages/com.unity.inputsystem/InputSystem/Editor/Icons/ChevronUp@2x.png
  artifactKey: Guid(57dfdce0eaf2f48a9bd9e60e920e446b) Importer(815301076,1909f56bfc062723c751e8b465ee728b)
Start importing Packages/com.unity.inputsystem/InputSystem/Editor/Icons/ChevronUp@2x.png using Guid(57dfdce0eaf2f48a9bd9e60e920e446b) Importer(815301076,1909f56bfc062723c751e8b465ee728b)  -> (artifact id: 'ee5ebde4c84a9c2be537eac1d5a359c8') in 0.034130 seconds 
========================================================================
Received Import Request.
  Time since last request: 0.000027 seconds.
  path: Packages/com.unity.inputsystem/InputSystem/Editor/AssetEditor/Resources/blue.png
  artifactKey: Guid(33f32142c2c2d4662be5f5274db27158) Importer(815301076,1909f56bfc062723c751e8b465ee728b)
Start importing Packages/com.unity.inputsystem/InputSystem/Editor/AssetEditor/Resources/blue.png using Guid(33f32142c2c2d4662be5f5274db27158) Importer(815301076,1909f56bfc062723c751e8b465ee728b)  -> (artifact id: 'af55d488b5b3d080eca9ccde7ec70f47') in 0.028090 seconds 
========================================================================
Received Import Request.
  Time since last request: 0.000035 seconds.
  path: Assets/RPG Monster DUO PBR Polyart/Textures/Albedo.png
  artifactKey: Guid(a291ce082c5d42babcf8db35db1a5efe) Importer(815301076,1909f56bfc062723c751e8b465ee728b)
Start importing Assets/RPG Monster DUO PBR Polyart/Textures/Albedo.png using Guid(a291ce082c5d42babcf8db35db1a5efe) Importer(815301076,1909f56bfc062723c751e8b465ee728b)  -> (artifact id: '6a69003fd47c5410cde48cb4a2400e36') in 0.021472 seconds 
========================================================================
Received Import Request.
  Time since last request: 0.000044 seconds.
  path: Packages/com.unity.inputsystem/InputSystem/Editor/AssetEditor/Resources/personal/actionTreeBackgroundWithoutBorder.png
  artifactKey: Guid(cf632ed80bf1f46c980de6b1b8b903ef) Importer(815301076,1909f56bfc062723c751e8b465ee728b)
Start importing Packages/com.unity.inputsystem/InputSystem/Editor/AssetEditor/Resources/personal/actionTreeBackgroundWithoutBorder.png using Guid(cf632ed80bf1f46c980de6b1b8b903ef) Importer(815301076,1909f56bfc062723c751e8b465ee728b)  -> (artifact id: '2cbcb9936aa623e7530b59965a8e1091') in 0.036337 seconds 
========================================================================
Received Import Request.
  Time since last request: 0.000034 seconds.
  path: Packages/com.unity.inputsystem/InputSystem/Editor/Icons/Axis@4x.png
  artifactKey: Guid(a940917cc397643afb071010cb2143d9) Importer(815301076,1909f56bfc062723c751e8b465ee728b)
Start importing Packages/com.unity.inputsystem/InputSystem/Editor/Icons/Axis@4x.png using Guid(a940917cc397643afb071010cb2143d9) Importer(815301076,1909f56bfc062723c751e8b465ee728b)  -> (artifact id: 'b07364817c4913065b163de042fa8b02') in 0.025024 seconds 
========================================================================
Received Import Request.
  Time since last request: 0.000032 seconds.
  path: Packages/com.unity.inputsystem/InputSystem/Editor/Icons/Axis@2x.png
  artifactKey: Guid(d0006d51a864248adba0238883f8c71e) Importer(815301076,1909f56bfc062723c751e8b465ee728b)
Start importing Packages/com.unity.inputsystem/InputSystem/Editor/Icons/Axis@2x.png using Guid(d0006d51a864248adba0238883f8c71e) Importer(815301076,1909f56bfc062723c751e8b465ee728b)  -> (artifact id: 'cbd3b502eaac564eee19f3574b63caba') in 0.024230 seconds 
========================================================================
Received Import Request.
  Time since last request: 0.000033 seconds.
  path: Packages/com.unity.inputsystem/InputSystem/Editor/Icons/ChevronDown@4x.png
  artifactKey: Guid(d1acbe0a708dc40dc80254764e67ecfa) Importer(815301076,1909f56bfc062723c751e8b465ee728b)
Start importing Packages/com.unity.inputsystem/InputSystem/Editor/Icons/ChevronDown@4x.png using Guid(d1acbe0a708dc40dc80254764e67ecfa) Importer(815301076,1909f56bfc062723c751e8b465ee728b)  -> (artifact id: 'b693bbcb590c797711d1d8d11476d91b') in 0.032835 seconds 
Editor requested this worker to shutdown with reason: Scaling down because of idle timeout
AssetImportWorker is now disconnected from the server
Process exiting
Exiting without the bug reporter. Application will terminate with return code 0