Using pre-set license
Built from '2021.3/staging' branch; Version is '2021.3.11f1 (0a5ca18544bf) revision 679073'; Using compiler version '192829333'; Build Type 'Release'
OS: 'Windows 10  (10.0.19045) 64bit Professional' Language: 'ko' Physical Memory: 32716 MB
BatchMode: 1, IsHumanControllingUs: 0, StartBugReporterOnCrash: 0, Is64bit: 1, IsPro: 1

COMMAND LINE ARGUMENTS:
C:\Program Files\2021.3.11f1\Editor\Unity.exe
-adb2
-batchMode
-noUpm
-name
AssetImportWorker4
-projectPath
C:/Users/ABC/Documents/GitHub/GameProgramming/GamePrograming
-logFile
Logs/AssetImportWorker4.log
-srvPort
62912
Successfully changed project path to: C:/Users/ABC/Documents/GitHub/GameProgramming/GamePrograming
C:/Users/ABC/Documents/GitHub/GameProgramming/GamePrograming
[UnityMemory] Configuration Parameters - Can be set up in boot.config
    "memorysetup-bucket-allocator-granularity=16"
    "memorysetup-bucket-allocator-bucket-count=8"
    "memorysetup-bucket-allocator-block-size=33554432"
    "memorysetup-bucket-allocator-block-count=8"
    "memorysetup-main-allocator-block-size=16777216"
    "memorysetup-thread-allocator-block-size=16777216"
    "memorysetup-gfx-main-allocator-block-size=16777216"
    "memorysetup-gfx-thread-allocator-block-size=16777216"
    "memorysetup-cache-allocator-block-size=4194304"
    "memorysetup-typetree-allocator-block-size=2097152"
    "memorysetup-profiler-bucket-allocator-granularity=16"
    "memorysetup-profiler-bucket-allocator-bucket-count=8"
    "memorysetup-profiler-bucket-allocator-block-size=33554432"
    "memorysetup-profiler-bucket-allocator-block-count=8"
    "memorysetup-profiler-allocator-block-size=16777216"
    "memorysetup-profiler-editor-allocator-block-size=1048576"
    "memorysetup-temp-allocator-size-main=16777216"
    "memorysetup-job-temp-allocator-block-size=2097152"
    "memorysetup-job-temp-allocator-block-size-background=1048576"
    "memorysetup-job-temp-allocator-reduction-small-platforms=262144"
    "memorysetup-temp-allocator-size-background-worker=32768"
    "memorysetup-temp-allocator-size-job-worker=262144"
    "memorysetup-temp-allocator-size-preload-manager=33554432"
    "memorysetup-temp-allocator-size-nav-mesh-worker=65536"
    "memorysetup-temp-allocator-size-audio-worker=65536"
    "memorysetup-temp-allocator-size-cloud-worker=32768"
    "memorysetup-temp-allocator-size-gi-baking-worker=262144"
    "memorysetup-temp-allocator-size-gfx=262144"
Refreshing native plugins compatible for Editor in 165.11 ms, found 4 plugins.
Preloading 0 native plugins for Editor in 0.00 ms.
Initialize engine version: 2021.3.11f1 (0a5ca18544bf)
[Subsystems] Discovering subsystems at path C:/Program Files/2021.3.11f1/Editor/Data/Resources/UnitySubsystems
[Subsystems] Discovering subsystems at path C:/Users/ABC/Documents/GitHub/GameProgramming/GamePrograming/Assets
GfxDevice: creating device client; threaded=0; jobified=0
Direct3D:
    Version:  Direct3D 11.0 [level 11.1]
    Renderer: NVIDIA GeForce RTX 3060 (ID=0x2504)
    Vendor:   NVIDIA
    VRAM:     12129 MB
    Driver:   31.0.15.3713
Initialize mono
Mono path[0] = 'C:/Program Files/2021.3.11f1/Editor/Data/Managed'
Mono path[1] = 'C:/Program Files/2021.3.11f1/Editor/Data/MonoBleedingEdge/lib/mono/unityjit-win32'
Mono config path = 'C:/Program Files/2021.3.11f1/Editor/Data/MonoBleedingEdge/etc'
Using monoOptions --debugger-agent=transport=dt_socket,embedding=1,server=y,suspend=n,address=127.0.0.1:56552
Begin MonoManager ReloadAssembly
Registering precompiled unity dll's ...
Register platform support module: C:/Program Files/2021.3.11f1/Editor/Data/PlaybackEngines/AndroidPlayer/UnityEditor.Android.Extensions.dll
Register platform support module: C:/Program Files/2021.3.11f1/Editor/Data/PlaybackEngines/WindowsStandaloneSupport/UnityEditor.WindowsStandalone.Extensions.dll
Registered in 0.008420 seconds.
Native extension for WindowsStandalone target not found
Native extension for Android target not found
Refreshing native plugins compatible for Editor in 141.10 ms, found 4 plugins.
Preloading 0 native plugins for Editor in 0.00 ms.
Mono: successfully reloaded assembly
- Completed reload, in  0.766 seconds
Domain Reload Profiling:
	ReloadAssembly (767ms)
		BeginReloadAssembly (84ms)
			ExecutionOrderSort (0ms)
			DisableScriptedObjects (0ms)
			BackupInstance (0ms)
			ReleaseScriptingObjects (0ms)
			CreateAndSetChildDomain (1ms)
		EndReloadAssembly (553ms)
			LoadAssemblies (81ms)
			RebuildTransferFunctionScriptingTraits (0ms)
			SetupTypeCache (117ms)
			ReleaseScriptCaches (0ms)
			RebuildScriptCaches (30ms)
			SetupLoadedEditorAssemblies (346ms)
				LogAssemblyErrors (0ms)
				InitializePlatformSupportModulesInManaged (46ms)
				SetLoadedEditorAssemblies (0ms)
				RefreshPlugins (141ms)
				BeforeProcessingInitializeOnLoad (1ms)
				ProcessInitializeOnLoadAttributes (103ms)
				ProcessInitializeOnLoadMethodAttributes (53ms)
				AfterProcessingInitializeOnLoad (0ms)
				EditorAssembliesLoaded (0ms)
			ExecutionOrderSort2 (0ms)
			AwakeInstancesAfterBackupRestoration (0ms)
Platform modules already initialized, skipping
Registering precompiled user dll's ...
Registered in 0.012929 seconds.
Begin MonoManager ReloadAssembly
Symbol file LoadedFromMemory doesn't match image C:\Users\ABC\Documents\GitHub\GameProgramming\GamePrograming\Library\PackageCache\com.unity.visualscripting@1.7.8\Editor\VisualScripting.Core\Dependencies\YamlDotNet\Unity.VisualScripting.YamlDotNet.dll
Symbol file LoadedFromMemory doesn't match image C:\Users\ABC\Documents\GitHub\GameProgramming\GamePrograming\Library\PackageCache\com.unity.visualscripting@1.7.8\Editor\VisualScripting.Core\Dependencies\DotNetZip\Unity.VisualScripting.IonicZip.dll
Native extension for WindowsStandalone target not found
Native extension for Android target not found
Refreshing native plugins compatible for Editor in 143.20 ms, found 4 plugins.
Preloading 0 native plugins for Editor in 0.00 ms.
Mono: successfully reloaded assembly
- Completed reload, in  1.612 seconds
Domain Reload Profiling:
	ReloadAssembly (1613ms)
		BeginReloadAssembly (127ms)
			ExecutionOrderSort (0ms)
			DisableScriptedObjects (6ms)
			BackupInstance (0ms)
			ReleaseScriptingObjects (0ms)
			CreateAndSetChildDomain (20ms)
		EndReloadAssembly (1346ms)
			LoadAssemblies (113ms)
			RebuildTransferFunctionScriptingTraits (0ms)
			SetupTypeCache (325ms)
			ReleaseScriptCaches (1ms)
			RebuildScriptCaches (83ms)
			SetupLoadedEditorAssemblies (774ms)
				LogAssemblyErrors (0ms)
				InitializePlatformSupportModulesInManaged (14ms)
				SetLoadedEditorAssemblies (0ms)
				RefreshPlugins (143ms)
				BeforeProcessingInitializeOnLoad (147ms)
				ProcessInitializeOnLoadAttributes (364ms)
				ProcessInitializeOnLoadMethodAttributes (91ms)
				AfterProcessingInitializeOnLoad (13ms)
				EditorAssembliesLoaded (0ms)
			ExecutionOrderSort2 (0ms)
			AwakeInstancesAfterBackupRestoration (8ms)
Platform modules already initialized, skipping
========================================================================
Worker process is ready to serve import requests
Launched and connected shader compiler UnityShaderCompiler.exe after 0.05 seconds
Refreshing native plugins compatible for Editor in 1.12 ms, found 4 plugins.
Preloading 0 native plugins for Editor in 0.00 ms.
Unloading 6294 Unused Serialized files (Serialized files now loaded: 0)
Unloading 124 unused Assets / (12.6 MB). Loaded Objects now: 6683.
Memory consumption went from 296.1 MB to 283.5 MB.
Total: 10.454900 ms (FindLiveObjects: 0.705700 ms CreateObjectMapping: 0.233300 ms MarkObjects: 3.411400 ms  DeleteObjects: 6.103200 ms)

AssetImportParameters requested are different than current active one (requested -> active):
  custom:video-decoder-ogg-theora: a1e56fd34408186e4bbccfd4996cb3dc -> 
  custom:container-muxer-webm: aa71ff27fc2769a1b78a27578f13a17b -> 
  custom:container-demuxer-webm: 4f35f7cbe854078d1ac9338744f61a02 -> 
  custom:video-encoder-webm-vp8: eb34c28f22e8b96e1ab97ce403110664 -> 
  custom:audio-encoder-webm-vorbis: bf7c407c2cedff20999df2af8eb42d56 -> 
  custom:framework-win-MediaFoundation: 216162199b28c13a410421893ffa2e32 -> 
  custom:container-demuxer-ogg: 62fdf1f143b41e24485cea50d1cbac27 -> 
  custom:video-decoder-webm-vp8: 9c59270c3fd7afecdb556c50c9e8de78 -> 
  custom:audio-decoder-ogg-vorbis: bf7c407c2cedff20999df2af8eb42d56 -> 
========================================================================
Received Import Request.
  Time since last request: 902110.089605 seconds.
  path: Assets/SD Unity-Chan Haon Custom/Models/Prop
  artifactKey: Guid(ef36a737244ba374c9868e32ef560184) Importer(815301076,1909f56bfc062723c751e8b465ee728b)
Start importing Assets/SD Unity-Chan Haon Custom/Models/Prop using Guid(ef36a737244ba374c9868e32ef560184) Importer(815301076,1909f56bfc062723c751e8b465ee728b)  -> (artifact id: '1bab13b218052e84342e7f9e2922c4ab') in 0.019707 seconds 
========================================================================
Received Import Request.
  Time since last request: 8.965726 seconds.
  path: Assets/SD Unity-Chan Haon Custom/Models/Parts/Accessory_01.fbx
  artifactKey: Guid(dc94cc429b47dd84e8a527376d6e05d1) Importer(815301076,1909f56bfc062723c751e8b465ee728b)
Start importing Assets/SD Unity-Chan Haon Custom/Models/Parts/Accessory_01.fbx using Guid(dc94cc429b47dd84e8a527376d6e05d1) Importer(815301076,1909f56bfc062723c751e8b465ee728b)  -> (artifact id: '6bb19f4024cf23cd91f5940dad7fd3d5') in 0.388914 seconds 
========================================================================
Received Import Request.
  Time since last request: 0.000036 seconds.
  path: Assets/SD Unity-Chan Haon Custom/Models/Parts/EyeLight_02_L.fbx
  artifactKey: Guid(040243e6c1a99954f8f374657c13f19d) Importer(815301076,1909f56bfc062723c751e8b465ee728b)
Start importing Assets/SD Unity-Chan Haon Custom/Models/Parts/EyeLight_02_L.fbx using Guid(040243e6c1a99954f8f374657c13f19d) Importer(815301076,1909f56bfc062723c751e8b465ee728b)  -> (artifact id: 'a26304db5b403a5f1896be93ee0e960a') in 0.080215 seconds 
========================================================================
Received Import Request.
  Time since last request: 0.000037 seconds.
  path: Assets/SD Unity-Chan Haon Custom/Models/Parts/Face_02.fbx
  artifactKey: Guid(8f615bae3b4fc944cae59f91b568747f) Importer(815301076,1909f56bfc062723c751e8b465ee728b)
Start importing Assets/SD Unity-Chan Haon Custom/Models/Parts/Face_02.fbx using Guid(8f615bae3b4fc944cae59f91b568747f) Importer(815301076,1909f56bfc062723c751e8b465ee728b)  -> (artifact id: 'a1eb05d1d614cb33b885811431dd3b73') in 0.105151 seconds 
========================================================================
Received Import Request.
  Time since last request: 0.000024 seconds.
  path: Assets/SD Unity-Chan Haon Custom/Models/Parts/Eye_01_R.fbx
  artifactKey: Guid(3c36a19694fa33d4f8972df9cab583c5) Importer(815301076,1909f56bfc062723c751e8b465ee728b)
Start importing Assets/SD Unity-Chan Haon Custom/Models/Parts/Eye_01_R.fbx using Guid(3c36a19694fa33d4f8972df9cab583c5) Importer(815301076,1909f56bfc062723c751e8b465ee728b)  -> (artifact id: 'f2c6cda1d979e312e78d84a41fc414f3') in 0.058572 seconds 
========================================================================
Received Import Request.
  Time since last request: 0.000026 seconds.
  path: Assets/SD Unity-Chan Haon Custom/Models/Parts/Costume_03.fbx
  artifactKey: Guid(e2425d323ad15a14db2323ecd7b462ac) Importer(815301076,1909f56bfc062723c751e8b465ee728b)
Start importing Assets/SD Unity-Chan Haon Custom/Models/Parts/Costume_03.fbx using Guid(e2425d323ad15a14db2323ecd7b462ac) Importer(815301076,1909f56bfc062723c751e8b465ee728b)  -> (artifact id: '69e4a9f3fac6d7e1e84f7b1559c39300') in 0.059815 seconds 
========================================================================
Received Import Request.
  Time since last request: 0.000036 seconds.
  path: Assets/SD Unity-Chan Haon Custom/Models/Parts/Hair_01_Base.fbx
  artifactKey: Guid(0001e8f856c67ce4cbd40fee65534082) Importer(815301076,1909f56bfc062723c751e8b465ee728b)
Start importing Assets/SD Unity-Chan Haon Custom/Models/Parts/Hair_01_Base.fbx using Guid(0001e8f856c67ce4cbd40fee65534082) Importer(815301076,1909f56bfc062723c751e8b465ee728b)  -> (artifact id: '7182be5422b9402a1252395b9df548ae') in 0.042679 seconds 
========================================================================
Received Import Request.
  Time since last request: 0.000045 seconds.
  path: Assets/SD Unity-Chan Haon Custom/Models/Parts/EyeLight_00_L.fbx
  artifactKey: Guid(6131178e2a1e42242b6d58f6ba6aa6d7) Importer(815301076,1909f56bfc062723c751e8b465ee728b)
Start importing Assets/SD Unity-Chan Haon Custom/Models/Parts/EyeLight_00_L.fbx using Guid(6131178e2a1e42242b6d58f6ba6aa6d7) Importer(815301076,1909f56bfc062723c751e8b465ee728b)  -> (artifact id: 'af9aad6e0ed8334135d122802de83715') in 0.027082 seconds 
========================================================================
Received Import Request.
  Time since last request: 0.000036 seconds.
  path: Assets/SD Unity-Chan Haon Custom/Models/Parts/EyeLight_01_L.fbx
  artifactKey: Guid(a5ef0863cbef51144b0d036586e669ba) Importer(815301076,1909f56bfc062723c751e8b465ee728b)
Start importing Assets/SD Unity-Chan Haon Custom/Models/Parts/EyeLight_01_L.fbx using Guid(a5ef0863cbef51144b0d036586e669ba) Importer(815301076,1909f56bfc062723c751e8b465ee728b)  -> (artifact id: '2c5647832af77188ee92fadd0879a146') in 0.028520 seconds 
========================================================================
Received Import Request.
  Time since last request: 0.000024 seconds.
  path: Assets/SD Unity-Chan Haon Custom/Models/Parts/Eye_00_L.fbx
  artifactKey: Guid(ddd8fa7b3e90f5a47ac055791c33cd33) Importer(815301076,1909f56bfc062723c751e8b465ee728b)
Start importing Assets/SD Unity-Chan Haon Custom/Models/Parts/Eye_00_L.fbx using Guid(ddd8fa7b3e90f5a47ac055791c33cd33) Importer(815301076,1909f56bfc062723c751e8b465ee728b)  -> (artifact id: 'eb3d225de43470fc863ecb8821b6aed3') in 0.044954 seconds 
========================================================================
Received Import Request.
  Time since last request: 0.000033 seconds.
  path: Assets/SD Unity-Chan Haon Custom/Models/Parts/Eye_01_L.fbx
  artifactKey: Guid(2f676b8f712ef0f40825ad6df2132f8d) Importer(815301076,1909f56bfc062723c751e8b465ee728b)
Start importing Assets/SD Unity-Chan Haon Custom/Models/Parts/Eye_01_L.fbx using Guid(2f676b8f712ef0f40825ad6df2132f8d) Importer(815301076,1909f56bfc062723c751e8b465ee728b)  -> (artifact id: '257eff6c0e53757c706b736cc414091c') in 0.042462 seconds 
========================================================================
Received Import Request.
  Time since last request: 15.538198 seconds.
  path: Assets/SD Unity-Chan Haon Custom/Animation Setting/_Humanoid And Add-Bone LS PropB.mask
  artifactKey: Guid(cb72bbf3e3c68af4dab54beaace5f8f0) Importer(815301076,1909f56bfc062723c751e8b465ee728b)
Start importing Assets/SD Unity-Chan Haon Custom/Animation Setting/_Humanoid And Add-Bone LS PropB.mask using Guid(cb72bbf3e3c68af4dab54beaace5f8f0) Importer(815301076,1909f56bfc062723c751e8b465ee728b)  -> (artifact id: '7369969bfa18c2d0a992e131ae8ceda5') in 0.014872 seconds 
Editor requested this worker to shutdown with reason: Scaling down because of idle timeout
AssetImportWorker is now disconnected from the server
Process exiting
Exiting without the bug reporter. Application will terminate with return code 0