Using pre-set license
Built from '2022.3/staging' branch; Version is '2022.3.7f1 (b16b3b16c7a0) revision 11627323'; Using compiler version '192829333'; Build Type 'Release'
OS: 'Windows 10  (10.0.19045) 64bit Professional' Language: 'ko' Physical Memory: 32716 MB
BatchMode: 1, IsHumanControllingUs: 0, StartBugReporterOnCrash: 0, Is64bit: 1, IsPro: 1

COMMAND LINE ARGUMENTS:
C:\Program Files\2022.3.7f1\Editor\Unity.exe
-adb2
-batchMode
-noUpm
-name
AssetImportWorker0
-projectPath
C:/Users/ABC/Documents/GitHub/GameProgramming/GamePrograming
-logFile
Logs/AssetImportWorker0.log
-srvPort
50809
Successfully changed project path to: C:/Users/ABC/Documents/GitHub/GameProgramming/GamePrograming
C:/Users/ABC/Documents/GitHub/GameProgramming/GamePrograming
[UnityMemory] Configuration Parameters - Can be set up in boot.config
    "memorysetup-bucket-allocator-granularity=16"
    "memorysetup-bucket-allocator-bucket-count=8"
    "memorysetup-bucket-allocator-block-size=33554432"
    "memorysetup-bucket-allocator-block-count=8"
    "memorysetup-main-allocator-block-size=16777216"
    "memorysetup-thread-allocator-block-size=16777216"
    "memorysetup-gfx-main-allocator-block-size=16777216"
    "memorysetup-gfx-thread-allocator-block-size=16777216"
    "memorysetup-cache-allocator-block-size=4194304"
    "memorysetup-typetree-allocator-block-size=2097152"
    "memorysetup-profiler-bucket-allocator-granularity=16"
    "memorysetup-profiler-bucket-allocator-bucket-count=8"
    "memorysetup-profiler-bucket-allocator-block-size=33554432"
    "memorysetup-profiler-bucket-allocator-block-count=8"
    "memorysetup-profiler-allocator-block-size=16777216"
    "memorysetup-profiler-editor-allocator-block-size=1048576"
    "memorysetup-temp-allocator-size-main=16777216"
    "memorysetup-job-temp-allocator-block-size=2097152"
    "memorysetup-job-temp-allocator-block-size-background=1048576"
    "memorysetup-job-temp-allocator-reduction-small-platforms=262144"
    "memorysetup-allocator-temp-initial-block-size-main=262144"
    "memorysetup-allocator-temp-initial-block-size-worker=262144"
    "memorysetup-temp-allocator-size-background-worker=32768"
    "memorysetup-temp-allocator-size-job-worker=262144"
    "memorysetup-temp-allocator-size-preload-manager=33554432"
    "memorysetup-temp-allocator-size-nav-mesh-worker=65536"
    "memorysetup-temp-allocator-size-audio-worker=65536"
    "memorysetup-temp-allocator-size-cloud-worker=32768"
    "memorysetup-temp-allocator-size-gi-baking-worker=262144"
    "memorysetup-temp-allocator-size-gfx=262144"
Player connection [18236] Host "[IP] 220.116.195.205 [Port] 0 [Flags] 2 [Guid] 3736875637 [EditorId] 3736875637 [Version] 1048832 [Id] WindowsEditor(7,DESKTOP-KJB7P4J) [Debug] 1 [PackageName] WindowsEditor [ProjectName] Editor" joined multi-casting on [225.0.0.222:54997]...

Player connection [18236] Host "[IP] 220.116.195.205 [Port] 0 [Flags] 2 [Guid] 3736875637 [EditorId] 3736875637 [Version] 1048832 [Id] WindowsEditor(7,DESKTOP-KJB7P4J) [Debug] 1 [PackageName] WindowsEditor [ProjectName] Editor" joined alternative multi-casting on [225.0.0.222:34997]...

Refreshing native plugins compatible for Editor in 19.54 ms, found 6 plugins.
Preloading 0 native plugins for Editor in 0.00 ms.
Initialize engine version: 2022.3.7f1 (b16b3b16c7a0)
[Subsystems] Discovering subsystems at path C:/Program Files/2022.3.7f1/Editor/Data/Resources/UnitySubsystems
[Subsystems] Discovering subsystems at path C:/Users/ABC/Documents/GitHub/GameProgramming/GamePrograming/Assets
GfxDevice: creating device client; threaded=0; jobified=0
Direct3D:
    Version:  Direct3D 11.0 [level 11.1]
    Renderer: NVIDIA GeForce RTX 3060 (ID=0x2504)
    Vendor:   NVIDIA
    VRAM:     12129 MB
    Driver:   31.0.15.3713
Initialize mono
Mono path[0] = 'C:/Program Files/2022.3.7f1/Editor/Data/Managed'
Mono path[1] = 'C:/Program Files/2022.3.7f1/Editor/Data/MonoBleedingEdge/lib/mono/unityjit-win32'
Mono config path = 'C:/Program Files/2022.3.7f1/Editor/Data/MonoBleedingEdge/etc'
Using monoOptions --debugger-agent=transport=dt_socket,embedding=1,server=y,suspend=n,address=127.0.0.1:56800
Begin MonoManager ReloadAssembly
Registering precompiled unity dll's ...
Register platform support module: C:/Program Files/2022.3.7f1/Editor/Data/PlaybackEngines/WindowsStandaloneSupport/UnityEditor.WindowsStandalone.Extensions.dll
Registered in 0.015034 seconds.
- Loaded All Assemblies, in  0.448 seconds
Native extension for WindowsStandalone target not found
Mono: successfully reloaded assembly
- Finished resetting the current domain, in  0.295 seconds
Domain Reload Profiling: 739ms
	BeginReloadAssembly (138ms)
		ExecutionOrderSort (0ms)
		DisableScriptedObjects (0ms)
		BackupInstance (0ms)
		ReleaseScriptingObjects (0ms)
		CreateAndSetChildDomain (1ms)
	RebuildCommonClasses (41ms)
	RebuildNativeTypeToScriptingClass (13ms)
	initialDomainReloadingComplete (81ms)
	LoadAllAssembliesAndSetupDomain (171ms)
		LoadAssemblies (133ms)
		RebuildTransferFunctionScriptingTraits (0ms)
		AnalyzeDomain (169ms)
			TypeCache.Refresh (168ms)
				TypeCache.ScanAssembly (154ms)
			ScanForSourceGeneratedMonoScriptInfo (0ms)
			ResolveRequiredComponents (1ms)
	FinalizeReload (296ms)
		ReleaseScriptCaches (0ms)
		RebuildScriptCaches (0ms)
		SetupLoadedEditorAssemblies (233ms)
			LogAssemblyErrors (0ms)
			InitializePlatformSupportModulesInManaged (14ms)
			SetLoadedEditorAssemblies (8ms)
			RefreshPlugins (0ms)
			BeforeProcessingInitializeOnLoad (2ms)
			ProcessInitializeOnLoadAttributes (149ms)
			ProcessInitializeOnLoadMethodAttributes (61ms)
			AfterProcessingInitializeOnLoad (0ms)
			EditorAssembliesLoaded (0ms)
		ExecutionOrderSort2 (0ms)
		AwakeInstancesAfterBackupRestoration (0ms)
========================================================================
Worker process is ready to serve import requests
Begin MonoManager ReloadAssembly
Symbol file LoadedFromMemory doesn't match image C:\Users\ABC\Documents\GitHub\GameProgramming\GamePrograming\Library\PackageCache\com.unity.visualscripting@1.8.0\Editor\VisualScripting.Core\Dependencies\YamlDotNet\Unity.VisualScripting.YamlDotNet.dll
Symbol file LoadedFromMemory doesn't match image C:\Users\ABC\Documents\GitHub\GameProgramming\GamePrograming\Library\PackageCache\com.unity.visualscripting@1.8.0\Editor\VisualScripting.Core\Dependencies\DotNetZip\Unity.VisualScripting.IonicZip.dll
- Loaded All Assemblies, in  0.953 seconds
Refreshing native plugins compatible for Editor in 8.80 ms, found 6 plugins.
Native extension for WindowsStandalone target not found
Mono: successfully reloaded assembly
- Finished resetting the current domain, in  0.910 seconds
Domain Reload Profiling: 1854ms
	BeginReloadAssembly (190ms)
		ExecutionOrderSort (0ms)
		DisableScriptedObjects (6ms)
		BackupInstance (0ms)
		ReleaseScriptingObjects (0ms)
		CreateAndSetChildDomain (29ms)
	RebuildCommonClasses (46ms)
	RebuildNativeTypeToScriptingClass (18ms)
	initialDomainReloadingComplete (64ms)
	LoadAllAssembliesAndSetupDomain (625ms)
		LoadAssemblies (444ms)
		RebuildTransferFunctionScriptingTraits (0ms)
		AnalyzeDomain (288ms)
			TypeCache.Refresh (228ms)
				TypeCache.ScanAssembly (208ms)
			ScanForSourceGeneratedMonoScriptInfo (35ms)
			ResolveRequiredComponents (22ms)
	FinalizeReload (911ms)
		ReleaseScriptCaches (0ms)
		RebuildScriptCaches (0ms)
		SetupLoadedEditorAssemblies (683ms)
			LogAssemblyErrors (0ms)
			InitializePlatformSupportModulesInManaged (9ms)
			SetLoadedEditorAssemblies (4ms)
			RefreshPlugins (0ms)
			BeforeProcessingInitializeOnLoad (115ms)
			ProcessInitializeOnLoadAttributes (457ms)
			ProcessInitializeOnLoadMethodAttributes (86ms)
			AfterProcessingInitializeOnLoad (12ms)
			EditorAssembliesLoaded (0ms)
		ExecutionOrderSort2 (0ms)
		AwakeInstancesAfterBackupRestoration (8ms)
Launched and connected shader compiler UnityShaderCompiler.exe after 0.06 seconds
Refreshing native plugins compatible for Editor in 11.99 ms, found 6 plugins.
Preloading 0 native plugins for Editor in 0.00 ms.
Unloading 6240 Unused Serialized files (Serialized files now loaded: 0)
Unloading 109 unused Assets / (1.7 MB). Loaded Objects now: 6700.
Memory consumption went from 258.0 MB to 256.3 MB.
Total: 5.480700 ms (FindLiveObjects: 0.582600 ms CreateObjectMapping: 0.227900 ms MarkObjects: 3.982500 ms  DeleteObjects: 0.686400 ms)

AssetImportParameters requested are different than current active one (requested -> active):
  custom:container-demuxer-ogg: 62fdf1f143b41e24485cea50d1cbac27 -> 
  custom:video-decoder-ogg-theora: a1e56fd34408186e4bbccfd4996cb3dc -> 
  custom:framework-win-MediaFoundation: 216162199b28c13a410421893ffa2e32 -> 
  custom:CustomObjectIndexerAttribute: d54d2f2da18e7612c182cf67624b6b12 -> 
  custom:container-demuxer-webm: 4f35f7cbe854078d1ac9338744f61a02 -> 
  custom:container-muxer-webm: aa71ff27fc2769a1b78a27578f13a17b -> 
  custom:video-decoder-webm-vp8: 9c59270c3fd7afecdb556c50c9e8de78 -> 
  custom:SearchIndexIgnoredProperties: e643bd26f0fe6173181afceb89e7c659 -> 
  custom:AudioImporter_EditorPlatform: d09bf68614088b80899f8185d706f6e7 -> 
  custom:video-encoder-webm-vp8: eb34c28f22e8b96e1ab97ce403110664 -> 
  custom:audio-decoder-ogg-vorbis: bf7c407c2cedff20999df2af8eb42d56 -> 
  custom:audio-encoder-webm-vorbis: bf7c407c2cedff20999df2af8eb42d56 -> 
========================================================================
Received Import Request.
  Time since last request: 599091.918847 seconds.
  path: Assets/UnityChanSSU_URP-release-1.0.2/UnityChanSSU_URP-release-1.0.2/Assets/UnityChanSSU/License/UCL2.0/License Logo/Others/jpg/Dark_Silhouette.jpg
  artifactKey: Guid(3043bdd9c69ec674f9dd01742b742f69) Importer(815301076,1909f56bfc062723c751e8b465ee728b)
Start importing Assets/UnityChanSSU_URP-release-1.0.2/UnityChanSSU_URP-release-1.0.2/Assets/UnityChanSSU/License/UCL2.0/License Logo/Others/jpg/Dark_Silhouette.jpg using Guid(3043bdd9c69ec674f9dd01742b742f69) Importer(815301076,1909f56bfc062723c751e8b465ee728b)  -> (artifact id: 'e8ac7e66af2e8ae036e22342569b1629') in 0.018253 seconds
Number of updated asset objects reloaded before import = 0
Number of asset objects unloaded after import = 1
========================================================================
Received Import Request.
  Time since last request: 0.000020 seconds.
  path: Assets/RPG Monster DUO PBR Polyart/Scenes/PBR/ReflectionProbe-0.exr
  artifactKey: Guid(b99d76b14cb6491aa1714c4286db931b) Importer(815301076,1909f56bfc062723c751e8b465ee728b)
Start importing Assets/RPG Monster DUO PBR Polyart/Scenes/PBR/ReflectionProbe-0.exr using Guid(b99d76b14cb6491aa1714c4286db931b) Importer(815301076,1909f56bfc062723c751e8b465ee728b)  -> (artifact id: '16b15903451f3912de1d24a448ba59e7') in 0.003898 seconds
Number of updated asset objects reloaded before import = 0
Number of asset objects unloaded after import = 1
========================================================================
Received Import Request.
  Time since last request: 0.000017 seconds.
  path: Assets/SciFiWarriorPBRHPPolyart/Textures/HP_Albedo.png
  artifactKey: Guid(20fc9881d38a91b438bec3ae3db922f0) Importer(815301076,1909f56bfc062723c751e8b465ee728b)
Start importing Assets/SciFiWarriorPBRHPPolyart/Textures/HP_Albedo.png using Guid(20fc9881d38a91b438bec3ae3db922f0) Importer(815301076,1909f56bfc062723c751e8b465ee728b)  -> (artifact id: '978e8d24bbaab4be186a5548e6f4fef9') in 0.014819 seconds
Number of updated asset objects reloaded before import = 0
Number of asset objects unloaded after import = 1
========================================================================
Received Import Request.
  Time since last request: 0.000017 seconds.
  path: Assets/UnityChanSSU_URP-release-1.0.2/UnityChanSSU_URP-release-1.0.2/Packages/UnityChanSpringBone-release-1.1/Editor/GUI/Icons/OpenHH.bmp
  artifactKey: Guid(0c8c9e88e31c8a74784a64b60ee1fa42) Importer(815301076,1909f56bfc062723c751e8b465ee728b)
Start importing Assets/UnityChanSSU_URP-release-1.0.2/UnityChanSSU_URP-release-1.0.2/Packages/UnityChanSpringBone-release-1.1/Editor/GUI/Icons/OpenHH.bmp using Guid(0c8c9e88e31c8a74784a64b60ee1fa42) Importer(815301076,1909f56bfc062723c751e8b465ee728b)  -> (artifact id: '6bfe504c664802dd82e21000912dc390') in 0.002604 seconds
Number of updated asset objects reloaded before import = 0
Number of asset objects unloaded after import = 1
========================================================================
Received Import Request.
  Time since last request: 0.000023 seconds.
  path: Assets/RTS_Scifi_game_assets/Models/Structures/Structure_v3/Source/Structure_v3_blue.tga
  artifactKey: Guid(1b695173f5e189a46a68c19663b22c6a) Importer(815301076,1909f56bfc062723c751e8b465ee728b)
Start importing Assets/RTS_Scifi_game_assets/Models/Structures/Structure_v3/Source/Structure_v3_blue.tga using Guid(1b695173f5e189a46a68c19663b22c6a) Importer(815301076,1909f56bfc062723c751e8b465ee728b)  -> (artifact id: '8688a6bcd6d59c3d6b5c6acc93f40404') in 0.008728 seconds
Number of updated asset objects reloaded before import = 0
Number of asset objects unloaded after import = 1
========================================================================
Received Import Request.
  Time since last request: 0.000036 seconds.
  path: Assets/RTS_Scifi_game_assets/Models/Structures/Structure_v3/Source/Structure_v3_NM.tga
  artifactKey: Guid(ae14aab62ab7daf489a0e27d608034b5) Importer(815301076,1909f56bfc062723c751e8b465ee728b)
Start importing Assets/RTS_Scifi_game_assets/Models/Structures/Structure_v3/Source/Structure_v3_NM.tga using Guid(ae14aab62ab7daf489a0e27d608034b5) Importer(815301076,1909f56bfc062723c751e8b465ee728b)  -> (artifact id: 'fb2188c49516e0bef4ea879f90cfb344') in 0.011935 seconds
Number of updated asset objects reloaded before import = 0
Number of asset objects unloaded after import = 1
========================================================================
Received Import Request.
  Time since last request: 0.000019 seconds.
  path: Assets/UnityChanSSU_URP-release-1.0.2/UnityChanSSU_URP-release-1.0.2/Packages/UnityChanSpringBone-release-1.1/Editor/GUI/Icons/SpringCapsuleIcon.tga
  artifactKey: Guid(f77ca0c7396c64d43b037deb9c44b15a) Importer(815301076,1909f56bfc062723c751e8b465ee728b)
Start importing Assets/UnityChanSSU_URP-release-1.0.2/UnityChanSSU_URP-release-1.0.2/Packages/UnityChanSpringBone-release-1.1/Editor/GUI/Icons/SpringCapsuleIcon.tga using Guid(f77ca0c7396c64d43b037deb9c44b15a) Importer(815301076,1909f56bfc062723c751e8b465ee728b)  -> (artifact id: 'f72cd64f92d893c63dc710187e00364e') in 0.003155 seconds
Number of updated asset objects reloaded before import = 0
Number of asset objects unloaded after import = 1
========================================================================
Received Import Request.
  Time since last request: 0.000030 seconds.
  path: Assets/UnityChanSSU_URP-release-1.0.2/UnityChanSSU_URP-release-1.0.2/Assets/UnityChanSSU/Models/UnitychanSSU/Materials/Textures/UCSSU_Body_1st.psd
  artifactKey: Guid(e244b48c9e1d8ed47945c5440dc46316) Importer(815301076,1909f56bfc062723c751e8b465ee728b)
Start importing Assets/UnityChanSSU_URP-release-1.0.2/UnityChanSSU_URP-release-1.0.2/Assets/UnityChanSSU/Models/UnitychanSSU/Materials/Textures/UCSSU_Body_1st.psd using Guid(e244b48c9e1d8ed47945c5440dc46316) Importer(815301076,1909f56bfc062723c751e8b465ee728b)  -> (artifact id: '1ce316619c411e50d43b560ad11f215d') in 0.006030 seconds
Number of updated asset objects reloaded before import = 0
Number of asset objects unloaded after import = 1
========================================================================
Received Import Request.
  Time since last request: 0.000018 seconds.
  path: Assets/UnityChanSSU_URP-release-1.0.2/UnityChanSSU_URP-release-1.0.2/Assets/UnityChanSSU/License/UCL2.0/License Logo/Others/png/Light_Frame.png
  artifactKey: Guid(c5feaeb9e84d7a9469a8487827e22452) Importer(815301076,1909f56bfc062723c751e8b465ee728b)
Start importing Assets/UnityChanSSU_URP-release-1.0.2/UnityChanSSU_URP-release-1.0.2/Assets/UnityChanSSU/License/UCL2.0/License Logo/Others/png/Light_Frame.png using Guid(c5feaeb9e84d7a9469a8487827e22452) Importer(815301076,1909f56bfc062723c751e8b465ee728b)  -> (artifact id: '5dee40e8f4786cd633a734e87abee5b7') in 0.002563 seconds
Number of updated asset objects reloaded before import = 0
Number of asset objects unloaded after import = 1
========================================================================
Received Import Request.
  Time since last request: 0.000015 seconds.
  path: Assets/RTS_Scifi_game_assets/Models/Vehicle/Vehicle_v1/Source/Weapon/Laser_tower_v1/Laser_tower_v1_EM.tga
  artifactKey: Guid(218a9b04e2119db4d8ca44fdf5848c1e) Importer(815301076,1909f56bfc062723c751e8b465ee728b)
Start importing Assets/RTS_Scifi_game_assets/Models/Vehicle/Vehicle_v1/Source/Weapon/Laser_tower_v1/Laser_tower_v1_EM.tga using Guid(218a9b04e2119db4d8ca44fdf5848c1e) Importer(815301076,1909f56bfc062723c751e8b465ee728b)  -> (artifact id: 'e4c09231831977ad9b8bef70a3436e6c') in 0.002723 seconds
Number of updated asset objects reloaded before import = 0
Number of asset objects unloaded after import = 1
========================================================================
Received Import Request.
  Time since last request: 0.000015 seconds.
  path: Assets/RTS_Scifi_game_assets/Models/Structures/Structure_v2/Source/Structure_v2_AO.tga
  artifactKey: Guid(ad2de13d824806044b2661e0250fa05f) Importer(815301076,1909f56bfc062723c751e8b465ee728b)
Start importing Assets/RTS_Scifi_game_assets/Models/Structures/Structure_v2/Source/Structure_v2_AO.tga using Guid(ad2de13d824806044b2661e0250fa05f) Importer(815301076,1909f56bfc062723c751e8b465ee728b)  -> (artifact id: 'bb8f858929267434b122fb557374202e') in 0.013750 seconds
Number of updated asset objects reloaded before import = 0
Number of asset objects unloaded after import = 1
========================================================================
Received Import Request.
  Time since last request: 0.000028 seconds.
  path: Assets/RTS_Scifi_game_assets/Models/Structures/Structure_v1/Source/Structure_v1_SG.tga
  artifactKey: Guid(65d4289bc414b4040aea2bef25d058c3) Importer(815301076,1909f56bfc062723c751e8b465ee728b)
Start importing Assets/RTS_Scifi_game_assets/Models/Structures/Structure_v1/Source/Structure_v1_SG.tga using Guid(65d4289bc414b4040aea2bef25d058c3) Importer(815301076,1909f56bfc062723c751e8b465ee728b)  -> (artifact id: '08e5689ab284b4f526791c4cdf84e9a9') in 0.005758 seconds
Number of updated asset objects reloaded before import = 0
Number of asset objects unloaded after import = 1
========================================================================
Received Import Request.
  Time since last request: 0.000016 seconds.
  path: Assets/UnityChanSSU_URP-release-1.0.2/UnityChanSSU_URP-release-1.0.2/Assets/UnityChanSSU/Shader/Textures/Gradation_A02.psd
  artifactKey: Guid(0109f5cb650745f4ab86928a140a6150) Importer(815301076,1909f56bfc062723c751e8b465ee728b)
Start importing Assets/UnityChanSSU_URP-release-1.0.2/UnityChanSSU_URP-release-1.0.2/Assets/UnityChanSSU/Shader/Textures/Gradation_A02.psd using Guid(0109f5cb650745f4ab86928a140a6150) Importer(815301076,1909f56bfc062723c751e8b465ee728b)  -> (artifact id: 'dfb45bb75e7b3ec8056881fe245170cc') in 0.003208 seconds
Number of updated asset objects reloaded before import = 0
Number of asset objects unloaded after import = 1
========================================================================
Received Import Request.
  Time since last request: 0.000022 seconds.
  path: Assets/RTS_Scifi_game_assets/Models/Turrets/Source/Turret_v1_red.tga
  artifactKey: Guid(41cc9c30dd1094c45b4ac7b796ce077c) Importer(815301076,1909f56bfc062723c751e8b465ee728b)
Start importing Assets/RTS_Scifi_game_assets/Models/Turrets/Source/Turret_v1_red.tga using Guid(41cc9c30dd1094c45b4ac7b796ce077c) Importer(815301076,1909f56bfc062723c751e8b465ee728b)  -> (artifact id: '906e426a36dba32fa134ae0329f17575') in 0.005096 seconds
Number of updated asset objects reloaded before import = 0
Number of asset objects unloaded after import = 1
========================================================================
Received Import Request.
  Time since last request: 0.000015 seconds.
  path: Assets/RTS_Scifi_game_assets/Models/Structures/Structure_v3/Source/Structure_v3_orange.tga
  artifactKey: Guid(42423ba870949d14d9105840ac455c5a) Importer(815301076,1909f56bfc062723c751e8b465ee728b)
Start importing Assets/RTS_Scifi_game_assets/Models/Structures/Structure_v3/Source/Structure_v3_orange.tga using Guid(42423ba870949d14d9105840ac455c5a) Importer(815301076,1909f56bfc062723c751e8b465ee728b)  -> (artifact id: 'cac00411a31421bdfc8266947ac02ea1') in 0.005961 seconds
Number of updated asset objects reloaded before import = 0
Number of asset objects unloaded after import = 1
========================================================================
Received Import Request.
  Time since last request: 0.000016 seconds.
  path: Assets/RTS_Scifi_game_assets/Models/Vehicle/Vehicle_v1/Source/Weapon/Laser_tower_v1/Laser_tower_v1_S.tga
  artifactKey: Guid(5d33b1c0b3e7c7f4da3c8807e13c97da) Importer(815301076,1909f56bfc062723c751e8b465ee728b)
Start importing Assets/RTS_Scifi_game_assets/Models/Vehicle/Vehicle_v1/Source/Weapon/Laser_tower_v1/Laser_tower_v1_S.tga using Guid(5d33b1c0b3e7c7f4da3c8807e13c97da) Importer(815301076,1909f56bfc062723c751e8b465ee728b)  -> (artifact id: 'd89b30fef17473a50e0f28f2baf95d85') in 0.002862 seconds
Number of updated asset objects reloaded before import = 0
Number of asset objects unloaded after import = 1
========================================================================
Received Import Request.
  Time since last request: 0.000019 seconds.
  path: Assets/UnityChanSSU_URP-release-1.0.2/UnityChanSSU_URP-release-1.0.2/Assets/UnityChanSSU/Skybox/nDxStudio.psd
  artifactKey: Guid(67b92ae31948acb42bfa5ef5e2e26cae) Importer(815301076,1909f56bfc062723c751e8b465ee728b)
Start importing Assets/UnityChanSSU_URP-release-1.0.2/UnityChanSSU_URP-release-1.0.2/Assets/UnityChanSSU/Skybox/nDxStudio.psd using Guid(67b92ae31948acb42bfa5ef5e2e26cae) Importer(815301076,1909f56bfc062723c751e8b465ee728b)  -> (artifact id: 'd081d3491ebe8fa21be8245eea5dee1b') in 0.048596 seconds
Number of updated asset objects reloaded before import = 0
Number of asset objects unloaded after import = 1
========================================================================
Received Import Request.
  Time since last request: 0.000017 seconds.
  path: Assets/RTS_Scifi_game_assets/Models/Turrets/Source/Turret_v1_orange.tga
  artifactKey: Guid(d65b2639ceb9a534ba6faf64ba396a16) Importer(815301076,1909f56bfc062723c751e8b465ee728b)
Start importing Assets/RTS_Scifi_game_assets/Models/Turrets/Source/Turret_v1_orange.tga using Guid(d65b2639ceb9a534ba6faf64ba396a16) Importer(815301076,1909f56bfc062723c751e8b465ee728b)  -> (artifact id: 'd822718a0a8e76ee7c82f6b480c63574') in 0.006347 seconds
Number of updated asset objects reloaded before import = 0
Number of asset objects unloaded after import = 1
========================================================================
Received Import Request.
  Time since last request: 0.000027 seconds.
  path: Assets/RTS_Scifi_game_assets/Models/Structures/Structure_v1/Source/Structure_v1_NM.tga
  artifactKey: Guid(73b2288b41b39864f83a1bcdf827494a) Importer(815301076,1909f56bfc062723c751e8b465ee728b)
Start importing Assets/RTS_Scifi_game_assets/Models/Structures/Structure_v1/Source/Structure_v1_NM.tga using Guid(73b2288b41b39864f83a1bcdf827494a) Importer(815301076,1909f56bfc062723c751e8b465ee728b)  -> (artifact id: '79b023ee9da8e9b1c57fed8e532f99a1') in 0.006610 seconds
Number of updated asset objects reloaded before import = 0
Number of asset objects unloaded after import = 1
========================================================================
Received Import Request.
  Time since last request: 0.000024 seconds.
  path: Assets/RTS_Scifi_game_assets/Models/Universal_textures/Tank_track_v1/Tank_track_v1.tga
  artifactKey: Guid(fef2e097bd3cb1940aeffcf843bfea3f) Importer(815301076,1909f56bfc062723c751e8b465ee728b)
Start importing Assets/RTS_Scifi_game_assets/Models/Universal_textures/Tank_track_v1/Tank_track_v1.tga using Guid(fef2e097bd3cb1940aeffcf843bfea3f) Importer(815301076,1909f56bfc062723c751e8b465ee728b)  -> (artifact id: 'd68e69e9b3b39753b8464ce009a88157') in 0.002323 seconds
Number of updated asset objects reloaded before import = 0
Number of asset objects unloaded after import = 1
========================================================================
Received Import Request.
  Time since last request: 0.000014 seconds.
  path: Assets/UnityChanSSU_URP-release-1.0.2/UnityChanSSU_URP-release-1.0.2/Assets/UnityChanSSU/Shader/Textures/Gradation_R01.psd
  artifactKey: Guid(2348abd02c491154e8b4b0c26781c275) Importer(815301076,1909f56bfc062723c751e8b465ee728b)
Start importing Assets/UnityChanSSU_URP-release-1.0.2/UnityChanSSU_URP-release-1.0.2/Assets/UnityChanSSU/Shader/Textures/Gradation_R01.psd using Guid(2348abd02c491154e8b4b0c26781c275) Importer(815301076,1909f56bfc062723c751e8b465ee728b)  -> (artifact id: '6a07c6c982c2fde1196be220f0561e87') in 0.001992 seconds
Number of updated asset objects reloaded before import = 0
Number of asset objects unloaded after import = 1
========================================================================
Received Import Request.
  Time since last request: 0.000015 seconds.
  path: Assets/RTS_Scifi_game_assets/Models/Structures/Structure_v3/Source/Structure_v3_EM.tga
  artifactKey: Guid(0f6b49213b57f6341bfa968596b4dbbd) Importer(815301076,1909f56bfc062723c751e8b465ee728b)
Start importing Assets/RTS_Scifi_game_assets/Models/Structures/Structure_v3/Source/Structure_v3_EM.tga using Guid(0f6b49213b57f6341bfa968596b4dbbd) Importer(815301076,1909f56bfc062723c751e8b465ee728b)  -> (artifact id: 'ed89c28a82d6e00daebb73e7a71c31ae') in 0.005065 seconds
Number of updated asset objects reloaded before import = 0
Number of asset objects unloaded after import = 1
Editor requested this worker to shutdown with reason: Scaling down because of idle timeout
TcpMessagingSession - receive error: operation aborted. errorcode: 995, details: 스레드 종료 또는 응용 프로그램 요청 때문에 I/O 작업이 취소되었습니다.
AssetImportWorker is now disconnected from the server
Process exiting
Exiting without the bug reporter. Application will terminate with return code 0