Using pre-set license
Built from '2021.3/staging' branch; Version is '2021.3.11f1 (0a5ca18544bf) revision 679073'; Using compiler version '192829333'; Build Type 'Release'
OS: 'Windows 10  (10.0.19045) 64bit Professional' Language: 'ko' Physical Memory: 32716 MB
BatchMode: 1, IsHumanControllingUs: 0, StartBugReporterOnCrash: 0, Is64bit: 1, IsPro: 1

COMMAND LINE ARGUMENTS:
C:\Program Files\2021.3.11f1\Editor\Unity.exe
-adb2
-batchMode
-noUpm
-name
AssetImportWorker6
-projectPath
C:/Users/ABC/Documents/GitHub/GameProgramming/GamePrograming
-logFile
Logs/AssetImportWorker6.log
-srvPort
63657
Successfully changed project path to: C:/Users/ABC/Documents/GitHub/GameProgramming/GamePrograming
C:/Users/ABC/Documents/GitHub/GameProgramming/GamePrograming
[UnityMemory] Configuration Parameters - Can be set up in boot.config
    "memorysetup-bucket-allocator-granularity=16"
    "memorysetup-bucket-allocator-bucket-count=8"
    "memorysetup-bucket-allocator-block-size=33554432"
    "memorysetup-bucket-allocator-block-count=8"
    "memorysetup-main-allocator-block-size=16777216"
    "memorysetup-thread-allocator-block-size=16777216"
    "memorysetup-gfx-main-allocator-block-size=16777216"
    "memorysetup-gfx-thread-allocator-block-size=16777216"
    "memorysetup-cache-allocator-block-size=4194304"
    "memorysetup-typetree-allocator-block-size=2097152"
    "memorysetup-profiler-bucket-allocator-granularity=16"
    "memorysetup-profiler-bucket-allocator-bucket-count=8"
    "memorysetup-profiler-bucket-allocator-block-size=33554432"
    "memorysetup-profiler-bucket-allocator-block-count=8"
    "memorysetup-profiler-allocator-block-size=16777216"
    "memorysetup-profiler-editor-allocator-block-size=1048576"
    "memorysetup-temp-allocator-size-main=16777216"
    "memorysetup-job-temp-allocator-block-size=2097152"
    "memorysetup-job-temp-allocator-block-size-background=1048576"
    "memorysetup-job-temp-allocator-reduction-small-platforms=262144"
    "memorysetup-temp-allocator-size-background-worker=32768"
    "memorysetup-temp-allocator-size-job-worker=262144"
    "memorysetup-temp-allocator-size-preload-manager=33554432"
    "memorysetup-temp-allocator-size-nav-mesh-worker=65536"
    "memorysetup-temp-allocator-size-audio-worker=65536"
    "memorysetup-temp-allocator-size-cloud-worker=32768"
    "memorysetup-temp-allocator-size-gi-baking-worker=262144"
    "memorysetup-temp-allocator-size-gfx=262144"
Refreshing native plugins compatible for Editor in 142.59 ms, found 4 plugins.
Preloading 0 native plugins for Editor in 0.00 ms.
Initialize engine version: 2021.3.11f1 (0a5ca18544bf)
[Subsystems] Discovering subsystems at path C:/Program Files/2021.3.11f1/Editor/Data/Resources/UnitySubsystems
[Subsystems] Discovering subsystems at path C:/Users/ABC/Documents/GitHub/GameProgramming/GamePrograming/Assets
GfxDevice: creating device client; threaded=0; jobified=0
Direct3D:
    Version:  Direct3D 11.0 [level 11.1]
    Renderer: NVIDIA GeForce RTX 3060 (ID=0x2504)
    Vendor:   NVIDIA
    VRAM:     12129 MB
    Driver:   31.0.15.3713
Initialize mono
Mono path[0] = 'C:/Program Files/2021.3.11f1/Editor/Data/Managed'
Mono path[1] = 'C:/Program Files/2021.3.11f1/Editor/Data/MonoBleedingEdge/lib/mono/unityjit-win32'
Mono config path = 'C:/Program Files/2021.3.11f1/Editor/Data/MonoBleedingEdge/etc'
Using monoOptions --debugger-agent=transport=dt_socket,embedding=1,server=y,suspend=n,address=127.0.0.1:56716
Begin MonoManager ReloadAssembly
Registering precompiled unity dll's ...
Register platform support module: C:/Program Files/2021.3.11f1/Editor/Data/PlaybackEngines/AndroidPlayer/UnityEditor.Android.Extensions.dll
Register platform support module: C:/Program Files/2021.3.11f1/Editor/Data/PlaybackEngines/WindowsStandaloneSupport/UnityEditor.WindowsStandalone.Extensions.dll
Registered in 0.008771 seconds.
Native extension for WindowsStandalone target not found
Native extension for Android target not found
Refreshing native plugins compatible for Editor in 136.60 ms, found 4 plugins.
Preloading 0 native plugins for Editor in 0.00 ms.
Mono: successfully reloaded assembly
- Completed reload, in  0.743 seconds
Domain Reload Profiling:
	ReloadAssembly (743ms)
		BeginReloadAssembly (81ms)
			ExecutionOrderSort (0ms)
			DisableScriptedObjects (0ms)
			BackupInstance (0ms)
			ReleaseScriptingObjects (0ms)
			CreateAndSetChildDomain (1ms)
		EndReloadAssembly (535ms)
			LoadAssemblies (78ms)
			RebuildTransferFunctionScriptingTraits (0ms)
			SetupTypeCache (115ms)
			ReleaseScriptCaches (0ms)
			RebuildScriptCaches (27ms)
			SetupLoadedEditorAssemblies (335ms)
				LogAssemblyErrors (0ms)
				InitializePlatformSupportModulesInManaged (46ms)
				SetLoadedEditorAssemblies (0ms)
				RefreshPlugins (137ms)
				BeforeProcessingInitializeOnLoad (1ms)
				ProcessInitializeOnLoadAttributes (103ms)
				ProcessInitializeOnLoadMethodAttributes (48ms)
				AfterProcessingInitializeOnLoad (0ms)
				EditorAssembliesLoaded (0ms)
			ExecutionOrderSort2 (0ms)
			AwakeInstancesAfterBackupRestoration (0ms)
Platform modules already initialized, skipping
Registering precompiled user dll's ...
Registered in 0.011245 seconds.
Begin MonoManager ReloadAssembly
Symbol file LoadedFromMemory doesn't match image C:\Users\ABC\Documents\GitHub\GameProgramming\GamePrograming\Library\PackageCache\com.unity.visualscripting@1.7.8\Editor\VisualScripting.Core\Dependencies\YamlDotNet\Unity.VisualScripting.YamlDotNet.dll
Symbol file LoadedFromMemory doesn't match image C:\Users\ABC\Documents\GitHub\GameProgramming\GamePrograming\Library\PackageCache\com.unity.visualscripting@1.7.8\Editor\VisualScripting.Core\Dependencies\DotNetZip\Unity.VisualScripting.IonicZip.dll
Native extension for WindowsStandalone target not found
Native extension for Android target not found
Refreshing native plugins compatible for Editor in 140.13 ms, found 4 plugins.
Preloading 0 native plugins for Editor in 0.00 ms.
Mono: successfully reloaded assembly
- Completed reload, in  1.595 seconds
Domain Reload Profiling:
	ReloadAssembly (1596ms)
		BeginReloadAssembly (128ms)
			ExecutionOrderSort (0ms)
			DisableScriptedObjects (6ms)
			BackupInstance (0ms)
			ReleaseScriptingObjects (0ms)
			CreateAndSetChildDomain (19ms)
		EndReloadAssembly (1326ms)
			LoadAssemblies (116ms)
			RebuildTransferFunctionScriptingTraits (0ms)
			SetupTypeCache (314ms)
			ReleaseScriptCaches (1ms)
			RebuildScriptCaches (82ms)
			SetupLoadedEditorAssemblies (764ms)
				LogAssemblyErrors (0ms)
				InitializePlatformSupportModulesInManaged (14ms)
				SetLoadedEditorAssemblies (0ms)
				RefreshPlugins (140ms)
				BeforeProcessingInitializeOnLoad (144ms)
				ProcessInitializeOnLoadAttributes (362ms)
				ProcessInitializeOnLoadMethodAttributes (92ms)
				AfterProcessingInitializeOnLoad (12ms)
				EditorAssembliesLoaded (0ms)
			ExecutionOrderSort2 (0ms)
			AwakeInstancesAfterBackupRestoration (8ms)
Platform modules already initialized, skipping
========================================================================
Worker process is ready to serve import requests
Launched and connected shader compiler UnityShaderCompiler.exe after 0.05 seconds
Refreshing native plugins compatible for Editor in 1.18 ms, found 4 plugins.
Preloading 0 native plugins for Editor in 0.00 ms.
Unloading 6242 Unused Serialized files (Serialized files now loaded: 0)
Unloading 61 unused Assets / (2.0 MB). Loaded Objects now: 6694.
Memory consumption went from 263.6 MB to 261.5 MB.
Total: 5.536400 ms (FindLiveObjects: 0.617800 ms CreateObjectMapping: 0.179600 ms MarkObjects: 3.746100 ms  DeleteObjects: 0.990300 ms)

AssetImportParameters requested are different than current active one (requested -> active):
  custom:video-decoder-ogg-theora: a1e56fd34408186e4bbccfd4996cb3dc -> 
  custom:container-muxer-webm: aa71ff27fc2769a1b78a27578f13a17b -> 
  custom:container-demuxer-webm: 4f35f7cbe854078d1ac9338744f61a02 -> 
  custom:video-encoder-webm-vp8: eb34c28f22e8b96e1ab97ce403110664 -> 
  custom:audio-encoder-webm-vorbis: bf7c407c2cedff20999df2af8eb42d56 -> 
  custom:framework-win-MediaFoundation: 216162199b28c13a410421893ffa2e32 -> 
  custom:container-demuxer-ogg: 62fdf1f143b41e24485cea50d1cbac27 -> 
  custom:video-decoder-webm-vp8: 9c59270c3fd7afecdb556c50c9e8de78 -> 
  custom:audio-decoder-ogg-vorbis: bf7c407c2cedff20999df2af8eb42d56 -> 
========================================================================
Received Import Request.
  Time since last request: 903956.620214 seconds.
  path: Assets/UnityChanSSU_URP-release-1.0.2/UnityChanSSU_URP-release-1.0.2/Assets/UnityChanSSU/Models/UnitychanSSU/Materials/Textures/UCSSU_boots_Base.psd
  artifactKey: Guid(d329773125721fb4eb8aa7daac0b75f7) Importer(815301076,1909f56bfc062723c751e8b465ee728b)
Start importing Assets/UnityChanSSU_URP-release-1.0.2/UnityChanSSU_URP-release-1.0.2/Assets/UnityChanSSU/Models/UnitychanSSU/Materials/Textures/UCSSU_boots_Base.psd using Guid(d329773125721fb4eb8aa7daac0b75f7) Importer(815301076,1909f56bfc062723c751e8b465ee728b)  -> (artifact id: 'b7d61aee7f8a3a1aa903d0841f1f7512') in 0.095884 seconds 
========================================================================
Received Import Request.
  Time since last request: 80.282744 seconds.
  path: Assets/UnityChanSSU_URP-release-1.0.2/UnityChanSSU_URP-release-1.0.2/Assets/UnityChanSSU/Shader/Shader Graph/Grid.ShaderSubGraph
  artifactKey: Guid(f2ff61a18444547458ea8849584f6bec) Importer(815301076,1909f56bfc062723c751e8b465ee728b)
Start importing Assets/UnityChanSSU_URP-release-1.0.2/UnityChanSSU_URP-release-1.0.2/Assets/UnityChanSSU/Shader/Shader Graph/Grid.ShaderSubGraph using Guid(f2ff61a18444547458ea8849584f6bec) Importer(815301076,1909f56bfc062723c751e8b465ee728b)  -> (artifact id: '116946caabb3bfe2bc9a6812108d3367') in 0.010424 seconds 
========================================================================
Received Import Request.
  Time since last request: 0.901193 seconds.
  path: Assets/UnityChanSSU_URP-release-1.0.2/UnityChanSSU_URP-release-1.0.2/Assets/UnityChanSSU/Shader/Textures/Gradation_A01.psd
  artifactKey: Guid(14fe69c3bd004dd4dbd5aa951f095812) Importer(815301076,1909f56bfc062723c751e8b465ee728b)
Start importing Assets/UnityChanSSU_URP-release-1.0.2/UnityChanSSU_URP-release-1.0.2/Assets/UnityChanSSU/Shader/Textures/Gradation_A01.psd using Guid(14fe69c3bd004dd4dbd5aa951f095812) Importer(815301076,1909f56bfc062723c751e8b465ee728b)  -> (artifact id: 'd1c4ad4d8a6e87d4b4a3c14d1d079a12') in 0.045262 seconds 
========================================================================
Received Import Request.
  Time since last request: 7.034519 seconds.
  path: Assets/UnityChanSSU_URP-release-1.0.2/UnityChanSSU_URP-release-1.0.2/Assets/UnityChanSSU/Models/UnitychanSSU/Materials/Textures
  artifactKey: Guid(77361112363c7b54cb18c505aec57c3b) Importer(815301076,1909f56bfc062723c751e8b465ee728b)
Start importing Assets/UnityChanSSU_URP-release-1.0.2/UnityChanSSU_URP-release-1.0.2/Assets/UnityChanSSU/Models/UnitychanSSU/Materials/Textures using Guid(77361112363c7b54cb18c505aec57c3b) Importer(815301076,1909f56bfc062723c751e8b465ee728b)  -> (artifact id: '39350854c3507a9654b4a3219c4033c8') in 0.010543 seconds 
========================================================================
Received Import Request.
  Time since last request: 0.081930 seconds.
  path: Assets/UnityChanSSU_URP-release-1.0.2/UnityChanSSU_URP-release-1.0.2/Assets/UnityChanSSU/Models/UnitychanSSU/Materials/Textures/UCSSU_Body_1st.psd
  artifactKey: Guid(e244b48c9e1d8ed47945c5440dc46316) Importer(815301076,1909f56bfc062723c751e8b465ee728b)
Start importing Assets/UnityChanSSU_URP-release-1.0.2/UnityChanSSU_URP-release-1.0.2/Assets/UnityChanSSU/Models/UnitychanSSU/Materials/Textures/UCSSU_Body_1st.psd using Guid(e244b48c9e1d8ed47945c5440dc46316) Importer(815301076,1909f56bfc062723c751e8b465ee728b)  -> (artifact id: '2fc96f362853dcf9ff0fe5e484d1bbaa') in 0.021041 seconds 
========================================================================
Received Import Request.
  Time since last request: 0.000036 seconds.
  path: Assets/UnityChanSSU_URP-release-1.0.2/UnityChanSSU_URP-release-1.0.2/Assets/UnityChanSSU/Models/UnitychanSSU/Materials/Textures/UCSSU_Body_Base_SAI.psd
  artifactKey: Guid(a756a02883067bd40a4c0ca331e542fa) Importer(815301076,1909f56bfc062723c751e8b465ee728b)
Start importing Assets/UnityChanSSU_URP-release-1.0.2/UnityChanSSU_URP-release-1.0.2/Assets/UnityChanSSU/Models/UnitychanSSU/Materials/Textures/UCSSU_Body_Base_SAI.psd using Guid(a756a02883067bd40a4c0ca331e542fa) Importer(815301076,1909f56bfc062723c751e8b465ee728b)  -> (artifact id: '84adce3fbe3412b40176fa6bf7502595') in 0.019758 seconds 
========================================================================
Received Import Request.
  Time since last request: 0.000033 seconds.
  path: Assets/UnityChanSSU_URP-release-1.0.2/UnityChanSSU_URP-release-1.0.2/Assets/UnityChanSSU/Models/UnitychanSSU/Materials/Textures/UCSSU_Hair.psd
  artifactKey: Guid(2d4f41f12b5d3c643a508fdea9dd88bf) Importer(815301076,1909f56bfc062723c751e8b465ee728b)
Start importing Assets/UnityChanSSU_URP-release-1.0.2/UnityChanSSU_URP-release-1.0.2/Assets/UnityChanSSU/Models/UnitychanSSU/Materials/Textures/UCSSU_Hair.psd using Guid(2d4f41f12b5d3c643a508fdea9dd88bf) Importer(815301076,1909f56bfc062723c751e8b465ee728b)  -> (artifact id: '18ef03432fb07d4e34298dbd67dbf25c') in 0.038576 seconds 
========================================================================
Received Import Request.
  Time since last request: 0.000043 seconds.
  path: Assets/UnityChanSSU_URP-release-1.0.2/UnityChanSSU_URP-release-1.0.2/Assets/UnityChanSSU/Models/UnitychanSSU/Materials/Textures/UCSSU_Headphone_HL.psd
  artifactKey: Guid(427e4b7bed420e843a3de8ee2352e62d) Importer(815301076,1909f56bfc062723c751e8b465ee728b)
Start importing Assets/UnityChanSSU_URP-release-1.0.2/UnityChanSSU_URP-release-1.0.2/Assets/UnityChanSSU/Models/UnitychanSSU/Materials/Textures/UCSSU_Headphone_HL.psd using Guid(427e4b7bed420e843a3de8ee2352e62d) Importer(815301076,1909f56bfc062723c751e8b465ee728b)  -> (artifact id: 'd4693cef1b3dd52c83c58b0b9db3e5c0') in 0.019204 seconds 
========================================================================
Received Import Request.
  Time since last request: 0.000026 seconds.
  path: Assets/UnityChanSSU_URP-release-1.0.2/UnityChanSSU_URP-release-1.0.2/Assets/UnityChanSSU/Models/UnitychanSSU/Materials/Textures/UCSSU_Eyes_HL_NRM.psd
  artifactKey: Guid(1b7e153dc5b8e90449c4e917da9734f9) Importer(815301076,1909f56bfc062723c751e8b465ee728b)
Start importing Assets/UnityChanSSU_URP-release-1.0.2/UnityChanSSU_URP-release-1.0.2/Assets/UnityChanSSU/Models/UnitychanSSU/Materials/Textures/UCSSU_Eyes_HL_NRM.psd using Guid(1b7e153dc5b8e90449c4e917da9734f9) Importer(815301076,1909f56bfc062723c751e8b465ee728b)  -> (artifact id: 'fd1d04ffea5624382257e08686a64728') in 0.052306 seconds 
========================================================================
Received Import Request.
  Time since last request: 0.000033 seconds.
  path: Assets/UnityChanSSU_URP-release-1.0.2/UnityChanSSU_URP-release-1.0.2/Assets/UnityChanSSU/Models/UnitychanSSU/Materials/Textures/UCSSU_Body_RimMask.psd
  artifactKey: Guid(23cac8a641f56fd47a5c14be18f84838) Importer(815301076,1909f56bfc062723c751e8b465ee728b)
Start importing Assets/UnityChanSSU_URP-release-1.0.2/UnityChanSSU_URP-release-1.0.2/Assets/UnityChanSSU/Models/UnitychanSSU/Materials/Textures/UCSSU_Body_RimMask.psd using Guid(23cac8a641f56fd47a5c14be18f84838) Importer(815301076,1909f56bfc062723c751e8b465ee728b)  -> (artifact id: 'afdb3577f6f3e85f42dbb5f21ef2260f') in 0.022549 seconds 
========================================================================
Received Import Request.
  Time since last request: 0.000035 seconds.
  path: Assets/UnityChanSSU_URP-release-1.0.2/UnityChanSSU_URP-release-1.0.2/Assets/UnityChanSSU/Models/UnitychanSSU/Materials/Textures/UCSSU_Head_Base.psd
  artifactKey: Guid(bef967aa214be4542a22509c15d4b510) Importer(815301076,1909f56bfc062723c751e8b465ee728b)
Start importing Assets/UnityChanSSU_URP-release-1.0.2/UnityChanSSU_URP-release-1.0.2/Assets/UnityChanSSU/Models/UnitychanSSU/Materials/Textures/UCSSU_Head_Base.psd using Guid(bef967aa214be4542a22509c15d4b510) Importer(815301076,1909f56bfc062723c751e8b465ee728b)  -> (artifact id: '4aa3bdd95f2ca2e8797e12c52afe022b') in 0.020081 seconds 
========================================================================
Received Import Request.
  Time since last request: 0.000029 seconds.
  path: Assets/UnityChanSSU_URP-release-1.0.2/UnityChanSSU_URP-release-1.0.2/Assets/UnityChanSSU/Models/UnitychanSSU/Materials/Textures/UCSSU_Hair_1st.psd
  artifactKey: Guid(d72dfee7ab6520b41a7aec8da1b5c6ad) Importer(815301076,1909f56bfc062723c751e8b465ee728b)
Start importing Assets/UnityChanSSU_URP-release-1.0.2/UnityChanSSU_URP-release-1.0.2/Assets/UnityChanSSU/Models/UnitychanSSU/Materials/Textures/UCSSU_Hair_1st.psd using Guid(d72dfee7ab6520b41a7aec8da1b5c6ad) Importer(815301076,1909f56bfc062723c751e8b465ee728b)  -> (artifact id: 'd8cd6464401b6f1e9f210b7b2ef98cfd') in 0.028947 seconds 
========================================================================
Received Import Request.
  Time since last request: 0.000034 seconds.
  path: Assets/UnityChanSSU_URP-release-1.0.2/UnityChanSSU_URP-release-1.0.2/Assets/UnityChanSSU/Models/UnitychanSSU/Materials/Textures/UCSSU_Head_outline.psd
  artifactKey: Guid(c3d8281c66a392c48b1abd44f64f48ae) Importer(815301076,1909f56bfc062723c751e8b465ee728b)
Start importing Assets/UnityChanSSU_URP-release-1.0.2/UnityChanSSU_URP-release-1.0.2/Assets/UnityChanSSU/Models/UnitychanSSU/Materials/Textures/UCSSU_Head_outline.psd using Guid(c3d8281c66a392c48b1abd44f64f48ae) Importer(815301076,1909f56bfc062723c751e8b465ee728b)  -> (artifact id: '3fe6619f13526576549aec8e219c8f35') in 0.023350 seconds 
========================================================================
Received Import Request.
  Time since last request: 0.000063 seconds.
  path: Assets/UnityChanSSU_URP-release-1.0.2/UnityChanSSU_URP-release-1.0.2/Assets/UnityChanSSU/Models/UnitychanSSU/Materials/Textures/UCSSU_Eyes_Base.psd
  artifactKey: Guid(ae7e600c242b84e48be6f826fb5610f6) Importer(815301076,1909f56bfc062723c751e8b465ee728b)
Start importing Assets/UnityChanSSU_URP-release-1.0.2/UnityChanSSU_URP-release-1.0.2/Assets/UnityChanSSU/Models/UnitychanSSU/Materials/Textures/UCSSU_Eyes_Base.psd using Guid(ae7e600c242b84e48be6f826fb5610f6) Importer(815301076,1909f56bfc062723c751e8b465ee728b)  -> (artifact id: '16fcfe2e86b39e15377ab2edf2a4459a') in 0.021885 seconds 
========================================================================
Received Import Request.
  Time since last request: 0.000034 seconds.
  path: Assets/UnityChanSSU_URP-release-1.0.2/UnityChanSSU_URP-release-1.0.2/Assets/UnityChanSSU/Models/UnitychanSSU/Materials/Textures/UCSSU_Headphone_2nd.psd
  artifactKey: Guid(44548edc04aad124ca4245ed491eb795) Importer(815301076,1909f56bfc062723c751e8b465ee728b)
Start importing Assets/UnityChanSSU_URP-release-1.0.2/UnityChanSSU_URP-release-1.0.2/Assets/UnityChanSSU/Models/UnitychanSSU/Materials/Textures/UCSSU_Headphone_2nd.psd using Guid(44548edc04aad124ca4245ed491eb795) Importer(815301076,1909f56bfc062723c751e8b465ee728b)  -> (artifact id: 'c0801a7e2141c904fb721438356590ae') in 0.019029 seconds 
========================================================================
Received Import Request.
  Time since last request: 0.000032 seconds.
  path: Assets/UnityChanSSU_URP-release-1.0.2/UnityChanSSU_URP-release-1.0.2/Assets/UnityChanSSU/Models/UnitychanSSU/Materials/Textures/UCSSU_Headphone_HL.png
  artifactKey: Guid(c91120ee4f9d0b646a9b875ace354195) Importer(815301076,1909f56bfc062723c751e8b465ee728b)
Start importing Assets/UnityChanSSU_URP-release-1.0.2/UnityChanSSU_URP-release-1.0.2/Assets/UnityChanSSU/Models/UnitychanSSU/Materials/Textures/UCSSU_Headphone_HL.png using Guid(c91120ee4f9d0b646a9b875ace354195) Importer(815301076,1909f56bfc062723c751e8b465ee728b)  -> (artifact id: 'ab7f33968db3e3a03c6181fe82a9d8d8') in 0.055798 seconds 
========================================================================
Received Import Request.
  Time since last request: 0.000027 seconds.
  path: Assets/UnityChanSSU_URP-release-1.0.2/UnityChanSSU_URP-release-1.0.2/Assets/UnityChanSSU/Models/UnitychanSSU/Materials/Textures/UCSSU_Hoodie_NRM.png
  artifactKey: Guid(980c2cce09492ed478a5707040ceebd8) Importer(815301076,1909f56bfc062723c751e8b465ee728b)
Start importing Assets/UnityChanSSU_URP-release-1.0.2/UnityChanSSU_URP-release-1.0.2/Assets/UnityChanSSU/Models/UnitychanSSU/Materials/Textures/UCSSU_Hoodie_NRM.png using Guid(980c2cce09492ed478a5707040ceebd8) Importer(815301076,1909f56bfc062723c751e8b465ee728b)  -> (artifact id: '53960da9d68acead2cba8a45c0b74027') in 0.022789 seconds 
========================================================================
Received Import Request.
  Time since last request: 0.000025 seconds.
  path: Assets/UnityChanSSU_URP-release-1.0.2/UnityChanSSU_URP-release-1.0.2/Assets/UnityChanSSU/Models/UnitychanSSU/Materials/Textures/UCSSU_Body_SSS.psd
  artifactKey: Guid(82a8b38dca71e9643b73b57fb342d7bc) Importer(815301076,1909f56bfc062723c751e8b465ee728b)
Start importing Assets/UnityChanSSU_URP-release-1.0.2/UnityChanSSU_URP-release-1.0.2/Assets/UnityChanSSU/Models/UnitychanSSU/Materials/Textures/UCSSU_Body_SSS.psd using Guid(82a8b38dca71e9643b73b57fb342d7bc) Importer(815301076,1909f56bfc062723c751e8b465ee728b)  -> (artifact id: 'fe671a284d1317be24ae395c6fe0b4bf') in 0.020923 seconds 
========================================================================
Received Import Request.
  Time since last request: 0.000032 seconds.
  path: Assets/UnityChanSSU_URP-release-1.0.2/UnityChanSSU_URP-release-1.0.2/Assets/UnityChanSSU/Models/UnitychanSSU/Materials/Textures/UCSSU_Body_Base.psd
  artifactKey: Guid(098f94f5904f4284f8dcb20d09943795) Importer(815301076,1909f56bfc062723c751e8b465ee728b)
Start importing Assets/UnityChanSSU_URP-release-1.0.2/UnityChanSSU_URP-release-1.0.2/Assets/UnityChanSSU/Models/UnitychanSSU/Materials/Textures/UCSSU_Body_Base.psd using Guid(098f94f5904f4284f8dcb20d09943795) Importer(815301076,1909f56bfc062723c751e8b465ee728b)  -> (artifact id: '26749a6d505619cc7ae3fa85c8dcf1c3') in 0.019249 seconds 
========================================================================
Received Import Request.
  Time since last request: 0.000030 seconds.
  path: Assets/UnityChanSSU_URP-release-1.0.2/UnityChanSSU_URP-release-1.0.2/Assets/UnityChanSSU/Models/UnitychanSSU/Materials/Textures/UCSSU_Head_RimMask.psd
  artifactKey: Guid(208f5405469895e4a84a2c35d65d88e9) Importer(815301076,1909f56bfc062723c751e8b465ee728b)
Start importing Assets/UnityChanSSU_URP-release-1.0.2/UnityChanSSU_URP-release-1.0.2/Assets/UnityChanSSU/Models/UnitychanSSU/Materials/Textures/UCSSU_Head_RimMask.psd using Guid(208f5405469895e4a84a2c35d65d88e9) Importer(815301076,1909f56bfc062723c751e8b465ee728b)  -> (artifact id: 'd577181388d385a53f7665a365c064c6') in 0.020726 seconds 
========================================================================
Received Import Request.
  Time since last request: 38.844428 seconds.
  path: Assets/UnityChanSSU_URP-release-1.0.2/UnityChanSSU_URP-release-1.0.2/Assets/UnityChanSSU/Models/UnitychanSSU/Materials/Textures/Back/md8_parkar_alpha.psd
  artifactKey: Guid(f64da4a18444ae84e8d56dc01dbba39d) Importer(815301076,1909f56bfc062723c751e8b465ee728b)
Start importing Assets/UnityChanSSU_URP-release-1.0.2/UnityChanSSU_URP-release-1.0.2/Assets/UnityChanSSU/Models/UnitychanSSU/Materials/Textures/Back/md8_parkar_alpha.psd using Guid(f64da4a18444ae84e8d56dc01dbba39d) Importer(815301076,1909f56bfc062723c751e8b465ee728b)  -> (artifact id: '464b874719b6cd53c6c59eb4c57be5cc') in 0.023527 seconds 
Editor requested this worker to shutdown with reason: Scaling down because of idle timeout
AssetImportWorker is now disconnected from the server
Process exiting
Exiting without the bug reporter. Application will terminate with return code 0