Using pre-set license
Built from '2021.3/staging' branch; Version is '2021.3.11f1 (0a5ca18544bf) revision 679073'; Using compiler version '192829333'; Build Type 'Release'
OS: 'Windows 10  (10.0.19045) 64bit Professional' Language: 'ko' Physical Memory: 32716 MB
BatchMode: 1, IsHumanControllingUs: 0, StartBugReporterOnCrash: 0, Is64bit: 1, IsPro: 1

COMMAND LINE ARGUMENTS:
C:\Program Files\2021.3.11f1\Editor\Unity.exe
-adb2
-batchMode
-noUpm
-name
AssetImportWorker2
-projectPath
C:/Users/ABC/Documents/GitHub/GameProgramming/GamePrograming
-logFile
Logs/AssetImportWorker2.log
-srvPort
63877
Successfully changed project path to: C:/Users/ABC/Documents/GitHub/GameProgramming/GamePrograming
C:/Users/ABC/Documents/GitHub/GameProgramming/GamePrograming
[UnityMemory] Configuration Parameters - Can be set up in boot.config
    "memorysetup-bucket-allocator-granularity=16"
    "memorysetup-bucket-allocator-bucket-count=8"
    "memorysetup-bucket-allocator-block-size=33554432"
    "memorysetup-bucket-allocator-block-count=8"
    "memorysetup-main-allocator-block-size=16777216"
    "memorysetup-thread-allocator-block-size=16777216"
    "memorysetup-gfx-main-allocator-block-size=16777216"
    "memorysetup-gfx-thread-allocator-block-size=16777216"
    "memorysetup-cache-allocator-block-size=4194304"
    "memorysetup-typetree-allocator-block-size=2097152"
    "memorysetup-profiler-bucket-allocator-granularity=16"
    "memorysetup-profiler-bucket-allocator-bucket-count=8"
    "memorysetup-profiler-bucket-allocator-block-size=33554432"
    "memorysetup-profiler-bucket-allocator-block-count=8"
    "memorysetup-profiler-allocator-block-size=16777216"
    "memorysetup-profiler-editor-allocator-block-size=1048576"
    "memorysetup-temp-allocator-size-main=16777216"
    "memorysetup-job-temp-allocator-block-size=2097152"
    "memorysetup-job-temp-allocator-block-size-background=1048576"
    "memorysetup-job-temp-allocator-reduction-small-platforms=262144"
    "memorysetup-temp-allocator-size-background-worker=32768"
    "memorysetup-temp-allocator-size-job-worker=262144"
    "memorysetup-temp-allocator-size-preload-manager=33554432"
    "memorysetup-temp-allocator-size-nav-mesh-worker=65536"
    "memorysetup-temp-allocator-size-audio-worker=65536"
    "memorysetup-temp-allocator-size-cloud-worker=32768"
    "memorysetup-temp-allocator-size-gi-baking-worker=262144"
    "memorysetup-temp-allocator-size-gfx=262144"
Refreshing native plugins compatible for Editor in 136.18 ms, found 4 plugins.
Preloading 0 native plugins for Editor in 0.00 ms.
Initialize engine version: 2021.3.11f1 (0a5ca18544bf)
[Subsystems] Discovering subsystems at path C:/Program Files/2021.3.11f1/Editor/Data/Resources/UnitySubsystems
[Subsystems] Discovering subsystems at path C:/Users/ABC/Documents/GitHub/GameProgramming/GamePrograming/Assets
GfxDevice: creating device client; threaded=0; jobified=0
Direct3D:
    Version:  Direct3D 11.0 [level 11.1]
    Renderer: NVIDIA GeForce RTX 3060 (ID=0x2504)
    Vendor:   NVIDIA
    VRAM:     12129 MB
    Driver:   31.0.15.3713
Initialize mono
Mono path[0] = 'C:/Program Files/2021.3.11f1/Editor/Data/Managed'
Mono path[1] = 'C:/Program Files/2021.3.11f1/Editor/Data/MonoBleedingEdge/lib/mono/unityjit-win32'
Mono config path = 'C:/Program Files/2021.3.11f1/Editor/Data/MonoBleedingEdge/etc'
Using monoOptions --debugger-agent=transport=dt_socket,embedding=1,server=y,suspend=n,address=127.0.0.1:56016
Begin MonoManager ReloadAssembly
Registering precompiled unity dll's ...
Register platform support module: C:/Program Files/2021.3.11f1/Editor/Data/PlaybackEngines/AndroidPlayer/UnityEditor.Android.Extensions.dll
Register platform support module: C:/Program Files/2021.3.11f1/Editor/Data/PlaybackEngines/WindowsStandaloneSupport/UnityEditor.WindowsStandalone.Extensions.dll
Registered in 0.008368 seconds.
Native extension for WindowsStandalone target not found
Native extension for Android target not found
Refreshing native plugins compatible for Editor in 133.10 ms, found 4 plugins.
Preloading 0 native plugins for Editor in 0.00 ms.
Mono: successfully reloaded assembly
- Completed reload, in  0.738 seconds
Domain Reload Profiling:
	ReloadAssembly (738ms)
		BeginReloadAssembly (80ms)
			ExecutionOrderSort (0ms)
			DisableScriptedObjects (0ms)
			BackupInstance (0ms)
			ReleaseScriptingObjects (0ms)
			CreateAndSetChildDomain (1ms)
		EndReloadAssembly (530ms)
			LoadAssemblies (77ms)
			RebuildTransferFunctionScriptingTraits (0ms)
			SetupTypeCache (114ms)
			ReleaseScriptCaches (0ms)
			RebuildScriptCaches (27ms)
			SetupLoadedEditorAssemblies (332ms)
				LogAssemblyErrors (0ms)
				InitializePlatformSupportModulesInManaged (48ms)
				SetLoadedEditorAssemblies (0ms)
				RefreshPlugins (133ms)
				BeforeProcessingInitializeOnLoad (1ms)
				ProcessInitializeOnLoadAttributes (101ms)
				ProcessInitializeOnLoadMethodAttributes (48ms)
				AfterProcessingInitializeOnLoad (0ms)
				EditorAssembliesLoaded (0ms)
			ExecutionOrderSort2 (0ms)
			AwakeInstancesAfterBackupRestoration (0ms)
Platform modules already initialized, skipping
Registering precompiled user dll's ...
Registered in 0.011135 seconds.
Begin MonoManager ReloadAssembly
Native extension for WindowsStandalone target not found
Native extension for Android target not found
Refreshing native plugins compatible for Editor in 139.73 ms, found 4 plugins.
Preloading 0 native plugins for Editor in 0.00 ms.
Mono: successfully reloaded assembly
- Completed reload, in  1.533 seconds
Domain Reload Profiling:
	ReloadAssembly (1534ms)
		BeginReloadAssembly (124ms)
			ExecutionOrderSort (0ms)
			DisableScriptedObjects (6ms)
			BackupInstance (0ms)
			ReleaseScriptingObjects (0ms)
			CreateAndSetChildDomain (19ms)
		EndReloadAssembly (1275ms)
			LoadAssemblies (109ms)
			RebuildTransferFunctionScriptingTraits (0ms)
			SetupTypeCache (309ms)
			ReleaseScriptCaches (1ms)
			RebuildScriptCaches (74ms)
			SetupLoadedEditorAssemblies (736ms)
				LogAssemblyErrors (0ms)
				InitializePlatformSupportModulesInManaged (14ms)
				SetLoadedEditorAssemblies (0ms)
				RefreshPlugins (140ms)
				BeforeProcessingInitializeOnLoad (139ms)
				ProcessInitializeOnLoadAttributes (344ms)
				ProcessInitializeOnLoadMethodAttributes (87ms)
				AfterProcessingInitializeOnLoad (12ms)
				EditorAssembliesLoaded (0ms)
			ExecutionOrderSort2 (0ms)
			AwakeInstancesAfterBackupRestoration (7ms)
Platform modules already initialized, skipping
========================================================================
Worker process is ready to serve import requests
Launched and connected shader compiler UnityShaderCompiler.exe after 0.05 seconds
Refreshing native plugins compatible for Editor in 1.36 ms, found 4 plugins.
Preloading 0 native plugins for Editor in 0.00 ms.
Unloading 6175 Unused Serialized files (Serialized files now loaded: 0)
Unloading 62 unused Assets / (2.1 MB). Loaded Objects now: 6626.
Memory consumption went from 259.9 MB to 257.9 MB.
Total: 4.643900 ms (FindLiveObjects: 0.544200 ms CreateObjectMapping: 0.157300 ms MarkObjects: 3.368700 ms  DeleteObjects: 0.572600 ms)

AssetImportParameters requested are different than current active one (requested -> active):
  custom:video-decoder-ogg-theora: a1e56fd34408186e4bbccfd4996cb3dc -> 
  custom:container-muxer-webm: aa71ff27fc2769a1b78a27578f13a17b -> 
  custom:container-demuxer-webm: 4f35f7cbe854078d1ac9338744f61a02 -> 
  custom:video-encoder-webm-vp8: eb34c28f22e8b96e1ab97ce403110664 -> 
  custom:audio-encoder-webm-vorbis: bf7c407c2cedff20999df2af8eb42d56 -> 
  custom:framework-win-MediaFoundation: 216162199b28c13a410421893ffa2e32 -> 
  custom:container-demuxer-ogg: 62fdf1f143b41e24485cea50d1cbac27 -> 
  custom:video-decoder-webm-vp8: 9c59270c3fd7afecdb556c50c9e8de78 -> 
  custom:audio-decoder-ogg-vorbis: bf7c407c2cedff20999df2af8eb42d56 -> 
========================================================================
Received Import Request.
  Time since last request: 381077.349838 seconds.
  path: Assets/SciFiWarriorPBRHPPolyart/Prefabs
  artifactKey: Guid(d6042bd1068196e4e985966cfa6f0891) Importer(815301076,1909f56bfc062723c751e8b465ee728b)
Start importing Assets/SciFiWarriorPBRHPPolyart/Prefabs using Guid(d6042bd1068196e4e985966cfa6f0891) Importer(815301076,1909f56bfc062723c751e8b465ee728b)  -> (artifact id: '066c3aa0dc039bfb172bf4354866326f') in 0.020092 seconds 
========================================================================
Received Import Request.
  Time since last request: 9.277007 seconds.
  path: Assets/SciFiWarriorPBRHPPolyart/Animations/AvatarMask.mask
  artifactKey: Guid(e0402be4321aa2646a7af179c44591a7) Importer(815301076,1909f56bfc062723c751e8b465ee728b)
Start importing Assets/SciFiWarriorPBRHPPolyart/Animations/AvatarMask.mask using Guid(e0402be4321aa2646a7af179c44591a7) Importer(815301076,1909f56bfc062723c751e8b465ee728b)  -> (artifact id: '0922125f58db2fc625b208f4a6d0530f') in 0.050097 seconds 
========================================================================
Received Import Request.
  Time since last request: 0.000027 seconds.
  path: Assets/SciFiWarriorPBRHPPolyart/Animations/Shoot_SingleShot_AR.fbx
  artifactKey: Guid(7e58f38d10fcc9a498d348e7339ce3ec) Importer(815301076,1909f56bfc062723c751e8b465ee728b)
Start importing Assets/SciFiWarriorPBRHPPolyart/Animations/Shoot_SingleShot_AR.fbx using Guid(7e58f38d10fcc9a498d348e7339ce3ec) Importer(815301076,1909f56bfc062723c751e8b465ee728b)  -> (artifact id: '62e050cd5d901de7dad82e846d05f88f') in 0.543566 seconds 
========================================================================
Received Import Request.
  Time since last request: 0.000033 seconds.
  path: Assets/SciFiWarriorPBRHPPolyart/Animations/WalkFront_Shoot_ar.fbx
  artifactKey: Guid(e398e3aa9cdfcdc4ebd01a06e4c544ae) Importer(815301076,1909f56bfc062723c751e8b465ee728b)
Start importing Assets/SciFiWarriorPBRHPPolyart/Animations/WalkFront_Shoot_ar.fbx using Guid(e398e3aa9cdfcdc4ebd01a06e4c544ae) Importer(815301076,1909f56bfc062723c751e8b465ee728b)  -> (artifact id: '205808cf1e96e067347c3fc76721ae86') in 0.151618 seconds 
========================================================================
Received Import Request.
  Time since last request: 0.000064 seconds.
  path: Assets/SciFiWarriorPBRHPPolyart/Animations/Idle_Ducking_ar.fbx
  artifactKey: Guid(3ad7c5979f6586d4a9532a55492a0ebe) Importer(815301076,1909f56bfc062723c751e8b465ee728b)
Start importing Assets/SciFiWarriorPBRHPPolyart/Animations/Idle_Ducking_ar.fbx using Guid(3ad7c5979f6586d4a9532a55492a0ebe) Importer(815301076,1909f56bfc062723c751e8b465ee728b)  -> (artifact id: 'e09fa03aeaac19254bc30327ae1da831') in 0.145967 seconds 
========================================================================
Received Import Request.
  Time since last request: 0.000031 seconds.
  path: Assets/SciFiWarriorPBRHPPolyart/Animations/WalkBack_Shoot_ar.fbx
  artifactKey: Guid(669b29b2139d8de4ca5447dd50e201af) Importer(815301076,1909f56bfc062723c751e8b465ee728b)
Start importing Assets/SciFiWarriorPBRHPPolyart/Animations/WalkBack_Shoot_ar.fbx using Guid(669b29b2139d8de4ca5447dd50e201af) Importer(815301076,1909f56bfc062723c751e8b465ee728b)  -> (artifact id: 'a0704c14bdcdbd38c6e774ea0fba9eb1') in 0.144399 seconds 
========================================================================
Received Import Request.
  Time since last request: 0.000031 seconds.
  path: Assets/SciFiWarriorPBRHPPolyart/Animations/Run_gunMiddle_AR.fbx
  artifactKey: Guid(d805ca1ced9a1054c9cb7e1dc431a6e3) Importer(815301076,1909f56bfc062723c751e8b465ee728b)
Start importing Assets/SciFiWarriorPBRHPPolyart/Animations/Run_gunMiddle_AR.fbx using Guid(d805ca1ced9a1054c9cb7e1dc431a6e3) Importer(815301076,1909f56bfc062723c751e8b465ee728b)  -> (artifact id: '0e99eadef71c1da0f1bc165633273c54') in 0.159106 seconds 
========================================================================
Received Import Request.
  Time since last request: 0.000052 seconds.
  path: Assets/SciFiWarriorPBRHPPolyart/Animations/WalkRight_Shoot_ar.fbx
  artifactKey: Guid(e6a236f5b06f9cb44ae1ca8b50fcd8ca) Importer(815301076,1909f56bfc062723c751e8b465ee728b)
Start importing Assets/SciFiWarriorPBRHPPolyart/Animations/WalkRight_Shoot_ar.fbx using Guid(e6a236f5b06f9cb44ae1ca8b50fcd8ca) Importer(815301076,1909f56bfc062723c751e8b465ee728b)  -> (artifact id: '0834683a6660af11eceed0a9d179a86f') in 0.150327 seconds 
========================================================================
Received Import Request.
  Time since last request: 0.000033 seconds.
  path: Assets/SciFiWarriorPBRHPPolyart/Animations/Idle_guard_ar.fbx
  artifactKey: Guid(21a805ef27ad7ef42904fff42be01ba6) Importer(815301076,1909f56bfc062723c751e8b465ee728b)
Start importing Assets/SciFiWarriorPBRHPPolyart/Animations/Idle_guard_ar.fbx using Guid(21a805ef27ad7ef42904fff42be01ba6) Importer(815301076,1909f56bfc062723c751e8b465ee728b)  -> (artifact id: 'c4a0e2963466c4225870d8c3404259a8') in 0.141232 seconds 
Editor requested this worker to shutdown with reason: Scaling down because of idle timeout
AssetImportWorker is now disconnected from the server
Process exiting
Exiting without the bug reporter. Application will terminate with return code 0