Using pre-set license
Built from '2021.3/staging' branch; Version is '2021.3.11f1 (0a5ca18544bf) revision 679073'; Using compiler version '192829333'; Build Type 'Release'
OS: 'Windows 10  (10.0.19045) 64bit Professional' Language: 'ko' Physical Memory: 32716 MB
BatchMode: 1, IsHumanControllingUs: 0, StartBugReporterOnCrash: 0, Is64bit: 1, IsPro: 1

COMMAND LINE ARGUMENTS:
C:\Program Files\2021.3.11f1\Editor\Unity.exe
-adb2
-batchMode
-noUpm
-name
AssetImportWorker1
-projectPath
C:/Users/ABC/Documents/GitHub/GameProgramming/GamePrograming
-logFile
Logs/AssetImportWorker1.log
-srvPort
63657
Successfully changed project path to: C:/Users/ABC/Documents/GitHub/GameProgramming/GamePrograming
C:/Users/ABC/Documents/GitHub/GameProgramming/GamePrograming
[UnityMemory] Configuration Parameters - Can be set up in boot.config
    "memorysetup-bucket-allocator-granularity=16"
    "memorysetup-bucket-allocator-bucket-count=8"
    "memorysetup-bucket-allocator-block-size=33554432"
    "memorysetup-bucket-allocator-block-count=8"
    "memorysetup-main-allocator-block-size=16777216"
    "memorysetup-thread-allocator-block-size=16777216"
    "memorysetup-gfx-main-allocator-block-size=16777216"
    "memorysetup-gfx-thread-allocator-block-size=16777216"
    "memorysetup-cache-allocator-block-size=4194304"
    "memorysetup-typetree-allocator-block-size=2097152"
    "memorysetup-profiler-bucket-allocator-granularity=16"
    "memorysetup-profiler-bucket-allocator-bucket-count=8"
    "memorysetup-profiler-bucket-allocator-block-size=33554432"
    "memorysetup-profiler-bucket-allocator-block-count=8"
    "memorysetup-profiler-allocator-block-size=16777216"
    "memorysetup-profiler-editor-allocator-block-size=1048576"
    "memorysetup-temp-allocator-size-main=16777216"
    "memorysetup-job-temp-allocator-block-size=2097152"
    "memorysetup-job-temp-allocator-block-size-background=1048576"
    "memorysetup-job-temp-allocator-reduction-small-platforms=262144"
    "memorysetup-temp-allocator-size-background-worker=32768"
    "memorysetup-temp-allocator-size-job-worker=262144"
    "memorysetup-temp-allocator-size-preload-manager=33554432"
    "memorysetup-temp-allocator-size-nav-mesh-worker=65536"
    "memorysetup-temp-allocator-size-audio-worker=65536"
    "memorysetup-temp-allocator-size-cloud-worker=32768"
    "memorysetup-temp-allocator-size-gi-baking-worker=262144"
    "memorysetup-temp-allocator-size-gfx=262144"
Refreshing native plugins compatible for Editor in 144.26 ms, found 4 plugins.
Preloading 0 native plugins for Editor in 0.00 ms.
Initialize engine version: 2021.3.11f1 (0a5ca18544bf)
[Subsystems] Discovering subsystems at path C:/Program Files/2021.3.11f1/Editor/Data/Resources/UnitySubsystems
[Subsystems] Discovering subsystems at path C:/Users/ABC/Documents/GitHub/GameProgramming/GamePrograming/Assets
GfxDevice: creating device client; threaded=0; jobified=0
Direct3D:
    Version:  Direct3D 11.0 [level 11.1]
    Renderer: NVIDIA GeForce RTX 3060 (ID=0x2504)
    Vendor:   NVIDIA
    VRAM:     12129 MB
    Driver:   31.0.15.3713
Initialize mono
Mono path[0] = 'C:/Program Files/2021.3.11f1/Editor/Data/Managed'
Mono path[1] = 'C:/Program Files/2021.3.11f1/Editor/Data/MonoBleedingEdge/lib/mono/unityjit-win32'
Mono config path = 'C:/Program Files/2021.3.11f1/Editor/Data/MonoBleedingEdge/etc'
Using monoOptions --debugger-agent=transport=dt_socket,embedding=1,server=y,suspend=n,address=127.0.0.1:56348
Begin MonoManager ReloadAssembly
Registering precompiled unity dll's ...
Register platform support module: C:/Program Files/2021.3.11f1/Editor/Data/PlaybackEngines/AndroidPlayer/UnityEditor.Android.Extensions.dll
Register platform support module: C:/Program Files/2021.3.11f1/Editor/Data/PlaybackEngines/WindowsStandaloneSupport/UnityEditor.WindowsStandalone.Extensions.dll
Registered in 0.011018 seconds.
Native extension for WindowsStandalone target not found
Native extension for Android target not found
Refreshing native plugins compatible for Editor in 136.75 ms, found 4 plugins.
Preloading 0 native plugins for Editor in 0.00 ms.
Mono: successfully reloaded assembly
- Completed reload, in  0.765 seconds
Domain Reload Profiling:
	ReloadAssembly (765ms)
		BeginReloadAssembly (87ms)
			ExecutionOrderSort (0ms)
			DisableScriptedObjects (0ms)
			BackupInstance (0ms)
			ReleaseScriptingObjects (0ms)
			CreateAndSetChildDomain (1ms)
		EndReloadAssembly (542ms)
			LoadAssemblies (84ms)
			RebuildTransferFunctionScriptingTraits (0ms)
			SetupTypeCache (115ms)
			ReleaseScriptCaches (0ms)
			RebuildScriptCaches (26ms)
			SetupLoadedEditorAssemblies (341ms)
				LogAssemblyErrors (0ms)
				InitializePlatformSupportModulesInManaged (52ms)
				SetLoadedEditorAssemblies (0ms)
				RefreshPlugins (137ms)
				BeforeProcessingInitializeOnLoad (1ms)
				ProcessInitializeOnLoadAttributes (102ms)
				ProcessInitializeOnLoadMethodAttributes (49ms)
				AfterProcessingInitializeOnLoad (0ms)
				EditorAssembliesLoaded (0ms)
			ExecutionOrderSort2 (0ms)
			AwakeInstancesAfterBackupRestoration (0ms)
Platform modules already initialized, skipping
Registering precompiled user dll's ...
Registered in 0.012080 seconds.
Begin MonoManager ReloadAssembly
Symbol file LoadedFromMemory doesn't match image C:\Users\ABC\Documents\GitHub\GameProgramming\GamePrograming\Library\PackageCache\com.unity.visualscripting@1.7.8\Editor\VisualScripting.Core\Dependencies\YamlDotNet\Unity.VisualScripting.YamlDotNet.dll
Symbol file LoadedFromMemory doesn't match image C:\Users\ABC\Documents\GitHub\GameProgramming\GamePrograming\Library\PackageCache\com.unity.visualscripting@1.7.8\Editor\VisualScripting.Core\Dependencies\DotNetZip\Unity.VisualScripting.IonicZip.dll
Native extension for WindowsStandalone target not found
Native extension for Android target not found
Refreshing native plugins compatible for Editor in 142.30 ms, found 4 plugins.
Preloading 0 native plugins for Editor in 0.00 ms.
Mono: successfully reloaded assembly
- Completed reload, in  1.638 seconds
Domain Reload Profiling:
	ReloadAssembly (1639ms)
		BeginReloadAssembly (126ms)
			ExecutionOrderSort (0ms)
			DisableScriptedObjects (6ms)
			BackupInstance (0ms)
			ReleaseScriptingObjects (0ms)
			CreateAndSetChildDomain (22ms)
		EndReloadAssembly (1373ms)
			LoadAssemblies (117ms)
			RebuildTransferFunctionScriptingTraits (0ms)
			SetupTypeCache (327ms)
			ReleaseScriptCaches (1ms)
			RebuildScriptCaches (83ms)
			SetupLoadedEditorAssemblies (785ms)
				LogAssemblyErrors (0ms)
				InitializePlatformSupportModulesInManaged (14ms)
				SetLoadedEditorAssemblies (0ms)
				RefreshPlugins (142ms)
				BeforeProcessingInitializeOnLoad (156ms)
				ProcessInitializeOnLoadAttributes (368ms)
				ProcessInitializeOnLoadMethodAttributes (91ms)
				AfterProcessingInitializeOnLoad (13ms)
				EditorAssembliesLoaded (0ms)
			ExecutionOrderSort2 (0ms)
			AwakeInstancesAfterBackupRestoration (9ms)
Platform modules already initialized, skipping
========================================================================
Worker process is ready to serve import requests
Launched and connected shader compiler UnityShaderCompiler.exe after 0.05 seconds
Refreshing native plugins compatible for Editor in 1.18 ms, found 4 plugins.
Preloading 0 native plugins for Editor in 0.00 ms.
Unloading 6237 Unused Serialized files (Serialized files now loaded: 0)
Unloading 62 unused Assets / (2.1 MB). Loaded Objects now: 6688.
Memory consumption went from 261.9 MB to 259.9 MB.
Total: 5.345200 ms (FindLiveObjects: 0.647900 ms CreateObjectMapping: 0.256200 ms MarkObjects: 3.604700 ms  DeleteObjects: 0.834900 ms)

AssetImportParameters requested are different than current active one (requested -> active):
  custom:video-decoder-ogg-theora: a1e56fd34408186e4bbccfd4996cb3dc -> 
  custom:container-muxer-webm: aa71ff27fc2769a1b78a27578f13a17b -> 
  custom:container-demuxer-webm: 4f35f7cbe854078d1ac9338744f61a02 -> 
  custom:video-encoder-webm-vp8: eb34c28f22e8b96e1ab97ce403110664 -> 
  custom:audio-encoder-webm-vorbis: bf7c407c2cedff20999df2af8eb42d56 -> 
  custom:framework-win-MediaFoundation: 216162199b28c13a410421893ffa2e32 -> 
  custom:container-demuxer-ogg: 62fdf1f143b41e24485cea50d1cbac27 -> 
  custom:video-decoder-webm-vp8: 9c59270c3fd7afecdb556c50c9e8de78 -> 
  custom:audio-decoder-ogg-vorbis: bf7c407c2cedff20999df2af8eb42d56 -> 
========================================================================
Received Import Request.
  Time since last request: 903380.358250 seconds.
  path: Assets/UnityChanSSU_URP-release-1.0.5/UnityChanSSU_URP-release-1.0.5/Assets/UnityChanSSU/Models/UnitychanSSU
  artifactKey: Guid(5b165e3b7e22dde4895388736d08c5cd) Importer(815301076,1909f56bfc062723c751e8b465ee728b)
Start importing Assets/UnityChanSSU_URP-release-1.0.5/UnityChanSSU_URP-release-1.0.5/Assets/UnityChanSSU/Models/UnitychanSSU using Guid(5b165e3b7e22dde4895388736d08c5cd) Importer(815301076,1909f56bfc062723c751e8b465ee728b)  -> (artifact id: '06386dddb28be99357275970b04dd35d') in 0.020153 seconds 
========================================================================
Received Import Request.
  Time since last request: 0.000042 seconds.
  path: Assets/UnityChanSSU_URP-release-1.0.5/UnityChanSSU_URP-release-1.0.5/Assets/UnityChanSSU/Models/UnitychanSSU/UnityChanSSU.fbx
  artifactKey: Guid(f2c836f3e5c029140a0cc913d7df766a) Importer(815301076,1909f56bfc062723c751e8b465ee728b)
Start importing Assets/UnityChanSSU_URP-release-1.0.5/UnityChanSSU_URP-release-1.0.5/Assets/UnityChanSSU/Models/UnitychanSSU/UnityChanSSU.fbx using Guid(f2c836f3e5c029140a0cc913d7df766a) Importer(815301076,1909f56bfc062723c751e8b465ee728b)  -> (artifact id: 'b053a9abd3021df359f2fafcd13a92ab') in 2.693183 seconds 
========================================================================
Received Import Request.
  Time since last request: 65.901014 seconds.
  path: Assets/UnityChanSSU_URP-release-1.0.5/UnityChanSSU_URP-release-1.0.5/Assets/UnityChanSSU/Models/UnitychanSSU/Materials/UCSSU_Eyes.mat
  artifactKey: Guid(e212f5c6b11e7c24cbdd6f919c07d70c) Importer(815301076,1909f56bfc062723c751e8b465ee728b)
Start importing Assets/UnityChanSSU_URP-release-1.0.5/UnityChanSSU_URP-release-1.0.5/Assets/UnityChanSSU/Models/UnitychanSSU/Materials/UCSSU_Eyes.mat using Guid(e212f5c6b11e7c24cbdd6f919c07d70c) Importer(815301076,1909f56bfc062723c751e8b465ee728b)  -> (artifact id: '88cddeee96013cbed138ca3e8bdf771d') in 0.071570 seconds 
========================================================================
Received Import Request.
  Time since last request: 0.000036 seconds.
  path: Assets/UnityChanSSU_URP-release-1.0.5/UnityChanSSU_URP-release-1.0.5/Assets/UnityChanSSU/Models/UnitychanSSU/Materials/UCSSU_HoodieLED.mat
  artifactKey: Guid(fdb94abbd2b57a848a7c6be39952a5ce) Importer(815301076,1909f56bfc062723c751e8b465ee728b)
Start importing Assets/UnityChanSSU_URP-release-1.0.5/UnityChanSSU_URP-release-1.0.5/Assets/UnityChanSSU/Models/UnitychanSSU/Materials/UCSSU_HoodieLED.mat using Guid(fdb94abbd2b57a848a7c6be39952a5ce) Importer(815301076,1909f56bfc062723c751e8b465ee728b)  -> (artifact id: 'a5f317d6a513b84d781f0039e5651b62') in 0.028444 seconds 
========================================================================
Received Import Request.
  Time since last request: 0.000031 seconds.
  path: Assets/UnityChanSSU_URP-release-1.0.5/UnityChanSSU_URP-release-1.0.5/Assets/UnityChanSSU/Models/UnitychanSSU/Materials/UCSSU_Shirt.mat
  artifactKey: Guid(50fbd669bbbd7484199db8db6f1fbb08) Importer(815301076,1909f56bfc062723c751e8b465ee728b)
Start importing Assets/UnityChanSSU_URP-release-1.0.5/UnityChanSSU_URP-release-1.0.5/Assets/UnityChanSSU/Models/UnitychanSSU/Materials/UCSSU_Shirt.mat using Guid(50fbd669bbbd7484199db8db6f1fbb08) Importer(815301076,1909f56bfc062723c751e8b465ee728b)  -> (artifact id: '0b94b282f8190e363eb5a6efecd12490') in 0.051749 seconds 
========================================================================
Received Import Request.
  Time since last request: 0.000042 seconds.
  path: Assets/UnityChanSSU_URP-release-1.0.5/UnityChanSSU_URP-release-1.0.5/Assets/UnityChanSSU/Models/UnitychanSSU/Materials/UCSSU_HoodieZipper.mat
  artifactKey: Guid(b7d8bc69ba5f5be4b854238a3c13c926) Importer(815301076,1909f56bfc062723c751e8b465ee728b)
Start importing Assets/UnityChanSSU_URP-release-1.0.5/UnityChanSSU_URP-release-1.0.5/Assets/UnityChanSSU/Models/UnitychanSSU/Materials/UCSSU_HoodieZipper.mat using Guid(b7d8bc69ba5f5be4b854238a3c13c926) Importer(815301076,1909f56bfc062723c751e8b465ee728b)  -> (artifact id: '11df2f592634904fc85b14f5481e5014') in 0.045505 seconds 
========================================================================
Received Import Request.
  Time since last request: 0.000093 seconds.
  path: Assets/UnityChanSSU_URP-release-1.0.5/UnityChanSSU_URP-release-1.0.5/Assets/UnityChanSSU/Models/UnitychanSSU/Materials/UCSSU_Head.mat
  artifactKey: Guid(a1de1bc82e8d003449925a8f6fc924c9) Importer(815301076,1909f56bfc062723c751e8b465ee728b)
Start importing Assets/UnityChanSSU_URP-release-1.0.5/UnityChanSSU_URP-release-1.0.5/Assets/UnityChanSSU/Models/UnitychanSSU/Materials/UCSSU_Head.mat using Guid(a1de1bc82e8d003449925a8f6fc924c9) Importer(815301076,1909f56bfc062723c751e8b465ee728b)  -> (artifact id: 'b5d317518d21e08499e98d28e366ef92') in 0.028762 seconds 
========================================================================
Received Import Request.
  Time since last request: 0.000024 seconds.
  path: Assets/UnityChanSSU_URP-release-1.0.5/UnityChanSSU_URP-release-1.0.5/Assets/UnityChanSSU/Models/UnitychanSSU/Materials/UCSSU_EyesHL.mat
  artifactKey: Guid(118b305ced9e7244ca105703ffa3dd4a) Importer(815301076,1909f56bfc062723c751e8b465ee728b)
Start importing Assets/UnityChanSSU_URP-release-1.0.5/UnityChanSSU_URP-release-1.0.5/Assets/UnityChanSSU/Models/UnitychanSSU/Materials/UCSSU_EyesHL.mat using Guid(118b305ced9e7244ca105703ffa3dd4a) Importer(815301076,1909f56bfc062723c751e8b465ee728b)  -> (artifact id: '9e2edc841f6094c93d738628729a144e') in 0.024679 seconds 
Editor requested this worker to shutdown with reason: Scaling down because of idle timeout
AssetImportWorker is now disconnected from the server
Process exiting
Exiting without the bug reporter. Application will terminate with return code 0