Using pre-set license
Built from '2021.3/staging' branch; Version is '2021.3.11f1 (0a5ca18544bf) revision 679073'; Using compiler version '192829333'; Build Type 'Release'
OS: 'Windows 10  (10.0.19045) 64bit Professional' Language: 'ko' Physical Memory: 32716 MB
BatchMode: 1, IsHumanControllingUs: 0, StartBugReporterOnCrash: 0, Is64bit: 1, IsPro: 1

COMMAND LINE ARGUMENTS:
C:\Program Files\2021.3.11f1\Editor\Unity.exe
-adb2
-batchMode
-noUpm
-name
AssetImportWorker2
-projectPath
C:/Users/ABC/Documents/GitHub/GameProgramming/GamePrograming
-logFile
Logs/AssetImportWorker2.log
-srvPort
54887
Successfully changed project path to: C:/Users/ABC/Documents/GitHub/GameProgramming/GamePrograming
C:/Users/ABC/Documents/GitHub/GameProgramming/GamePrograming
[UnityMemory] Configuration Parameters - Can be set up in boot.config
    "memorysetup-bucket-allocator-granularity=16"
    "memorysetup-bucket-allocator-bucket-count=8"
    "memorysetup-bucket-allocator-block-size=33554432"
    "memorysetup-bucket-allocator-block-count=8"
    "memorysetup-main-allocator-block-size=16777216"
    "memorysetup-thread-allocator-block-size=16777216"
    "memorysetup-gfx-main-allocator-block-size=16777216"
    "memorysetup-gfx-thread-allocator-block-size=16777216"
    "memorysetup-cache-allocator-block-size=4194304"
    "memorysetup-typetree-allocator-block-size=2097152"
    "memorysetup-profiler-bucket-allocator-granularity=16"
    "memorysetup-profiler-bucket-allocator-bucket-count=8"
    "memorysetup-profiler-bucket-allocator-block-size=33554432"
    "memorysetup-profiler-bucket-allocator-block-count=8"
    "memorysetup-profiler-allocator-block-size=16777216"
    "memorysetup-profiler-editor-allocator-block-size=1048576"
    "memorysetup-temp-allocator-size-main=16777216"
    "memorysetup-job-temp-allocator-block-size=2097152"
    "memorysetup-job-temp-allocator-block-size-background=1048576"
    "memorysetup-job-temp-allocator-reduction-small-platforms=262144"
    "memorysetup-temp-allocator-size-background-worker=32768"
    "memorysetup-temp-allocator-size-job-worker=262144"
    "memorysetup-temp-allocator-size-preload-manager=33554432"
    "memorysetup-temp-allocator-size-nav-mesh-worker=65536"
    "memorysetup-temp-allocator-size-audio-worker=65536"
    "memorysetup-temp-allocator-size-cloud-worker=32768"
    "memorysetup-temp-allocator-size-gi-baking-worker=262144"
    "memorysetup-temp-allocator-size-gfx=262144"
Refreshing native plugins compatible for Editor in 131.27 ms, found 4 plugins.
Preloading 0 native plugins for Editor in 0.00 ms.
Initialize engine version: 2021.3.11f1 (0a5ca18544bf)
[Subsystems] Discovering subsystems at path C:/Program Files/2021.3.11f1/Editor/Data/Resources/UnitySubsystems
[Subsystems] Discovering subsystems at path C:/Users/ABC/Documents/GitHub/GameProgramming/GamePrograming/Assets
GfxDevice: creating device client; threaded=0; jobified=0
Direct3D:
    Version:  Direct3D 11.0 [level 11.1]
    Renderer: NVIDIA GeForce RTX 3060 (ID=0x2504)
    Vendor:   NVIDIA
    VRAM:     12129 MB
    Driver:   31.0.15.3713
Initialize mono
Mono path[0] = 'C:/Program Files/2021.3.11f1/Editor/Data/Managed'
Mono path[1] = 'C:/Program Files/2021.3.11f1/Editor/Data/MonoBleedingEdge/lib/mono/unityjit-win32'
Mono config path = 'C:/Program Files/2021.3.11f1/Editor/Data/MonoBleedingEdge/etc'
Using monoOptions --debugger-agent=transport=dt_socket,embedding=1,server=y,suspend=n,address=127.0.0.1:56056
Begin MonoManager ReloadAssembly
Registering precompiled unity dll's ...
Register platform support module: C:/Program Files/2021.3.11f1/Editor/Data/PlaybackEngines/AndroidPlayer/UnityEditor.Android.Extensions.dll
Register platform support module: C:/Program Files/2021.3.11f1/Editor/Data/PlaybackEngines/WindowsStandaloneSupport/UnityEditor.WindowsStandalone.Extensions.dll
Registered in 0.008388 seconds.
Native extension for WindowsStandalone target not found
Native extension for Android target not found
Refreshing native plugins compatible for Editor in 123.91 ms, found 4 plugins.
Preloading 0 native plugins for Editor in 0.00 ms.
Mono: successfully reloaded assembly
- Completed reload, in  0.722 seconds
Domain Reload Profiling:
	ReloadAssembly (722ms)
		BeginReloadAssembly (80ms)
			ExecutionOrderSort (0ms)
			DisableScriptedObjects (0ms)
			BackupInstance (0ms)
			ReleaseScriptingObjects (0ms)
			CreateAndSetChildDomain (1ms)
		EndReloadAssembly (517ms)
			LoadAssemblies (77ms)
			RebuildTransferFunctionScriptingTraits (0ms)
			SetupTypeCache (113ms)
			ReleaseScriptCaches (0ms)
			RebuildScriptCaches (27ms)
			SetupLoadedEditorAssemblies (321ms)
				LogAssemblyErrors (0ms)
				InitializePlatformSupportModulesInManaged (46ms)
				SetLoadedEditorAssemblies (0ms)
				RefreshPlugins (124ms)
				BeforeProcessingInitializeOnLoad (1ms)
				ProcessInitializeOnLoadAttributes (101ms)
				ProcessInitializeOnLoadMethodAttributes (48ms)
				AfterProcessingInitializeOnLoad (0ms)
				EditorAssembliesLoaded (0ms)
			ExecutionOrderSort2 (0ms)
			AwakeInstancesAfterBackupRestoration (0ms)
Platform modules already initialized, skipping
Registering precompiled user dll's ...
Registered in 0.011218 seconds.
Begin MonoManager ReloadAssembly
Symbol file LoadedFromMemory doesn't match image C:\Users\ABC\Documents\GitHub\GameProgramming\GamePrograming\Library\PackageCache\com.unity.visualscripting@1.7.8\Editor\VisualScripting.Core\Dependencies\YamlDotNet\Unity.VisualScripting.YamlDotNet.dll
Symbol file LoadedFromMemory doesn't match image C:\Users\ABC\Documents\GitHub\GameProgramming\GamePrograming\Library\PackageCache\com.unity.visualscripting@1.7.8\Editor\VisualScripting.Core\Dependencies\DotNetZip\Unity.VisualScripting.IonicZip.dll
Native extension for WindowsStandalone target not found
Native extension for Android target not found
Refreshing native plugins compatible for Editor in 127.56 ms, found 4 plugins.
Preloading 0 native plugins for Editor in 0.00 ms.
Mono: successfully reloaded assembly
- Completed reload, in  1.453 seconds
Domain Reload Profiling:
	ReloadAssembly (1454ms)
		BeginReloadAssembly (120ms)
			ExecutionOrderSort (0ms)
			DisableScriptedObjects (6ms)
			BackupInstance (0ms)
			ReleaseScriptingObjects (0ms)
			CreateAndSetChildDomain (19ms)
		EndReloadAssembly (1193ms)
			LoadAssemblies (104ms)
			RebuildTransferFunctionScriptingTraits (0ms)
			SetupTypeCache (298ms)
			ReleaseScriptCaches (1ms)
			RebuildScriptCaches (72ms)
			SetupLoadedEditorAssemblies (668ms)
				LogAssemblyErrors (0ms)
				InitializePlatformSupportModulesInManaged (14ms)
				SetLoadedEditorAssemblies (0ms)
				RefreshPlugins (128ms)
				BeforeProcessingInitializeOnLoad (136ms)
				ProcessInitializeOnLoadAttributes (289ms)
				ProcessInitializeOnLoadMethodAttributes (90ms)
				AfterProcessingInitializeOnLoad (11ms)
				EditorAssembliesLoaded (0ms)
			ExecutionOrderSort2 (0ms)
			AwakeInstancesAfterBackupRestoration (7ms)
Platform modules already initialized, skipping
========================================================================
Worker process is ready to serve import requests
Launched and connected shader compiler UnityShaderCompiler.exe after 0.05 seconds
Refreshing native plugins compatible for Editor in 1.70 ms, found 4 plugins.
Preloading 0 native plugins for Editor in 0.00 ms.
Unloading 5831 Unused Serialized files (Serialized files now loaded: 0)
Unloading 59 unused Assets / (2.1 MB). Loaded Objects now: 6281.
Memory consumption went from 247.2 MB to 245.1 MB.
Total: 5.849700 ms (FindLiveObjects: 0.695300 ms CreateObjectMapping: 0.495400 ms MarkObjects: 3.874500 ms  DeleteObjects: 0.783100 ms)

AssetImportParameters requested are different than current active one (requested -> active):
  custom:video-decoder-ogg-theora: a1e56fd34408186e4bbccfd4996cb3dc -> 
  custom:container-muxer-webm: aa71ff27fc2769a1b78a27578f13a17b -> 
  custom:container-demuxer-webm: 4f35f7cbe854078d1ac9338744f61a02 -> 
  custom:video-encoder-webm-vp8: eb34c28f22e8b96e1ab97ce403110664 -> 
  custom:audio-encoder-webm-vorbis: bf7c407c2cedff20999df2af8eb42d56 -> 
  custom:framework-win-MediaFoundation: 216162199b28c13a410421893ffa2e32 -> 
  custom:container-demuxer-ogg: 62fdf1f143b41e24485cea50d1cbac27 -> 
  custom:video-decoder-webm-vp8: 9c59270c3fd7afecdb556c50c9e8de78 -> 
  custom:audio-decoder-ogg-vorbis: bf7c407c2cedff20999df2af8eb42d56 -> 
========================================================================
Received Import Request.
  Time since last request: 380092.564870 seconds.
  path: Assets/glass.jpg
  artifactKey: Guid(b09e92cc638d23549bf8693d76dd8fc4) Importer(2089858483,0ecaa5967403d082aa24f35e1b516d23)
Start importing Assets/glass.jpg using Guid(b09e92cc638d23549bf8693d76dd8fc4) Importer(2089858483,0ecaa5967403d082aa24f35e1b516d23) Generated GUIDs only implemented for interfaces!
 -> (artifact id: 'e6e9218ca53ad1601a0f7a2d2a139571') in 0.294307 seconds 
========================================================================
Received Import Request.
  Time since last request: 0.000034 seconds.
  path: Assets/Jammo-Character/Scenes/JammoScene/ReflectionProbe-0.exr
  artifactKey: Guid(1ca36e2c5ecb2c5448e10f58efb00fc6) Importer(2089858483,0ecaa5967403d082aa24f35e1b516d23)
Start importing Assets/Jammo-Character/Scenes/JammoScene/ReflectionProbe-0.exr using Guid(1ca36e2c5ecb2c5448e10f58efb00fc6) Importer(2089858483,0ecaa5967403d082aa24f35e1b516d23) Generated GUIDs only implemented for interfaces!
 -> (artifact id: 'e6a9ef353059f5da6df160d0232a6e2e') in 0.029904 seconds 
========================================================================
Received Import Request.
  Time since last request: 0.000044 seconds.
  path: Assets/Jammo-Character/Scenes/JammoScene/Lightmap-0_comp_light.exr
  artifactKey: Guid(845403108a978e0439af5ff7d2994c5e) Importer(2089858483,0ecaa5967403d082aa24f35e1b516d23)
Start importing Assets/Jammo-Character/Scenes/JammoScene/Lightmap-0_comp_light.exr using Guid(845403108a978e0439af5ff7d2994c5e) Importer(2089858483,0ecaa5967403d082aa24f35e1b516d23) Generated GUIDs only implemented for interfaces!
 -> (artifact id: '1c59daad0ba0157ced79ca6c45477b61') in 0.044988 seconds 
========================================================================
Received Import Request.
  Time since last request: 0.000020 seconds.
  path: Assets/Jammo-Character/Animations/Default/a_Idle_Happy.anim
  artifactKey: Guid(9045b628a2e38a246a988d3abea05c36) Importer(2089858483,0ecaa5967403d082aa24f35e1b516d23)
Start importing Assets/Jammo-Character/Animations/Default/a_Idle_Happy.anim using Guid(9045b628a2e38a246a988d3abea05c36) Importer(2089858483,0ecaa5967403d082aa24f35e1b516d23) Generated GUIDs only implemented for interfaces!
 -> (artifact id: '5057797e416a24f489de0b2c20cfd07b') in 0.029233 seconds 
========================================================================
Received Import Request.
  Time since last request: 0.000028 seconds.
  path: Assets/Jammo-Character/Animations/AnimatorController_Jamo.controller
  artifactKey: Guid(535d24752e3d6444da644e79e90ec2ca) Importer(2089858483,0ecaa5967403d082aa24f35e1b516d23)
Start importing Assets/Jammo-Character/Animations/AnimatorController_Jamo.controller using Guid(535d24752e3d6444da644e79e90ec2ca) Importer(2089858483,0ecaa5967403d082aa24f35e1b516d23) Generated GUIDs only implemented for interfaces!
 -> (artifact id: 'f708312fe0c779ad1587fada2db173bf') in 0.048207 seconds 
========================================================================
Received Import Request.
  Time since last request: 0.000027 seconds.
  path: Assets/Jammo-Character/Materials/m_jammo_metal.mat
  artifactKey: Guid(60c2f0e0aaa8f8d4e9d23d7e3768653b) Importer(2089858483,0ecaa5967403d082aa24f35e1b516d23)
Start importing Assets/Jammo-Character/Materials/m_jammo_metal.mat using Guid(60c2f0e0aaa8f8d4e9d23d7e3768653b) Importer(2089858483,0ecaa5967403d082aa24f35e1b516d23) Generated GUIDs only implemented for interfaces!
 -> (artifact id: '2c599b460d050743fed6f94d5e410248') in 0.054761 seconds 
========================================================================
Received Import Request.
  Time since last request: 0.000028 seconds.
  path: Assets/RTS_Scifi_game_assets/UI/Unit_Selection/Unit_Selection_v1.prefab
  artifactKey: Guid(ade4a8a0e9637bb4e9f97dfca89c65b1) Importer(2089858483,0ecaa5967403d082aa24f35e1b516d23)
Start importing Assets/RTS_Scifi_game_assets/UI/Unit_Selection/Unit_Selection_v1.prefab using Guid(ade4a8a0e9637bb4e9f97dfca89c65b1) Importer(2089858483,0ecaa5967403d082aa24f35e1b516d23) Generated GUIDs only implemented for interfaces!
 -> (artifact id: '3e3484960eac891b7327bd000e0f850a') in 0.125276 seconds 
========================================================================
Received Import Request.
  Time since last request: 0.000026 seconds.
  path: Assets/RTS_Scifi_game_assets/Models/Vehicle/Vehicle_v1/Laser_tower_v1.prefab
  artifactKey: Guid(e0ef3032f03a2314a97d2384b90a6d07) Importer(2089858483,0ecaa5967403d082aa24f35e1b516d23)
Start importing Assets/RTS_Scifi_game_assets/Models/Vehicle/Vehicle_v1/Laser_tower_v1.prefab using Guid(e0ef3032f03a2314a97d2384b90a6d07) Importer(2089858483,0ecaa5967403d082aa24f35e1b516d23) Generated GUIDs only implemented for interfaces!
 -> (artifact id: 'e78ec90d65b4059bc1a12a3be244c5a1') in 0.029065 seconds 
========================================================================
Received Import Request.
  Time since last request: 0.000031 seconds.
  path: Assets/RTS_Scifi_game_assets/Models/Turrets/Source/Turret_v1_orange.tga
  artifactKey: Guid(d65b2639ceb9a534ba6faf64ba396a16) Importer(2089858483,0ecaa5967403d082aa24f35e1b516d23)
Start importing Assets/RTS_Scifi_game_assets/Models/Turrets/Source/Turret_v1_orange.tga using Guid(d65b2639ceb9a534ba6faf64ba396a16) Importer(2089858483,0ecaa5967403d082aa24f35e1b516d23) Generated GUIDs only implemented for interfaces!
 -> (artifact id: '1029066d0f15f79ac9328039ee7cef5b') in 0.034834 seconds 
========================================================================
Received Import Request.
  Time since last request: 0.000025 seconds.
  path: Assets/RTS_Scifi_game_assets/Models/Turrets/Source/Turret_v1.mat
  artifactKey: Guid(686bba6db330117419815aaa388a16a3) Importer(2089858483,0ecaa5967403d082aa24f35e1b516d23)
Start importing Assets/RTS_Scifi_game_assets/Models/Turrets/Source/Turret_v1.mat using Guid(686bba6db330117419815aaa388a16a3) Importer(2089858483,0ecaa5967403d082aa24f35e1b516d23) Generated GUIDs only implemented for interfaces!
 -> (artifact id: 'c7575330e8fe854ca6eaa04c716574f1') in 0.027018 seconds 
========================================================================
Received Import Request.
  Time since last request: 0.000026 seconds.
  path: Assets/RTS_Scifi_game_assets/Models/Vehicle/Vehicle_v1/Vehicle_v1.prefab
  artifactKey: Guid(528af406eaf082244ae68b755f89d3d3) Importer(2089858483,0ecaa5967403d082aa24f35e1b516d23)
Start importing Assets/RTS_Scifi_game_assets/Models/Vehicle/Vehicle_v1/Vehicle_v1.prefab using Guid(528af406eaf082244ae68b755f89d3d3) Importer(2089858483,0ecaa5967403d082aa24f35e1b516d23) Generated GUIDs only implemented for interfaces!
 -> (artifact id: '9f0304f36052f0f6ee92250d8414a7d0') in 0.028273 seconds 
========================================================================
Received Import Request.
  Time since last request: 0.000030 seconds.
  path: Assets/RTS_Scifi_game_assets/Models/Turrets/Source/Turret_v1_EM.tga
  artifactKey: Guid(728f612f5132c1b419932ee160442ed0) Importer(2089858483,0ecaa5967403d082aa24f35e1b516d23)
Start importing Assets/RTS_Scifi_game_assets/Models/Turrets/Source/Turret_v1_EM.tga using Guid(728f612f5132c1b419932ee160442ed0) Importer(2089858483,0ecaa5967403d082aa24f35e1b516d23) Generated GUIDs only implemented for interfaces!
 -> (artifact id: '05673d41a9926d3420dc4506038df41d') in 0.022952 seconds 
========================================================================
Received Import Request.
  Time since last request: 0.000026 seconds.
  path: Assets/NewLayer 1.terrainlayer
  artifactKey: Guid(36b9b01039597174c837b7626b2652d3) Importer(2089858483,0ecaa5967403d082aa24f35e1b516d23)
Start importing Assets/NewLayer 1.terrainlayer using Guid(36b9b01039597174c837b7626b2652d3) Importer(2089858483,0ecaa5967403d082aa24f35e1b516d23) Generated GUIDs only implemented for interfaces!
 -> (artifact id: 'cff21543daf0dda489e928e828e248c2') in 0.023252 seconds 
========================================================================
Received Import Request.
  Time since last request: 0.000024 seconds.
  path: Assets/Settings/SampleSceneProfile.asset
  artifactKey: Guid(a6560a915ef98420e9faacc1c7438823) Importer(2089858483,0ecaa5967403d082aa24f35e1b516d23)
Start importing Assets/Settings/SampleSceneProfile.asset using Guid(a6560a915ef98420e9faacc1c7438823) Importer(2089858483,0ecaa5967403d082aa24f35e1b516d23) Generated GUIDs only implemented for interfaces!
 -> (artifact id: '5ce352c683574180642b7c43adfe766e') in 0.031681 seconds 
========================================================================
Received Import Request.
  Time since last request: 0.000028 seconds.
  path: Assets/Readme.asset
  artifactKey: Guid(8105016687592461f977c054a80ce2f2) Importer(2089858483,0ecaa5967403d082aa24f35e1b516d23)
Start importing Assets/Readme.asset using Guid(8105016687592461f977c054a80ce2f2) Importer(2089858483,0ecaa5967403d082aa24f35e1b516d23) Generated GUIDs only implemented for interfaces!
 -> (artifact id: 'cf78995748d9869349bb51d2e733b839') in 0.024782 seconds 
========================================================================
Received Import Request.
  Time since last request: 0.000063 seconds.
  path: Assets/Materials/whitefloor.mat
  artifactKey: Guid(1b7f088c29321b24a863da674fffdfbb) Importer(2089858483,0ecaa5967403d082aa24f35e1b516d23)
Start importing Assets/Materials/whitefloor.mat using Guid(1b7f088c29321b24a863da674fffdfbb) Importer(2089858483,0ecaa5967403d082aa24f35e1b516d23) Generated GUIDs only implemented for interfaces!
 -> (artifact id: 'ad3d385ee76e6d0faaf73f05c142eab1') in 0.026919 seconds 
========================================================================
Received Import Request.
  Time since last request: 0.000028 seconds.
  path: Assets/RTS_Scifi_game_assets/Models/Turrets/Source/Fade.mat
  artifactKey: Guid(e51b733a448a76d4fb19be76c40f6d2e) Importer(2089858483,0ecaa5967403d082aa24f35e1b516d23)
Start importing Assets/RTS_Scifi_game_assets/Models/Turrets/Source/Fade.mat using Guid(e51b733a448a76d4fb19be76c40f6d2e) Importer(2089858483,0ecaa5967403d082aa24f35e1b516d23) Generated GUIDs only implemented for interfaces!
 -> (artifact id: '1c1ccf3e1f307a041f5ed4f4e09f9dce') in 0.014212 seconds 
========================================================================
Received Import Request.
  Time since last request: 0.000029 seconds.
  path: Assets/RTS_Scifi_game_assets/Assets_showcase_scene.unity
  artifactKey: Guid(f8d07b8878a200f41a84b64aa97976e1) Importer(2089858483,0ecaa5967403d082aa24f35e1b516d23)
Start importing Assets/RTS_Scifi_game_assets/Assets_showcase_scene.unity using Guid(f8d07b8878a200f41a84b64aa97976e1) Importer(2089858483,0ecaa5967403d082aa24f35e1b516d23) Generated GUIDs only implemented for interfaces!
 -> (artifact id: '9134e103bfa0bf4f87ae5ae414f2717e') in 0.019494 seconds 
========================================================================
Received Import Request.
  Time since last request: 0.000027 seconds.
  path: Assets/RTS_Scifi_game_assets/SFX/Weapons/Medium_Laser/Medium_Laser_v2.wav
  artifactKey: Guid(c1c284136a5fa214f818c559065c6e30) Importer(2089858483,0ecaa5967403d082aa24f35e1b516d23)
Start importing Assets/RTS_Scifi_game_assets/SFX/Weapons/Medium_Laser/Medium_Laser_v2.wav using Guid(c1c284136a5fa214f818c559065c6e30) Importer(2089858483,0ecaa5967403d082aa24f35e1b516d23) Generated GUIDs only implemented for interfaces!
 -> (artifact id: 'eb678bf89794094279584b3f150dbfe3') in 0.110558 seconds 
========================================================================
Received Import Request.
  Time since last request: 0.000030 seconds.
  path: Assets/RTS_Scifi_game_assets/SFX/Weapons/Small_Oneshot_Laser/Small_Oneshot_Laser_v2.wav
  artifactKey: Guid(7896abb1a9bebd24ea3cc36f2edb10e8) Importer(2089858483,0ecaa5967403d082aa24f35e1b516d23)
Start importing Assets/RTS_Scifi_game_assets/SFX/Weapons/Small_Oneshot_Laser/Small_Oneshot_Laser_v2.wav using Guid(7896abb1a9bebd24ea3cc36f2edb10e8) Importer(2089858483,0ecaa5967403d082aa24f35e1b516d23) Generated GUIDs only implemented for interfaces!
 -> (artifact id: 'c91a1e0bc088f807ca292416cb176e85') in 0.088850 seconds 
========================================================================
Received Import Request.
  Time since last request: 0.000043 seconds.
  path: Assets/RTS_Scifi_game_assets/Models/Structures/Structure_v1/Source/Structure_v1_blue.tga
  artifactKey: Guid(fce441ec3b4321a468b98b14805b585d) Importer(2089858483,0ecaa5967403d082aa24f35e1b516d23)
Start importing Assets/RTS_Scifi_game_assets/Models/Structures/Structure_v1/Source/Structure_v1_blue.tga using Guid(fce441ec3b4321a468b98b14805b585d) Importer(2089858483,0ecaa5967403d082aa24f35e1b516d23) Generated GUIDs only implemented for interfaces!
 -> (artifact id: 'a75b78ecac2efb9d3688d43be4149bcd') in 0.032552 seconds 
========================================================================
Received Import Request.
  Time since last request: 0.000032 seconds.
  path: Assets/RTS_Scifi_game_assets/Models/Structures/Structure_v1/Source/Structure_v1_Mask.tga
  artifactKey: Guid(6703dd82f52068f4b85535ba26dd1e74) Importer(2089858483,0ecaa5967403d082aa24f35e1b516d23)
Start importing Assets/RTS_Scifi_game_assets/Models/Structures/Structure_v1/Source/Structure_v1_Mask.tga using Guid(6703dd82f52068f4b85535ba26dd1e74) Importer(2089858483,0ecaa5967403d082aa24f35e1b516d23) Generated GUIDs only implemented for interfaces!
 -> (artifact id: 'f546e2009e076297b14abe37c68d044a') in 0.039607 seconds 
========================================================================
Received Import Request.
  Time since last request: 0.000028 seconds.
  path: Assets/RTS_Scifi_game_assets/Models/Structures/Structure_v1/Source/Structure_1.mat
  artifactKey: Guid(904b8e39656cd1c42bab45a7a5b75a51) Importer(2089858483,0ecaa5967403d082aa24f35e1b516d23)
Start importing Assets/RTS_Scifi_game_assets/Models/Structures/Structure_v1/Source/Structure_1.mat using Guid(904b8e39656cd1c42bab45a7a5b75a51) Importer(2089858483,0ecaa5967403d082aa24f35e1b516d23) Generated GUIDs only implemented for interfaces!
 -> (artifact id: '1c13c3910cd31c3aa140bed25d9c3ecd') in 0.036963 seconds 
========================================================================
Received Import Request.
  Time since last request: 0.000025 seconds.
  path: Assets/Jammo-Character/Animations/Fist Pump.anim
  artifactKey: Guid(9320442ecbaf905429dac366ee003323) Importer(2089858483,0ecaa5967403d082aa24f35e1b516d23)
Start importing Assets/Jammo-Character/Animations/Fist Pump.anim using Guid(9320442ecbaf905429dac366ee003323) Importer(2089858483,0ecaa5967403d082aa24f35e1b516d23) Generated GUIDs only implemented for interfaces!
 -> (artifact id: '4015f8e88c1c4ee637eaec3b57d9a8ee') in 0.046130 seconds 
========================================================================
Received Import Request.
  Time since last request: 0.000031 seconds.
  path: Assets/RTS_Scifi_game_assets/SFX/Building_confirm.wav
  artifactKey: Guid(53467735a9f5f564d84f1048bac11bcb) Importer(2089858483,0ecaa5967403d082aa24f35e1b516d23)
Start importing Assets/RTS_Scifi_game_assets/SFX/Building_confirm.wav using Guid(53467735a9f5f564d84f1048bac11bcb) Importer(2089858483,0ecaa5967403d082aa24f35e1b516d23) Generated GUIDs only implemented for interfaces!
 -> (artifact id: 'c83d2dc89923ae3ace9d5a93b5e37356') in 0.091364 seconds 
========================================================================
Received Import Request.
  Time since last request: 0.000026 seconds.
  path: Assets/Jammo-Character/Prefabs/Jammo_Player.prefab
  artifactKey: Guid(bd6ee82c5e06b3f4f86113cbf8261ae1) Importer(2089858483,0ecaa5967403d082aa24f35e1b516d23)
Start importing Assets/Jammo-Character/Prefabs/Jammo_Player.prefab using Guid(bd6ee82c5e06b3f4f86113cbf8261ae1) Importer(2089858483,0ecaa5967403d082aa24f35e1b516d23) Generated GUIDs only implemented for interfaces!
 -> (artifact id: '5dd62e87c1efa1994c8d652a82dab331') in 0.086542 seconds 
========================================================================
Received Import Request.
  Time since last request: 0.000143 seconds.
  path: Assets/RTS_Scifi_game_assets/Models/Structures/Structure_v1/Source/Structure_v1_orange.tga
  artifactKey: Guid(c36a82c9c29fc094c8489d35c619467a) Importer(2089858483,0ecaa5967403d082aa24f35e1b516d23)
Start importing Assets/RTS_Scifi_game_assets/Models/Structures/Structure_v1/Source/Structure_v1_orange.tga using Guid(c36a82c9c29fc094c8489d35c619467a) Importer(2089858483,0ecaa5967403d082aa24f35e1b516d23) Generated GUIDs only implemented for interfaces!
 -> (artifact id: '3823493707770c46378077909bf8b446') in 0.030872 seconds 
========================================================================
Received Import Request.
  Time since last request: 0.000028 seconds.
  path: Assets/RTS_Scifi_game_assets/Models/Structures/Structure_v2/SFX/Structure_v2_loop.wav
  artifactKey: Guid(8e5c5a466bc6fde43a891603a49e7edf) Importer(2089858483,0ecaa5967403d082aa24f35e1b516d23)
Start importing Assets/RTS_Scifi_game_assets/Models/Structures/Structure_v2/SFX/Structure_v2_loop.wav using Guid(8e5c5a466bc6fde43a891603a49e7edf) Importer(2089858483,0ecaa5967403d082aa24f35e1b516d23) Generated GUIDs only implemented for interfaces!
 -> (artifact id: 'd92d422860fd9b2816e9641592bf4557') in 0.093251 seconds 
========================================================================
Received Import Request.
  Time since last request: 0.000028 seconds.
  path: Assets/RTS_Scifi_game_assets/Models/Structures/Structure_v2/Source/Structure_v2_blue.tga
  artifactKey: Guid(875aa48054d5b794db82b79f18ead1be) Importer(2089858483,0ecaa5967403d082aa24f35e1b516d23)
Start importing Assets/RTS_Scifi_game_assets/Models/Structures/Structure_v2/Source/Structure_v2_blue.tga using Guid(875aa48054d5b794db82b79f18ead1be) Importer(2089858483,0ecaa5967403d082aa24f35e1b516d23) Generated GUIDs only implemented for interfaces!
 -> (artifact id: '3d599094781b41fbe79541e65d6284e5') in 0.032045 seconds 
========================================================================
Received Import Request.
  Time since last request: 0.000028 seconds.
  path: Assets/RTS_Scifi_game_assets/Models/Structures/Structure_v2/Source/Structure_v2_EM.tga
  artifactKey: Guid(eea5f412d3fdb2b4c9f72d84d6af4224) Importer(2089858483,0ecaa5967403d082aa24f35e1b516d23)
Start importing Assets/RTS_Scifi_game_assets/Models/Structures/Structure_v2/Source/Structure_v2_EM.tga using Guid(eea5f412d3fdb2b4c9f72d84d6af4224) Importer(2089858483,0ecaa5967403d082aa24f35e1b516d23) Generated GUIDs only implemented for interfaces!
 -> (artifact id: '12239acacffa4f8fa5f623e08493cfcb') in 0.028382 seconds 
========================================================================
Received Import Request.
  Time since last request: 0.000027 seconds.
  path: Assets/RTS_Scifi_game_assets/Models/Structures/Structure_v1/Source/Structure_v1_SG.tga
  artifactKey: Guid(65d4289bc414b4040aea2bef25d058c3) Importer(2089858483,0ecaa5967403d082aa24f35e1b516d23)
Start importing Assets/RTS_Scifi_game_assets/Models/Structures/Structure_v1/Source/Structure_v1_SG.tga using Guid(65d4289bc414b4040aea2bef25d058c3) Importer(2089858483,0ecaa5967403d082aa24f35e1b516d23) Generated GUIDs only implemented for interfaces!
 -> (artifact id: 'a1529e7f2513b4139a375dbf2ea7b158') in 0.028043 seconds 
========================================================================
Received Import Request.
  Time since last request: 0.000040 seconds.
  path: Assets/Jammo-Character/Scenes/JammoScene/Lightmap-0_comp_shadowmask.png
  artifactKey: Guid(1797b30b72146d449b213541f92310ec) Importer(2089858483,0ecaa5967403d082aa24f35e1b516d23)
Start importing Assets/Jammo-Character/Scenes/JammoScene/Lightmap-0_comp_shadowmask.png using Guid(1797b30b72146d449b213541f92310ec) Importer(2089858483,0ecaa5967403d082aa24f35e1b516d23) Generated GUIDs only implemented for interfaces!
 -> (artifact id: 'c3fccf8e4c09114d16bdb77d6a8ecbed') in 0.036850 seconds 
========================================================================
Received Import Request.
  Time since last request: 0.000031 seconds.
  path: Assets/Jammo-Character/Scenes/JammoScene.unity
  artifactKey: Guid(9fc0d4010bbf28b4594072e72b8655ab) Importer(2089858483,0ecaa5967403d082aa24f35e1b516d23)
Start importing Assets/Jammo-Character/Scenes/JammoScene.unity using Guid(9fc0d4010bbf28b4594072e72b8655ab) Importer(2089858483,0ecaa5967403d082aa24f35e1b516d23) Generated GUIDs only implemented for interfaces!
 -> (artifact id: 'b962311ece845646d5cfc4a84a466d92') in 0.016517 seconds 
========================================================================
Received Import Request.
  Time since last request: 0.000028 seconds.
  path: Assets/Jammo-Character/Animations/Default/a_Running.anim
  artifactKey: Guid(2e5cbd52f3af8384fafcc9a73ad2f1e0) Importer(2089858483,0ecaa5967403d082aa24f35e1b516d23)
Start importing Assets/Jammo-Character/Animations/Default/a_Running.anim using Guid(2e5cbd52f3af8384fafcc9a73ad2f1e0) Importer(2089858483,0ecaa5967403d082aa24f35e1b516d23) Generated GUIDs only implemented for interfaces!
 -> (artifact id: '55161f5f57d8a71e2ecce76d510d9e16') in 0.027204 seconds 
========================================================================
Received Import Request.
  Time since last request: 0.000029 seconds.
  path: Assets/RTS_Scifi_game_assets/SFX/Weapons/Small_Impulse_Laser/Small_Impulse_Laser_v4.wav
  artifactKey: Guid(057fffeb0c5449e43971c6402173c020) Importer(2089858483,0ecaa5967403d082aa24f35e1b516d23)
Start importing Assets/RTS_Scifi_game_assets/SFX/Weapons/Small_Impulse_Laser/Small_Impulse_Laser_v4.wav using Guid(057fffeb0c5449e43971c6402173c020) Importer(2089858483,0ecaa5967403d082aa24f35e1b516d23) Generated GUIDs only implemented for interfaces!
 -> (artifact id: '6aa8d19cbf01a4571078885a19f1459b') in 0.101688 seconds 
========================================================================
Received Import Request.
  Time since last request: 0.000034 seconds.
  path: Assets/Jammo-Character/Scenes/JammoScene/ReflectionProbe-1.exr
  artifactKey: Guid(908eff7a8be232f4da46692b950e2e72) Importer(2089858483,0ecaa5967403d082aa24f35e1b516d23)
Start importing Assets/Jammo-Character/Scenes/JammoScene/ReflectionProbe-1.exr using Guid(908eff7a8be232f4da46692b950e2e72) Importer(2089858483,0ecaa5967403d082aa24f35e1b516d23) Generated GUIDs only implemented for interfaces!
 -> (artifact id: '0381ac6a987ef8f5848e10738656c266') in 0.021908 seconds 
========================================================================
Received Import Request.
  Time since last request: 0.000044 seconds.
  path: Assets/RTS_Scifi_game_assets/Models/Turrets/Source/Turret_v1_AO.tga
  artifactKey: Guid(3fef9f8dccd42234d885a1254f25b60f) Importer(2089858483,0ecaa5967403d082aa24f35e1b516d23)
Start importing Assets/RTS_Scifi_game_assets/Models/Turrets/Source/Turret_v1_AO.tga using Guid(3fef9f8dccd42234d885a1254f25b60f) Importer(2089858483,0ecaa5967403d082aa24f35e1b516d23) Generated GUIDs only implemented for interfaces!
 -> (artifact id: 'e5dad6d1543a720ef21af549568dcf12') in 0.023547 seconds 
========================================================================
Received Import Request.
  Time since last request: 0.000025 seconds.
  path: Assets/RTS_Scifi_game_assets/SFX/Weapons/Medium_Laser/Medium_Laser_v1.wav
  artifactKey: Guid(907793822c0eccc46a47d20447448182) Importer(2089858483,0ecaa5967403d082aa24f35e1b516d23)
Start importing Assets/RTS_Scifi_game_assets/SFX/Weapons/Medium_Laser/Medium_Laser_v1.wav using Guid(907793822c0eccc46a47d20447448182) Importer(2089858483,0ecaa5967403d082aa24f35e1b516d23) Generated GUIDs only implemented for interfaces!
 -> (artifact id: 'b1f37cc8c7d3363289230658aa76f203') in 0.096386 seconds 
========================================================================
Received Import Request.
  Time since last request: 0.000021 seconds.
  path: Assets/RTS_Scifi_game_assets/Models/Vehicle/Vehicle_v1/Source/Vehicle_v1_blue.tga
  artifactKey: Guid(85578e75f64069f4592c5fc77bf9b00c) Importer(2089858483,0ecaa5967403d082aa24f35e1b516d23)
Start importing Assets/RTS_Scifi_game_assets/Models/Vehicle/Vehicle_v1/Source/Vehicle_v1_blue.tga using Guid(85578e75f64069f4592c5fc77bf9b00c) Importer(2089858483,0ecaa5967403d082aa24f35e1b516d23) Generated GUIDs only implemented for interfaces!
 -> (artifact id: '4de6badc52fb10d4c6f19c666492c444') in 0.027289 seconds 
========================================================================
Received Import Request.
  Time since last request: 0.000021 seconds.
  path: Assets/RTS_Scifi_game_assets/Models/Vehicle/Vehicle_v1/Source/Vehicle_v1_green.tga
  artifactKey: Guid(3a8fdfc017affa34c8dff84c8631f02c) Importer(2089858483,0ecaa5967403d082aa24f35e1b516d23)
Start importing Assets/RTS_Scifi_game_assets/Models/Vehicle/Vehicle_v1/Source/Vehicle_v1_green.tga using Guid(3a8fdfc017affa34c8dff84c8631f02c) Importer(2089858483,0ecaa5967403d082aa24f35e1b516d23) Generated GUIDs only implemented for interfaces!
 -> (artifact id: '66512b36b7ba5d09e55cd3178b90bf09') in 0.031612 seconds 
========================================================================
Received Import Request.
  Time since last request: 0.000024 seconds.
  path: Assets/RTS_Scifi_game_assets/Models/Structures/Structure_v3/Source/Structure_v3_Mask.tga
  artifactKey: Guid(fbd243261dfdd4c4fb076f3c9070b4f5) Importer(2089858483,0ecaa5967403d082aa24f35e1b516d23)
Start importing Assets/RTS_Scifi_game_assets/Models/Structures/Structure_v3/Source/Structure_v3_Mask.tga using Guid(fbd243261dfdd4c4fb076f3c9070b4f5) Importer(2089858483,0ecaa5967403d082aa24f35e1b516d23) Generated GUIDs only implemented for interfaces!
 -> (artifact id: '52d059331875b612cccb20cc0232949c') in 0.029052 seconds 
========================================================================
Received Import Request.
  Time since last request: 0.000033 seconds.
  path: Assets/RTS_Scifi_game_assets/Models/Vehicle/Vehicle_v1/Source/Vehicle_v1_AO.tga
  artifactKey: Guid(d1b9dce1e93706a45b0481ec39ee2982) Importer(2089858483,0ecaa5967403d082aa24f35e1b516d23)
Start importing Assets/RTS_Scifi_game_assets/Models/Vehicle/Vehicle_v1/Source/Vehicle_v1_AO.tga using Guid(d1b9dce1e93706a45b0481ec39ee2982) Importer(2089858483,0ecaa5967403d082aa24f35e1b516d23) Generated GUIDs only implemented for interfaces!
 -> (artifact id: 'beecc8e2e9ef6d6ad22aad420121708b') in 0.039281 seconds 
========================================================================
Received Import Request.
  Time since last request: 0.000025 seconds.
  path: Assets/RTS_Scifi_game_assets/Models/Structures/Structure_v3/SFX/Structure_v3_1_door_close.wav
  artifactKey: Guid(540fe21cea449d6438caf5c1c73a35e8) Importer(2089858483,0ecaa5967403d082aa24f35e1b516d23)
Start importing Assets/RTS_Scifi_game_assets/Models/Structures/Structure_v3/SFX/Structure_v3_1_door_close.wav using Guid(540fe21cea449d6438caf5c1c73a35e8) Importer(2089858483,0ecaa5967403d082aa24f35e1b516d23) Generated GUIDs only implemented for interfaces!
 -> (artifact id: '91b044b88e36666c96ca16d45d2a244b') in 0.080666 seconds 
========================================================================
Received Import Request.
  Time since last request: 0.000030 seconds.
  path: Assets/RTS_Scifi_game_assets/Models/Vehicle/Vehicle_v1/Source/Vehicle_v1.FBX
  artifactKey: Guid(262eeb79d3e83d942b616a0c6e1d276a) Importer(2089858483,0ecaa5967403d082aa24f35e1b516d23)
Start importing Assets/RTS_Scifi_game_assets/Models/Vehicle/Vehicle_v1/Source/Vehicle_v1.FBX using Guid(262eeb79d3e83d942b616a0c6e1d276a) Importer(2089858483,0ecaa5967403d082aa24f35e1b516d23) Generated GUIDs only implemented for interfaces!
 -> (artifact id: '6ef4454d4d2727c150cae1fc0d4bc67d') in 0.048708 seconds 
========================================================================
Received Import Request.
  Time since last request: 0.000024 seconds.
  path: Assets/Jammo-Character/Textures/mixbot_low_mixamo_edit1_MetallicSmoothness.png
  artifactKey: Guid(3a5a871d579c2da4094f823d674595eb) Importer(2089858483,0ecaa5967403d082aa24f35e1b516d23)
Start importing Assets/Jammo-Character/Textures/mixbot_low_mixamo_edit1_MetallicSmoothness.png using Guid(3a5a871d579c2da4094f823d674595eb) Importer(2089858483,0ecaa5967403d082aa24f35e1b516d23) Generated GUIDs only implemented for interfaces!
 -> (artifact id: 'c1e5fb4f6d9f8fdadf70bd09da27635f') in 0.021727 seconds 
========================================================================
Received Import Request.
  Time since last request: 0.000025 seconds.
  path: Assets/Settings/URP-Performant.asset
  artifactKey: Guid(d0e2fc18fe036412f8223b3b3d9ad574) Importer(2089858483,0ecaa5967403d082aa24f35e1b516d23)
Start importing Assets/Settings/URP-Performant.asset using Guid(d0e2fc18fe036412f8223b3b3d9ad574) Importer(2089858483,0ecaa5967403d082aa24f35e1b516d23) Generated GUIDs only implemented for interfaces!
 -> (artifact id: '55623fe90b45437920e2d8f01e243f03') in 0.046257 seconds 
========================================================================
Received Import Request.
  Time since last request: 0.000030 seconds.
  path: Assets/Jammo-Character/Textures/mixbot1.json
  artifactKey: Guid(c3a8ef644c409ed4697012135caec542) Importer(2089858483,0ecaa5967403d082aa24f35e1b516d23)
Start importing Assets/Jammo-Character/Textures/mixbot1.json using Guid(c3a8ef644c409ed4697012135caec542) Importer(2089858483,0ecaa5967403d082aa24f35e1b516d23) Generated GUIDs only implemented for interfaces!
 -> (artifact id: '4d619cc345e4e3386a05007e50de8dd8') in 0.015813 seconds 
========================================================================
Received Import Request.
  Time since last request: 0.000024 seconds.
  path: Assets/RTS_Scifi_game_assets/Models/Vehicle/Vehicle_v1/SFX/Vehicle_v1_motion.wav
  artifactKey: Guid(fc890d3353d1286469108f8b322a0552) Importer(2089858483,0ecaa5967403d082aa24f35e1b516d23)
Start importing Assets/RTS_Scifi_game_assets/Models/Vehicle/Vehicle_v1/SFX/Vehicle_v1_motion.wav using Guid(fc890d3353d1286469108f8b322a0552) Importer(2089858483,0ecaa5967403d082aa24f35e1b516d23) Generated GUIDs only implemented for interfaces!
 -> (artifact id: '0cd1e848f0819dd529901d764d9d383f') in 0.080124 seconds 
========================================================================
Received Import Request.
  Time since last request: 0.000021 seconds.
  path: Assets/RTS_Scifi_game_assets/Models/Structures/Structure_v1/Structure_v1.prefab
  artifactKey: Guid(b080b9c6ee75f014b80e518aee358bf4) Importer(2089858483,0ecaa5967403d082aa24f35e1b516d23)
Start importing Assets/RTS_Scifi_game_assets/Models/Structures/Structure_v1/Structure_v1.prefab using Guid(b080b9c6ee75f014b80e518aee358bf4) Importer(2089858483,0ecaa5967403d082aa24f35e1b516d23) Generated GUIDs only implemented for interfaces!
 -> (artifact id: '6b0850bd67671ddd1700c7521da87b81') in 0.017261 seconds 
========================================================================
Received Import Request.
  Time since last request: 0.000026 seconds.
  path: Assets/RTS_Scifi_game_assets/Models/Turrets/SFX/Turret_v1_deactivation.wav
  artifactKey: Guid(19b9a8e562a53ab4894a0651be7aec93) Importer(2089858483,0ecaa5967403d082aa24f35e1b516d23)
Start importing Assets/RTS_Scifi_game_assets/Models/Turrets/SFX/Turret_v1_deactivation.wav using Guid(19b9a8e562a53ab4894a0651be7aec93) Importer(2089858483,0ecaa5967403d082aa24f35e1b516d23) Generated GUIDs only implemented for interfaces!
 -> (artifact id: '5029d4e4634883383ecadd59e4fab219') in 0.087661 seconds 
========================================================================
Received Import Request.
  Time since last request: 0.000028 seconds.
  path: Assets/RTS_Scifi_game_assets/Models/Vehicle/Vehicle_v3/Source/Vehicle_v3_blue.tga
  artifactKey: Guid(e2e5f42a78b282a4ba399e59c0006200) Importer(2089858483,0ecaa5967403d082aa24f35e1b516d23)
Start importing Assets/RTS_Scifi_game_assets/Models/Vehicle/Vehicle_v3/Source/Vehicle_v3_blue.tga using Guid(e2e5f42a78b282a4ba399e59c0006200) Importer(2089858483,0ecaa5967403d082aa24f35e1b516d23) Generated GUIDs only implemented for interfaces!
 -> (artifact id: '75ef411f0b2a052c9c05a08cf6d3a0e1') in 0.037764 seconds 
========================================================================
Received Import Request.
  Time since last request: 0.000034 seconds.
  path: Assets/RTS_Scifi_game_assets/Models/Vehicle/Vehicle_v3/Source/Vehicle_v3_orange.tga
  artifactKey: Guid(6b9c25f33b4e76c4781eee5f0ad75ff6) Importer(2089858483,0ecaa5967403d082aa24f35e1b516d23)
Start importing Assets/RTS_Scifi_game_assets/Models/Vehicle/Vehicle_v3/Source/Vehicle_v3_orange.tga using Guid(6b9c25f33b4e76c4781eee5f0ad75ff6) Importer(2089858483,0ecaa5967403d082aa24f35e1b516d23) Generated GUIDs only implemented for interfaces!
 -> (artifact id: '7251730ffa303ad38580bf280d51b028') in 0.029129 seconds 
========================================================================
Received Import Request.
  Time since last request: 0.000024 seconds.
  path: Assets/RTS_Scifi_game_assets/Models/Vehicle/Vehicle_v3/SFX/Vehicle_v3_motion.wav
  artifactKey: Guid(8653a278d3ae54646af1f4ba56b79689) Importer(2089858483,0ecaa5967403d082aa24f35e1b516d23)
Start importing Assets/RTS_Scifi_game_assets/Models/Vehicle/Vehicle_v3/SFX/Vehicle_v3_motion.wav using Guid(8653a278d3ae54646af1f4ba56b79689) Importer(2089858483,0ecaa5967403d082aa24f35e1b516d23) Generated GUIDs only implemented for interfaces!
 -> (artifact id: '2ab5f1a12fb72d079faff1b4c751afb1') in 0.080628 seconds 
========================================================================
Received Import Request.
  Time since last request: 0.000028 seconds.
  path: Assets/RTS_Scifi_game_assets/Models/Structures/Structure_v1/Source/Structure_v1_green.tga
  artifactKey: Guid(0fdf0abf9bae8394cb988183a24dfb1d) Importer(2089858483,0ecaa5967403d082aa24f35e1b516d23)
Start importing Assets/RTS_Scifi_game_assets/Models/Structures/Structure_v1/Source/Structure_v1_green.tga using Guid(0fdf0abf9bae8394cb988183a24dfb1d) Importer(2089858483,0ecaa5967403d082aa24f35e1b516d23) Generated GUIDs only implemented for interfaces!
 -> (artifact id: 'e4c5aba1a523aad934df6dc2081558f5') in 0.030647 seconds 
========================================================================
Received Import Request.
  Time since last request: 0.000029 seconds.
  path: Assets/Jammo-Character/Scenes/JammoScene/Lightmap-1_comp_shadowmask.png
  artifactKey: Guid(e5520d6b2a099ee47b4e7550d2b31745) Importer(2089858483,0ecaa5967403d082aa24f35e1b516d23)
Start importing Assets/Jammo-Character/Scenes/JammoScene/Lightmap-1_comp_shadowmask.png using Guid(e5520d6b2a099ee47b4e7550d2b31745) Importer(2089858483,0ecaa5967403d082aa24f35e1b516d23) Generated GUIDs only implemented for interfaces!
 -> (artifact id: '9ef4c5f384067ef7c0d7d9ff00cb7628') in 0.024303 seconds 
========================================================================
Received Import Request.
  Time since last request: 0.000022 seconds.
  path: Assets/RTS_Scifi_game_assets/Models/Structures/Structure_v1/SFX/Structure_v1_by_click_on.wav
  artifactKey: Guid(02c3b26eb76bc4648b4a658afe8e0f9e) Importer(2089858483,0ecaa5967403d082aa24f35e1b516d23)
Start importing Assets/RTS_Scifi_game_assets/Models/Structures/Structure_v1/SFX/Structure_v1_by_click_on.wav using Guid(02c3b26eb76bc4648b4a658afe8e0f9e) Importer(2089858483,0ecaa5967403d082aa24f35e1b516d23) Generated GUIDs only implemented for interfaces!
 -> (artifact id: 'd2598311bd6b0eb7cf26db595d99fcd3') in 0.090853 seconds 
========================================================================
Received Import Request.
  Time since last request: 0.000053 seconds.
  path: Assets/Jammo-Character/Materials/mixbot_low_mixamo_edit1_AlbedoTransparency.mat
  artifactKey: Guid(fc8aa36f5b90f6f43a6057e6d36e0e55) Importer(2089858483,0ecaa5967403d082aa24f35e1b516d23)
Start importing Assets/Jammo-Character/Materials/mixbot_low_mixamo_edit1_AlbedoTransparency.mat using Guid(fc8aa36f5b90f6f43a6057e6d36e0e55) Importer(2089858483,0ecaa5967403d082aa24f35e1b516d23) Generated GUIDs only implemented for interfaces!
 -> (artifact id: '08517b7e3773b2f6045be1044220e4bd') in 0.016910 seconds 
========================================================================
Received Import Request.
  Time since last request: 0.000039 seconds.
  path: Assets/Settings/URP-Balanced-Renderer.asset
  artifactKey: Guid(e634585d5c4544dd297acaee93dc2beb) Importer(2089858483,0ecaa5967403d082aa24f35e1b516d23)
Start importing Assets/Settings/URP-Balanced-Renderer.asset using Guid(e634585d5c4544dd297acaee93dc2beb) Importer(2089858483,0ecaa5967403d082aa24f35e1b516d23) Generated GUIDs only implemented for interfaces!
 -> (artifact id: '84e301d484c4df1a1a7bc1e6836fd562') in 0.023645 seconds 
========================================================================
Received Import Request.
  Time since last request: 0.000023 seconds.
  path: Assets/RTS_Scifi_game_assets/Models/Vehicle/Vehicle_v3/Source/Vehicle_v3.FBX
  artifactKey: Guid(4be589d3335a11d4784a18a6efcd8c2d) Importer(2089858483,0ecaa5967403d082aa24f35e1b516d23)
Start importing Assets/RTS_Scifi_game_assets/Models/Vehicle/Vehicle_v3/Source/Vehicle_v3.FBX using Guid(4be589d3335a11d4784a18a6efcd8c2d) Importer(2089858483,0ecaa5967403d082aa24f35e1b516d23) Generated GUIDs only implemented for interfaces!
 -> (artifact id: 'a19f46f2d2f18dbcf5e86d2c88178a0a') in 0.049280 seconds 
========================================================================
Received Import Request.
  Time since last request: 0.000025 seconds.
  path: Assets/RTS_Scifi_game_assets/Models/Vehicle/Vehicle_v1/Source/Weapon/Laser_tower_v1/Laser_tower_v1.mat
  artifactKey: Guid(4d3a113110ab31546b38f14d43d7ba81) Importer(2089858483,0ecaa5967403d082aa24f35e1b516d23)
Start importing Assets/RTS_Scifi_game_assets/Models/Vehicle/Vehicle_v1/Source/Weapon/Laser_tower_v1/Laser_tower_v1.mat using Guid(4d3a113110ab31546b38f14d43d7ba81) Importer(2089858483,0ecaa5967403d082aa24f35e1b516d23) Generated GUIDs only implemented for interfaces!
 -> (artifact id: 'd8fb2da5810c08e6d8e6c10c45f3abaa') in 0.052204 seconds 
========================================================================
Received Import Request.
  Time since last request: 0.000023 seconds.
  path: Assets/RTS_Scifi_game_assets/Models/Vehicle/Vehicle_v1/Source/Weapon/Laser_tower_v1/Laser_tower_v1_EM.tga
  artifactKey: Guid(218a9b04e2119db4d8ca44fdf5848c1e) Importer(2089858483,0ecaa5967403d082aa24f35e1b516d23)
Start importing Assets/RTS_Scifi_game_assets/Models/Vehicle/Vehicle_v1/Source/Weapon/Laser_tower_v1/Laser_tower_v1_EM.tga using Guid(218a9b04e2119db4d8ca44fdf5848c1e) Importer(2089858483,0ecaa5967403d082aa24f35e1b516d23) Generated GUIDs only implemented for interfaces!
 -> (artifact id: 'a8f23bd78082c0468280565fb0c4da8f') in 0.019531 seconds 
========================================================================
Received Import Request.
  Time since last request: 0.000021 seconds.
  path: Assets/pond.jpg
  artifactKey: Guid(53cf43eb3b604b343afa66099e055a40) Importer(2089858483,0ecaa5967403d082aa24f35e1b516d23)
Start importing Assets/pond.jpg using Guid(53cf43eb3b604b343afa66099e055a40) Importer(2089858483,0ecaa5967403d082aa24f35e1b516d23) Generated GUIDs only implemented for interfaces!
 -> (artifact id: '9bffc01ac734bfe431c0af91d6c8f92a') in 0.028864 seconds 
========================================================================
Received Import Request.
  Time since last request: 0.000021 seconds.
  path: Assets/RTS_Scifi_game_assets/Models/Vehicle/Vehicle_v3/SFX/Vehicle_v3_radar_deactivation.wav
  artifactKey: Guid(e19db6f92fb2c1140b602f575529be6d) Importer(2089858483,0ecaa5967403d082aa24f35e1b516d23)
Start importing Assets/RTS_Scifi_game_assets/Models/Vehicle/Vehicle_v3/SFX/Vehicle_v3_radar_deactivation.wav using Guid(e19db6f92fb2c1140b602f575529be6d) Importer(2089858483,0ecaa5967403d082aa24f35e1b516d23) Generated GUIDs only implemented for interfaces!
 -> (artifact id: '552463bddcb399591247d23f03c001a8') in 0.081613 seconds 
========================================================================
Received Import Request.
  Time since last request: 0.000060 seconds.
  path: Assets/Jammo-Character/Materials/m_jammo_eyes.mat
  artifactKey: Guid(d5c0dc78f40c06c4e9356a3218da955b) Importer(2089858483,0ecaa5967403d082aa24f35e1b516d23)
Start importing Assets/Jammo-Character/Materials/m_jammo_eyes.mat using Guid(d5c0dc78f40c06c4e9356a3218da955b) Importer(2089858483,0ecaa5967403d082aa24f35e1b516d23) Generated GUIDs only implemented for interfaces!
 -> (artifact id: '121ea425fb4eef87566b68e559ade49f') in 0.016865 seconds 
========================================================================
Received Import Request.
  Time since last request: 0.000028 seconds.
  path: Assets/Jammo-Character/Textures/mixbot_low_mixamo_edit1_Normal.png
  artifactKey: Guid(f6c18262b3c0eba4bb830f3d91682a4f) Importer(2089858483,0ecaa5967403d082aa24f35e1b516d23)
Start importing Assets/Jammo-Character/Textures/mixbot_low_mixamo_edit1_Normal.png using Guid(f6c18262b3c0eba4bb830f3d91682a4f) Importer(2089858483,0ecaa5967403d082aa24f35e1b516d23) Generated GUIDs only implemented for interfaces!
 -> (artifact id: '5330daaf03757a08a5a0c5dad96cba57') in 0.029569 seconds 
========================================================================
Received Import Request.
  Time since last request: 0.000039 seconds.
  path: Assets/RTS_Scifi_game_assets/Models/Structures/Structure_v2/Source/Structure_v2_AO.tga
  artifactKey: Guid(ad2de13d824806044b2661e0250fa05f) Importer(2089858483,0ecaa5967403d082aa24f35e1b516d23)
Start importing Assets/RTS_Scifi_game_assets/Models/Structures/Structure_v2/Source/Structure_v2_AO.tga using Guid(ad2de13d824806044b2661e0250fa05f) Importer(2089858483,0ecaa5967403d082aa24f35e1b516d23) Generated GUIDs only implemented for interfaces!
 -> (artifact id: '2d46ba0d430ab776cb620695c7337220') in 0.026847 seconds 
========================================================================
Received Import Request.
  Time since last request: 0.000038 seconds.
  path: Assets/RTS_Scifi_game_assets/Models/Structures/Structure_v3/Source/Structure_v3_blue.tga
  artifactKey: Guid(1b695173f5e189a46a68c19663b22c6a) Importer(2089858483,0ecaa5967403d082aa24f35e1b516d23)
Start importing Assets/RTS_Scifi_game_assets/Models/Structures/Structure_v3/Source/Structure_v3_blue.tga using Guid(1b695173f5e189a46a68c19663b22c6a) Importer(2089858483,0ecaa5967403d082aa24f35e1b516d23) Generated GUIDs only implemented for interfaces!
 -> (artifact id: '3d6e49848ea0c489bbfee5c00796b4da') in 0.030466 seconds 
========================================================================
Received Import Request.
  Time since last request: 0.000025 seconds.
  path: Assets/whitestair.jpg
  artifactKey: Guid(737b3bed028eeba42a039cd1df10ce44) Importer(2089858483,0ecaa5967403d082aa24f35e1b516d23)
Start importing Assets/whitestair.jpg using Guid(737b3bed028eeba42a039cd1df10ce44) Importer(2089858483,0ecaa5967403d082aa24f35e1b516d23) Generated GUIDs only implemented for interfaces!
 -> (artifact id: '3fb6933780ae72a424e5439c5afe9d34') in 0.021719 seconds 
========================================================================
Received Import Request.
  Time since last request: 0.000025 seconds.
  path: Assets/RTS_Scifi_game_assets/Models/Vehicle/Vehicle_v1/Source/Weapon/Laser_tower_v1/Laser_tower_v1_S.tga
  artifactKey: Guid(5d33b1c0b3e7c7f4da3c8807e13c97da) Importer(2089858483,0ecaa5967403d082aa24f35e1b516d23)
Start importing Assets/RTS_Scifi_game_assets/Models/Vehicle/Vehicle_v1/Source/Weapon/Laser_tower_v1/Laser_tower_v1_S.tga using Guid(5d33b1c0b3e7c7f4da3c8807e13c97da) Importer(2089858483,0ecaa5967403d082aa24f35e1b516d23) Generated GUIDs only implemented for interfaces!
 -> (artifact id: 'cc95bc55caa6b4653f65f8da0b070673') in 0.030167 seconds 
========================================================================
Received Import Request.
  Time since last request: 0.000029 seconds.
  path: Assets/RTS_Scifi_game_assets/Models/Vehicle/Vehicle_v3/Source/Vehicle_v3_AO.tga
  artifactKey: Guid(8176a3f4606060048adb869d53c55765) Importer(2089858483,0ecaa5967403d082aa24f35e1b516d23)
Start importing Assets/RTS_Scifi_game_assets/Models/Vehicle/Vehicle_v3/Source/Vehicle_v3_AO.tga using Guid(8176a3f4606060048adb869d53c55765) Importer(2089858483,0ecaa5967403d082aa24f35e1b516d23) Generated GUIDs only implemented for interfaces!
 -> (artifact id: '07a2945f05696d9af08909fe2e55987b') in 0.030012 seconds 
========================================================================
Received Import Request.
  Time since last request: 0.000037 seconds.
  path: Assets/RTS_Scifi_game_assets/Models/Vehicle/Vehicle_v3/Vehicle_v3.prefab
  artifactKey: Guid(ee13eb3995e3b5e48ac9419c5f55ed4a) Importer(2089858483,0ecaa5967403d082aa24f35e1b516d23)
Start importing Assets/RTS_Scifi_game_assets/Models/Vehicle/Vehicle_v3/Vehicle_v3.prefab using Guid(ee13eb3995e3b5e48ac9419c5f55ed4a) Importer(2089858483,0ecaa5967403d082aa24f35e1b516d23) Generated GUIDs only implemented for interfaces!
 -> (artifact id: 'e55491aaf1eeb5f3aed17b01ceef37c9') in 0.019215 seconds 
========================================================================
Received Import Request.
  Time since last request: 0.000023 seconds.
  path: Assets/RTS_Scifi_game_assets/Models/Structures/Structure_v2/Source/Structure_v2.FBX
  artifactKey: Guid(4190e4fa1b99e214e814d71652c164ef) Importer(2089858483,0ecaa5967403d082aa24f35e1b516d23)
Start importing Assets/RTS_Scifi_game_assets/Models/Structures/Structure_v2/Source/Structure_v2.FBX using Guid(4190e4fa1b99e214e814d71652c164ef) Importer(2089858483,0ecaa5967403d082aa24f35e1b516d23) Generated GUIDs only implemented for interfaces!
 -> (artifact id: '6f25164063f14c116afa165e564f2218') in 0.042174 seconds 
========================================================================
Received Import Request.
  Time since last request: 0.000027 seconds.
  path: Assets/RTS_Scifi_game_assets/Models/Structures/Structure_v2/Structure_v2.prefab
  artifactKey: Guid(3011a6b85952555428f465b78c4c9adc) Importer(2089858483,0ecaa5967403d082aa24f35e1b516d23)
Start importing Assets/RTS_Scifi_game_assets/Models/Structures/Structure_v2/Structure_v2.prefab using Guid(3011a6b85952555428f465b78c4c9adc) Importer(2089858483,0ecaa5967403d082aa24f35e1b516d23) Generated GUIDs only implemented for interfaces!
 -> (artifact id: 'd5a489073ae339d4eebbac0891bad54d') in 0.027128 seconds 
========================================================================
Received Import Request.
  Time since last request: 0.000024 seconds.
  path: Assets/RTS_Scifi_game_assets/Models/Vehicle/Vehicle_v3/Source/Vehicle_v3_Mask.tga
  artifactKey: Guid(4413dbdff244aaa439276b398ef3ffd6) Importer(2089858483,0ecaa5967403d082aa24f35e1b516d23)
Start importing Assets/RTS_Scifi_game_assets/Models/Vehicle/Vehicle_v3/Source/Vehicle_v3_Mask.tga using Guid(4413dbdff244aaa439276b398ef3ffd6) Importer(2089858483,0ecaa5967403d082aa24f35e1b516d23) Generated GUIDs only implemented for interfaces!
 -> (artifact id: '3c24412fa38008a9df0f06866d7b08ec') in 0.031153 seconds 
========================================================================
Received Import Request.
  Time since last request: 0.000032 seconds.
  path: Assets/RTS_Scifi_game_assets/SFX/Weapons/Small_Oneshot_Laser/Small_Oneshot_Laser_v1.wav
  artifactKey: Guid(12f247f63dc6c6c4b96502eb01783e95) Importer(2089858483,0ecaa5967403d082aa24f35e1b516d23)
Start importing Assets/RTS_Scifi_game_assets/SFX/Weapons/Small_Oneshot_Laser/Small_Oneshot_Laser_v1.wav using Guid(12f247f63dc6c6c4b96502eb01783e95) Importer(2089858483,0ecaa5967403d082aa24f35e1b516d23) Generated GUIDs only implemented for interfaces!
 -> (artifact id: '1af62f022f9e03d404aaad322632eba9') in 0.086855 seconds 
========================================================================
Received Import Request.
  Time since last request: 0.000028 seconds.
  path: Assets/RTS_Scifi_game_assets/Models/Structures/Structure_v2/Source/Structure_v2_doors.FBX
  artifactKey: Guid(64fdab3c10fb79c47b9e7a5ad0ea177f) Importer(2089858483,0ecaa5967403d082aa24f35e1b516d23)
Start importing Assets/RTS_Scifi_game_assets/Models/Structures/Structure_v2/Source/Structure_v2_doors.FBX using Guid(64fdab3c10fb79c47b9e7a5ad0ea177f) Importer(2089858483,0ecaa5967403d082aa24f35e1b516d23) Generated GUIDs only implemented for interfaces!
 -> (artifact id: 'eeae07373a1c544037812c72a95d7156') in 0.028850 seconds 
========================================================================
Received Import Request.
  Time since last request: 0.000039 seconds.
  path: Assets/RTS_Scifi_game_assets/UI/Unit_Selection/Source/Unit_Selection_v1.tga
  artifactKey: Guid(f07bbd8686b52084a8cfa2db829d9274) Importer(2089858483,0ecaa5967403d082aa24f35e1b516d23)
Start importing Assets/RTS_Scifi_game_assets/UI/Unit_Selection/Source/Unit_Selection_v1.tga using Guid(f07bbd8686b52084a8cfa2db829d9274) Importer(2089858483,0ecaa5967403d082aa24f35e1b516d23) Generated GUIDs only implemented for interfaces!
 -> (artifact id: '2ff180bf1c0a35d8619364b7fff73306') in 0.018376 seconds 
========================================================================
Received Import Request.
  Time since last request: 0.000024 seconds.
  path: Assets/whitefloor.jpg
  artifactKey: Guid(95e11de313ffaf44d80e5ef1c0f78343) Importer(2089858483,0ecaa5967403d082aa24f35e1b516d23)
Start importing Assets/whitefloor.jpg using Guid(95e11de313ffaf44d80e5ef1c0f78343) Importer(2089858483,0ecaa5967403d082aa24f35e1b516d23) Generated GUIDs only implemented for interfaces!
 -> (artifact id: '6a8e7e892a5bd84989ff66741562a3e8') in 0.024978 seconds 
========================================================================
Received Import Request.
  Time since last request: 0.000033 seconds.
  path: Assets/Jammo-Character/Scenes/JammoScene/LightingData.asset
  artifactKey: Guid(d920f0d5477a8a24298b99e3e17bc623) Importer(2089858483,0ecaa5967403d082aa24f35e1b516d23)
Start importing Assets/Jammo-Character/Scenes/JammoScene/LightingData.asset using Guid(d920f0d5477a8a24298b99e3e17bc623) Importer(2089858483,0ecaa5967403d082aa24f35e1b516d23) Generated GUIDs only implemented for interfaces!
 -> (artifact id: 'efe6940b612d0c0707b21e5cc84d840e') in 0.012346 seconds 
========================================================================
Received Import Request.
  Time since last request: 0.000025 seconds.
  path: Assets/RTS_Scifi_game_assets/Models/Vehicle/Vehicle_v1/Source/Weapon/Laser_tower_v1/Laser_tower_v1.FBX
  artifactKey: Guid(e0d75df32d5a9b9438b98882995f1859) Importer(2089858483,0ecaa5967403d082aa24f35e1b516d23)
Start importing Assets/RTS_Scifi_game_assets/Models/Vehicle/Vehicle_v1/Source/Weapon/Laser_tower_v1/Laser_tower_v1.FBX using Guid(e0d75df32d5a9b9438b98882995f1859) Importer(2089858483,0ecaa5967403d082aa24f35e1b516d23) Generated GUIDs only implemented for interfaces!
 -> (artifact id: 'a84bd5b00dfb0742ee6048eabd579372') in 0.021309 seconds 
========================================================================
Received Import Request.
  Time since last request: 0.000022 seconds.
  path: Assets/RTS_Scifi_game_assets/Models/Vehicle/Vehicle_v3/Source/Vehicle_v3_EM.tga
  artifactKey: Guid(c2502809457b05e42b4ec2b43760cd17) Importer(2089858483,0ecaa5967403d082aa24f35e1b516d23)
Start importing Assets/RTS_Scifi_game_assets/Models/Vehicle/Vehicle_v3/Source/Vehicle_v3_EM.tga using Guid(c2502809457b05e42b4ec2b43760cd17) Importer(2089858483,0ecaa5967403d082aa24f35e1b516d23) Generated GUIDs only implemented for interfaces!
 -> (artifact id: '5bf37b20040fc6cb71370b47ddcfcecb') in 0.030208 seconds 
========================================================================
Received Import Request.
  Time since last request: 0.000020 seconds.
  path: Assets/RTS_Scifi_game_assets/VFX/Weapons/Plasma/Plasma_v1/Source/Plasma_flame_v1.tga
  artifactKey: Guid(8c557c9d2cdc35e4fa106a344c8bcc49) Importer(2089858483,0ecaa5967403d082aa24f35e1b516d23)
Start importing Assets/RTS_Scifi_game_assets/VFX/Weapons/Plasma/Plasma_v1/Source/Plasma_flame_v1.tga using Guid(8c557c9d2cdc35e4fa106a344c8bcc49) Importer(2089858483,0ecaa5967403d082aa24f35e1b516d23) Generated GUIDs only implemented for interfaces!
 -> (artifact id: '640a01d78be44f63818081c157e10cba') in 0.019637 seconds 
========================================================================
Received Import Request.
  Time since last request: 0.000027 seconds.
  path: Assets/RTS_Scifi_game_assets/Models/Universal_textures/Tank_track_v1/Tank_track_v1_NM.tga
  artifactKey: Guid(4ef4623973556984a935ead69509465d) Importer(2089858483,0ecaa5967403d082aa24f35e1b516d23)
Start importing Assets/RTS_Scifi_game_assets/Models/Universal_textures/Tank_track_v1/Tank_track_v1_NM.tga using Guid(4ef4623973556984a935ead69509465d) Importer(2089858483,0ecaa5967403d082aa24f35e1b516d23) Generated GUIDs only implemented for interfaces!
 -> (artifact id: '0c4c62e0c53c6bb0cb6158c180bfe16d') in 0.035660 seconds 
========================================================================
Received Import Request.
  Time since last request: 0.000032 seconds.
  path: Assets/Jammo-Character/Scripts/CharacterSkinController.cs
  artifactKey: Guid(bbb6cae19ece4b848b976432ca8b3cfb) Importer(2089858483,0ecaa5967403d082aa24f35e1b516d23)
Start importing Assets/Jammo-Character/Scripts/CharacterSkinController.cs using Guid(bbb6cae19ece4b848b976432ca8b3cfb) Importer(2089858483,0ecaa5967403d082aa24f35e1b516d23) Generated GUIDs only implemented for interfaces!
 -> (artifact id: 'cc317c683c59ccfd262541455f7510f2') in 0.018438 seconds 
========================================================================
Received Import Request.
  Time since last request: 0.000036 seconds.
  path: Assets/RTS_Scifi_game_assets/Models/Universal_textures/Tank_track_v1/Tank_track_v1_SG.tga
  artifactKey: Guid(d423e2032efe53244835dfe8d21a602b) Importer(2089858483,0ecaa5967403d082aa24f35e1b516d23)
Start importing Assets/RTS_Scifi_game_assets/Models/Universal_textures/Tank_track_v1/Tank_track_v1_SG.tga using Guid(d423e2032efe53244835dfe8d21a602b) Importer(2089858483,0ecaa5967403d082aa24f35e1b516d23) Generated GUIDs only implemented for interfaces!
 -> (artifact id: 'dc3b2c1f3e08ef4bb1a6fd6c80513b99') in 0.027281 seconds 
========================================================================
Received Import Request.
  Time since last request: 0.000028 seconds.
  path: Assets/RTS_Scifi_game_assets/SFX/Weapons/Small_Impulse_Laser/Small_Impulse_Laser_v1.wav
  artifactKey: Guid(e669ca497cb231142a9d5a59008bfdc9) Importer(2089858483,0ecaa5967403d082aa24f35e1b516d23)
Start importing Assets/RTS_Scifi_game_assets/SFX/Weapons/Small_Impulse_Laser/Small_Impulse_Laser_v1.wav using Guid(e669ca497cb231142a9d5a59008bfdc9) Importer(2089858483,0ecaa5967403d082aa24f35e1b516d23) Generated GUIDs only implemented for interfaces!
 -> (artifact id: '456b47852c204d1be891ca69a156e3ee') in 0.079583 seconds 
========================================================================
Received Import Request.
  Time since last request: 0.000020 seconds.
  path: Assets/RTS_Scifi_game_assets/VFX/Weapons/Plasma/Plasma_v1/Plasma_Hit_FX_v1.prefab
  artifactKey: Guid(3d86ef6ae2388d14db98526656659f68) Importer(2089858483,0ecaa5967403d082aa24f35e1b516d23)
Start importing Assets/RTS_Scifi_game_assets/VFX/Weapons/Plasma/Plasma_v1/Plasma_Hit_FX_v1.prefab using Guid(3d86ef6ae2388d14db98526656659f68) Importer(2089858483,0ecaa5967403d082aa24f35e1b516d23) Generated GUIDs only implemented for interfaces!
 -> (artifact id: '28de2ad9dc21ec216ea489a9689c5249') in 0.026542 seconds 
========================================================================
Received Import Request.
  Time since last request: 0.000020 seconds.
  path: Assets/RTS_Scifi_game_assets/Models/Turrets/Turret_v1.prefab
  artifactKey: Guid(5ae37b5c6421a9348b5bb44a7d422962) Importer(2089858483,0ecaa5967403d082aa24f35e1b516d23)
Start importing Assets/RTS_Scifi_game_assets/Models/Turrets/Turret_v1.prefab using Guid(5ae37b5c6421a9348b5bb44a7d422962) Importer(2089858483,0ecaa5967403d082aa24f35e1b516d23) Generated GUIDs only implemented for interfaces!
 -> (artifact id: 'bd2ed5d4c6f6de94bad6c985a065a12b') in 0.016626 seconds 
========================================================================
Received Import Request.
  Time since last request: 0.000028 seconds.
  path: Assets/RTS_Scifi_game_assets/Models/Structures/Structure_v1/Source/Structure_v1.tga
  artifactKey: Guid(b2f746f5f41fb38449c4bf1d23d6698f) Importer(2089858483,0ecaa5967403d082aa24f35e1b516d23)
Start importing Assets/RTS_Scifi_game_assets/Models/Structures/Structure_v1/Source/Structure_v1.tga using Guid(b2f746f5f41fb38449c4bf1d23d6698f) Importer(2089858483,0ecaa5967403d082aa24f35e1b516d23) Generated GUIDs only implemented for interfaces!
 -> (artifact id: '87f6d7bb45de1baa5b83745687d11a35') in 0.028897 seconds 
========================================================================
Received Import Request.
  Time since last request: 0.000028 seconds.
  path: Assets/Jammo-Character/Textures/mixbot_low_mixamo_edit1_AlbedoTransparency.png
  artifactKey: Guid(fb6e06c953f0d8045bc58e0f5a640f07) Importer(2089858483,0ecaa5967403d082aa24f35e1b516d23)
Start importing Assets/Jammo-Character/Textures/mixbot_low_mixamo_edit1_AlbedoTransparency.png using Guid(fb6e06c953f0d8045bc58e0f5a640f07) Importer(2089858483,0ecaa5967403d082aa24f35e1b516d23) Generated GUIDs only implemented for interfaces!
 -> (artifact id: '706cd7190314a28d654b6a87fc4e3ddc') in 0.022812 seconds 
========================================================================
Received Import Request.
  Time since last request: 0.000038 seconds.
  path: Assets/Materials/greyfloor.mat
  artifactKey: Guid(3fce7ebac5a9f5848bea2e5859910373) Importer(2089858483,0ecaa5967403d082aa24f35e1b516d23)
Start importing Assets/Materials/greyfloor.mat using Guid(3fce7ebac5a9f5848bea2e5859910373) Importer(2089858483,0ecaa5967403d082aa24f35e1b516d23) Generated GUIDs only implemented for interfaces!
 -> (artifact id: '8bbed152fdfb6cca6c846cb8c2f73059') in 0.015555 seconds 
========================================================================
Received Import Request.
  Time since last request: 0.000028 seconds.
  path: Assets/Jammo-Character/Scenes/JammoScene_Profiles/GameObject Profile.asset
  artifactKey: Guid(beb8e357b61332141b55e69963cf4f96) Importer(2089858483,0ecaa5967403d082aa24f35e1b516d23)
Start importing Assets/Jammo-Character/Scenes/JammoScene_Profiles/GameObject Profile.asset using Guid(beb8e357b61332141b55e69963cf4f96) Importer(2089858483,0ecaa5967403d082aa24f35e1b516d23) Generated GUIDs only implemented for interfaces!
 -> (artifact id: 'a3c85fad78e0b4aea15ff0665c1de1f3') in 0.023682 seconds 
========================================================================
Received Import Request.
  Time since last request: 0.000024 seconds.
  path: Assets/Jammo-Character/Animations/Default/a_Idle.anim
  artifactKey: Guid(6b64f85c5ee58984a8e4d87ffdce9b5d) Importer(2089858483,0ecaa5967403d082aa24f35e1b516d23)
Start importing Assets/Jammo-Character/Animations/Default/a_Idle.anim using Guid(6b64f85c5ee58984a8e4d87ffdce9b5d) Importer(2089858483,0ecaa5967403d082aa24f35e1b516d23) Generated GUIDs only implemented for interfaces!
 -> (artifact id: '8b0d7ab3d29324e75666ad80cb34d663') in 0.020077 seconds 
========================================================================
Received Import Request.
  Time since last request: 0.000029 seconds.
  path: Assets/NewLayer 2.terrainlayer
  artifactKey: Guid(d870bb5c2abc3a8419ccd1ead4e761ab) Importer(2089858483,0ecaa5967403d082aa24f35e1b516d23)
Start importing Assets/NewLayer 2.terrainlayer using Guid(d870bb5c2abc3a8419ccd1ead4e761ab) Importer(2089858483,0ecaa5967403d082aa24f35e1b516d23) Generated GUIDs only implemented for interfaces!
 -> (artifact id: '3c20f094e1eb520ca20a85a999bd7c18') in 0.021980 seconds 
========================================================================
Received Import Request.
  Time since last request: 0.000022 seconds.
  path: Assets/NewLayer.terrainlayer
  artifactKey: Guid(10962345969096342adf31c86639a2e2) Importer(2089858483,0ecaa5967403d082aa24f35e1b516d23)
Start importing Assets/NewLayer.terrainlayer using Guid(10962345969096342adf31c86639a2e2) Importer(2089858483,0ecaa5967403d082aa24f35e1b516d23) Generated GUIDs only implemented for interfaces!
 -> (artifact id: '94062e56b546c1477b732dd01f1ba717') in 0.018669 seconds 
========================================================================
Received Import Request.
  Time since last request: 0.000023 seconds.
  path: Assets/Jammo-Character/Scripts/MovementInput.cs
  artifactKey: Guid(caa9f165e2b4f1a4f9522501717c095d) Importer(2089858483,0ecaa5967403d082aa24f35e1b516d23)
Start importing Assets/Jammo-Character/Scripts/MovementInput.cs using Guid(caa9f165e2b4f1a4f9522501717c095d) Importer(2089858483,0ecaa5967403d082aa24f35e1b516d23) Generated GUIDs only implemented for interfaces!
 -> (artifact id: 'ef17e9a9a8ac66ccafe14f6a52a13d19') in 0.010843 seconds 
========================================================================
Received Import Request.
  Time since last request: 0.000020 seconds.
  path: Assets/RTS_Scifi_game_assets/Models/Universal_textures/Tank_track_v1/New Material.mat
  artifactKey: Guid(14612bc18140fed438df3640441e88b9) Importer(2089858483,0ecaa5967403d082aa24f35e1b516d23)
Start importing Assets/RTS_Scifi_game_assets/Models/Universal_textures/Tank_track_v1/New Material.mat using Guid(14612bc18140fed438df3640441e88b9) Importer(2089858483,0ecaa5967403d082aa24f35e1b516d23) Generated GUIDs only implemented for interfaces!
 -> (artifact id: '596951d06e8337c8d8c42cc07ada976a') in 0.031274 seconds 
========================================================================
Received Import Request.
  Time since last request: 0.000025 seconds.
  path: Assets/RTS_Scifi_game_assets/SFX/Weapons/Big_Laser/Big_Laser_v1.wav
  artifactKey: Guid(6e258e5716849ce489c9ab37b2a474ec) Importer(2089858483,0ecaa5967403d082aa24f35e1b516d23)
Start importing Assets/RTS_Scifi_game_assets/SFX/Weapons/Big_Laser/Big_Laser_v1.wav using Guid(6e258e5716849ce489c9ab37b2a474ec) Importer(2089858483,0ecaa5967403d082aa24f35e1b516d23) Generated GUIDs only implemented for interfaces!
 -> (artifact id: 'e34839219f773f9e0ff480d756f3930c') in 0.078357 seconds 
========================================================================
Received Import Request.
  Time since last request: 0.000029 seconds.
  path: Assets/RTS_Scifi_game_assets/Models/Vehicle/Vehicle_v3/Source/Vehicle_v3.tga
  artifactKey: Guid(0d91a4d0b4bf64f4fb87a38af220ae24) Importer(2089858483,0ecaa5967403d082aa24f35e1b516d23)
Start importing Assets/RTS_Scifi_game_assets/Models/Vehicle/Vehicle_v3/Source/Vehicle_v3.tga using Guid(0d91a4d0b4bf64f4fb87a38af220ae24) Importer(2089858483,0ecaa5967403d082aa24f35e1b516d23) Generated GUIDs only implemented for interfaces!
 -> (artifact id: 'aa25aa3911059c94ed8c3551d50cbee9') in 0.030972 seconds 
========================================================================
Received Import Request.
  Time since last request: 0.000034 seconds.
  path: Assets/Jammo-Character/Animations/Victory Idle.anim
  artifactKey: Guid(13a6028bbfeabbe4a91cb3339acabfa4) Importer(2089858483,0ecaa5967403d082aa24f35e1b516d23)
Start importing Assets/Jammo-Character/Animations/Victory Idle.anim using Guid(13a6028bbfeabbe4a91cb3339acabfa4) Importer(2089858483,0ecaa5967403d082aa24f35e1b516d23) Generated GUIDs only implemented for interfaces!
 -> (artifact id: '0deec6cf8638cfb79b1c02be059d1f27') in 0.049978 seconds 
========================================================================
Received Import Request.
  Time since last request: 0.000026 seconds.
  path: Assets/RTS_Scifi_game_assets/Models/Turrets/Source/Turret_v1_NM.tga
  artifactKey: Guid(5d1eb3ae5cb59ec47a31095956c1fd31) Importer(2089858483,0ecaa5967403d082aa24f35e1b516d23)
Start importing Assets/RTS_Scifi_game_assets/Models/Turrets/Source/Turret_v1_NM.tga using Guid(5d1eb3ae5cb59ec47a31095956c1fd31) Importer(2089858483,0ecaa5967403d082aa24f35e1b516d23) Generated GUIDs only implemented for interfaces!
 -> (artifact id: '4b3a5dde6c4d5a07876e35bd467313a1') in 0.022224 seconds 
========================================================================
Received Import Request.
  Time since last request: 0.000039 seconds.
  path: Assets/RTS_Scifi_game_assets/Models/Turrets/Source/Turret_v1_blue.tga
  artifactKey: Guid(94c4a16eebdc45e45a68dc91407cb0b5) Importer(2089858483,0ecaa5967403d082aa24f35e1b516d23)
Start importing Assets/RTS_Scifi_game_assets/Models/Turrets/Source/Turret_v1_blue.tga using Guid(94c4a16eebdc45e45a68dc91407cb0b5) Importer(2089858483,0ecaa5967403d082aa24f35e1b516d23) Generated GUIDs only implemented for interfaces!
 -> (artifact id: '1653404793d5d65db88ea55e351073a4') in 0.032802 seconds 
========================================================================
Received Import Request.
  Time since last request: 0.000028 seconds.
  path: Assets/RTS_Scifi_game_assets/Models/Vehicle/Vehicle_v1/Source/Vehicle_v1_NM.tga
  artifactKey: Guid(938cf56165e42644698e4bc940a387e0) Importer(2089858483,0ecaa5967403d082aa24f35e1b516d23)
Start importing Assets/RTS_Scifi_game_assets/Models/Vehicle/Vehicle_v1/Source/Vehicle_v1_NM.tga using Guid(938cf56165e42644698e4bc940a387e0) Importer(2089858483,0ecaa5967403d082aa24f35e1b516d23) Generated GUIDs only implemented for interfaces!
 -> (artifact id: 'a8fae8b52e44ea5b8975e56b5f19edfe') in 0.022634 seconds 
========================================================================
Received Import Request.
  Time since last request: 0.000028 seconds.
  path: Assets/RTS_Scifi_game_assets/Models/Structures/Structure_v3/Source/Structure_v3_NM.tga
  artifactKey: Guid(ae14aab62ab7daf489a0e27d608034b5) Importer(2089858483,0ecaa5967403d082aa24f35e1b516d23)
Start importing Assets/RTS_Scifi_game_assets/Models/Structures/Structure_v3/Source/Structure_v3_NM.tga using Guid(ae14aab62ab7daf489a0e27d608034b5) Importer(2089858483,0ecaa5967403d082aa24f35e1b516d23) Generated GUIDs only implemented for interfaces!
 -> (artifact id: '4e251e0352ccf3267e29eaf01b577b02') in 0.032472 seconds 
========================================================================
Received Import Request.
  Time since last request: 0.000024 seconds.
  path: Assets/RTS_Scifi_game_assets/Models/Structures/Structure_v2/Source/Structure_v2_NM.tga
  artifactKey: Guid(903377fa770479641b2511356cb4b68f) Importer(2089858483,0ecaa5967403d082aa24f35e1b516d23)
Start importing Assets/RTS_Scifi_game_assets/Models/Structures/Structure_v2/Source/Structure_v2_NM.tga using Guid(903377fa770479641b2511356cb4b68f) Importer(2089858483,0ecaa5967403d082aa24f35e1b516d23) Generated GUIDs only implemented for interfaces!
 -> (artifact id: 'ab630ea2c3cadcc947b0da95a241def1') in 0.027591 seconds 
========================================================================
Received Prepare
Refreshing native plugins compatible for Editor in 9.17 ms, found 4 plugins.
Preloading 0 native plugins for Editor in 0.00 ms.
Unloading 52 Unused Serialized files (Serialized files now loaded: 0)
Unloading 52 unused Assets / (2.0 MB). Loaded Objects now: 6282.
Memory consumption went from 122.0 MB to 119.9 MB.
Total: 5.439300 ms (FindLiveObjects: 0.526300 ms CreateObjectMapping: 0.194500 ms MarkObjects: 4.149500 ms  DeleteObjects: 0.567700 ms)

AssetImportParameters requested are different than current active one (requested -> active):
  custom:video-decoder-ogg-theora: a1e56fd34408186e4bbccfd4996cb3dc -> 
  custom:container-muxer-webm: aa71ff27fc2769a1b78a27578f13a17b -> 
  custom:container-demuxer-webm: 4f35f7cbe854078d1ac9338744f61a02 -> 
  custom:video-encoder-webm-vp8: eb34c28f22e8b96e1ab97ce403110664 -> 
  custom:audio-encoder-webm-vorbis: bf7c407c2cedff20999df2af8eb42d56 -> 
  custom:framework-win-MediaFoundation: 216162199b28c13a410421893ffa2e32 -> 
  custom:SearchIndexIgnoredProperties: e643bd26f0fe6173181afceb89e7c659 -> 
  custom:container-demuxer-ogg: 62fdf1f143b41e24485cea50d1cbac27 -> 
  custom:video-decoder-webm-vp8: 9c59270c3fd7afecdb556c50c9e8de78 -> 
  custom:audio-decoder-ogg-vorbis: bf7c407c2cedff20999df2af8eb42d56 -> 
Editor requested this worker to shutdown with reason: Scaling down because of idle timeout
AssetImportWorker is now disconnected from the server
Process exiting
Exiting without the bug reporter. Application will terminate with return code 0